<?xml version="1.0" encoding="UTF-8"?>
<coverage generated="1781172191752" clover="3.2.0">
  <project timestamp="1781172191752" name="All files">
    <metrics statements="150" coveredstatements="137" conditionals="108" coveredconditionals="70" methods="40" coveredmethods="39" elements="298" coveredelements="246" complexity="0" loc="150" ncloc="150" packages="1" files="2" classes="2"/>
    <file name="carbon-engine.js" path="C:\Users\gupta\.gemini\antigravity\scratch\eco-mind\js\carbon-engine.js">
      <metrics statements="76" coveredstatements="69" conditionals="67" coveredconditionals="39" methods="19" coveredmethods="19"/>
      <line num="10" count="1" type="stmt"/>
      <line num="15" count="1" type="stmt"/>
      <line num="39" count="1" type="stmt"/>
      <line num="66" count="1" type="stmt"/>
      <line num="90" count="1" type="stmt"/>
      <line num="121" count="1" type="stmt"/>
      <line num="147" count="1" type="stmt"/>
      <line num="165" count="1" type="stmt"/>
      <line num="177" count="1" type="stmt"/>
      <line num="338" count="1" type="stmt"/>
      <line num="411" count="1" type="stmt"/>
      <line num="422" count="1" type="cond" truecount="1" falsecount="1"/>
      <line num="423" count="1" type="stmt"/>
      <line num="431" count="3" type="cond" truecount="2" falsecount="0"/>
      <line num="432" count="3" type="cond" truecount="1" falsecount="1"/>
      <line num="442" count="1" type="cond" truecount="1" falsecount="1"/>
      <line num="443" count="1" type="cond" truecount="1" falsecount="1"/>
      <line num="444" count="1" type="stmt"/>
      <line num="453" count="1" type="stmt"/>
      <line num="454" count="21" type="stmt"/>
      <line num="460" count="70" type="stmt"/>
      <line num="470" count="2" type="stmt"/>
      <line num="471" count="2" type="stmt"/>
      <line num="483" count="1" type="cond" truecount="2" falsecount="0"/>
      <line num="484" count="1" type="stmt"/>
      <line num="485" count="1" type="stmt"/>
      <line num="496" count="1" type="cond" truecount="1" falsecount="1"/>
      <line num="497" count="1" type="stmt"/>
      <line num="499" count="1" type="cond" truecount="1" falsecount="1"/>
      <line num="500" count="1" type="stmt"/>
      <line num="501" count="1" type="cond" truecount="1" falsecount="1"/>
      <line num="503" count="1" type="stmt"/>
      <line num="504" count="1" type="stmt"/>
      <line num="524" count="1" type="cond" truecount="1" falsecount="1"/>
      <line num="527" count="1" type="cond" truecount="1" falsecount="1"/>
      <line num="528" count="0" type="stmt"/>
      <line num="529" count="1" type="cond" truecount="1" falsecount="1"/>
      <line num="530" count="1" type="stmt"/>
      <line num="532" count="0" type="cond" truecount="0" falsecount="3"/>
      <line num="534" count="0" type="stmt"/>
      <line num="535" count="0" type="stmt"/>
      <line num="537" count="0" type="stmt"/>
      <line num="538" count="0" type="stmt"/>
      <line num="540" count="0" type="stmt"/>
      <line num="545" count="1" type="cond" truecount="1" falsecount="1"/>
      <line num="546" count="1" type="stmt"/>
      <line num="556" count="1" type="cond" truecount="2" falsecount="0"/>
      <line num="557" count="1" type="cond" truecount="2" falsecount="0"/>
      <line num="558" count="1" type="stmt"/>
      <line num="571" count="1" type="cond" truecount="1" falsecount="1"/>
      <line num="572" count="1" type="stmt"/>
      <line num="582" count="1" type="cond" truecount="2" falsecount="0"/>
      <line num="583" count="1" type="stmt"/>
      <line num="594" count="2" type="stmt"/>
      <line num="595" count="2" type="cond" truecount="1" falsecount="1"/>
      <line num="597" count="2" type="cond" truecount="1" falsecount="1"/>
      <line num="601" count="2" type="stmt"/>
      <line num="602" count="94" type="stmt"/>
      <line num="603" count="43" type="cond" truecount="2" falsecount="0"/>
      <line num="607" count="43" type="cond" truecount="4" falsecount="0"/>
      <line num="608" count="1" type="stmt"/>
      <line num="611" count="1" type="stmt"/>
      <line num="625" count="1" type="stmt"/>
      <line num="626" count="1" type="stmt"/>
      <line num="627" count="1" type="stmt"/>
      <line num="634" count="1" type="cond" truecount="1" falsecount="1"/>
      <line num="635" count="1" type="cond" truecount="1" falsecount="1"/>
      <line num="636" count="1" type="cond" truecount="1" falsecount="1"/>
      <line num="637" count="1" type="cond" truecount="1" falsecount="1"/>
      <line num="638" count="1" type="stmt"/>
      <line num="645" count="1" type="stmt"/>
      <line num="657" count="1" type="stmt"/>
      <line num="681" count="1" type="cond" truecount="1" falsecount="1"/>
      <line num="682" count="1" type="stmt"/>
      <line num="685" count="1" type="cond" truecount="3" falsecount="1"/>
      <line num="686" count="1" type="stmt"/>
    </file>
    <file name="storage.js" path="C:\Users\gupta\.gemini\antigravity\scratch\eco-mind\js\storage.js">
      <metrics statements="74" coveredstatements="68" conditionals="41" coveredconditionals="31" methods="21" coveredmethods="20"/>
      <line num="8" count="1" type="stmt"/>
      <line num="9" count="1" type="stmt"/>
      <line num="12" count="31" type="stmt"/>
      <line num="19" count="6" type="stmt"/>
      <line num="20" count="6" type="stmt"/>
      <line num="22" count="0" type="stmt"/>
      <line num="30" count="24" type="stmt"/>
      <line num="31" count="24" type="stmt"/>
      <line num="32" count="24" type="cond" truecount="2" falsecount="0"/>
      <line num="34" count="0" type="stmt"/>
      <line num="42" count="1" type="stmt"/>
      <line num="49" count="1" type="cond" truecount="1" falsecount="1"/>
      <line num="50" count="0" type="stmt"/>
      <line num="51" count="0" type="stmt"/>
      <line num="53" count="1" type="stmt"/>
      <line num="54" count="4" type="stmt"/>
      <line num="55" count="0" type="stmt"/>
      <line num="67" count="2" type="stmt"/>
      <line num="68" count="2" type="stmt"/>
      <line num="77" count="2" type="cond" truecount="3" falsecount="1"/>
      <line num="78" count="2" type="stmt"/>
      <line num="79" count="2" type="stmt"/>
      <line num="80" count="2" type="stmt"/>
      <line num="87" count="14" type="stmt"/>
      <line num="88" count="14" type="cond" truecount="4" falsecount="0"/>
      <line num="89" count="11" type="stmt"/>
      <line num="90" count="11" type="stmt"/>
      <line num="91" count="11" type="cond" truecount="4" falsecount="0"/>
      <line num="99" count="2" type="stmt"/>
      <line num="100" count="1" type="stmt"/>
      <line num="107" count="1" type="stmt"/>
      <line num="108" count="1" type="stmt"/>
      <line num="109" count="1" type="stmt"/>
      <line num="110" count="1" type="stmt"/>
      <line num="111" count="1" type="cond" truecount="1" falsecount="1"/>
      <line num="112" count="1" type="cond" truecount="2" falsecount="0"/>
      <line num="113" count="1" type="stmt"/>
      <line num="115" count="1" type="stmt"/>
      <line num="122" count="1" type="stmt"/>
      <line num="123" count="1" type="stmt"/>
      <line num="124" count="7" type="stmt"/>
      <line num="125" count="7" type="stmt"/>
      <line num="126" count="7" type="stmt"/>
      <line num="127" count="7" type="stmt"/>
      <line num="128" count="7" type="stmt"/>
      <line num="129" count="7" type="stmt"/>
      <line num="135" count="1" type="stmt"/>
      <line num="142" count="1" type="stmt"/>
      <line num="143" count="1" type="stmt"/>
      <line num="144" count="4" type="stmt"/>
      <line num="145" count="4" type="stmt"/>
      <line num="146" count="4" type="stmt"/>
      <line num="147" count="4" type="stmt"/>
      <line num="148" count="4" type="stmt"/>
      <line num="149" count="4" type="stmt"/>
      <line num="150" count="4" type="stmt"/>
      <line num="151" count="4" type="stmt"/>
      <line num="152" count="4" type="stmt"/>
      <line num="154" count="1" type="stmt"/>
      <line num="162" count="5" type="stmt"/>
      <line num="175" count="2" type="stmt"/>
      <line num="176" count="2" type="stmt"/>
      <line num="184" count="1" type="stmt"/>
      <line num="185" count="1" type="stmt"/>
      <line num="186" count="1" type="stmt"/>
      <line num="188" count="1" type="cond" truecount="1" falsecount="1"/>
      <line num="189" count="0" type="cond" truecount="0" falsecount="2"/>
      <line num="190" count="1" type="cond" truecount="1" falsecount="1"/>
      <line num="191" count="1" type="stmt"/>
      <line num="195" count="1" type="stmt"/>
      <line num="213" count="1" type="cond" truecount="1" falsecount="1"/>
      <line num="214" count="1" type="stmt"/>
      <line num="217" count="1" type="cond" truecount="3" falsecount="1"/>
      <line num="218" count="1" type="stmt"/>
    </file>
  </project>
</coverage>
