{"C:\\Users\\gupta\\.gemini\\antigravity\\scratch\\eco-mind\\js\\carbon-engine.js": {"path":"C:\\Users\\gupta\\.gemini\\antigravity\\scratch\\eco-mind\\js\\carbon-engine.js","statementMap":{"0":{"start":{"line":10,"column":21},"end":{"line":678,"column":4}},"1":{"start":{"line":15,"column":23},"end":{"line":33,"column":3}},"2":{"start":{"line":39,"column":28},"end":{"line":61,"column":3}},"3":{"start":{"line":66,"column":23},"end":{"line":85,"column":3}},"4":{"start":{"line":90,"column":27},"end":{"line":115,"column":3}},"5":{"start":{"line":121,"column":26},"end":{"line":141,"column":3}},"6":{"start":{"line":147,"column":26},"end":{"line":160,"column":3}},"7":{"start":{"line":165,"column":32},"end":{"line":172,"column":3}},"8":{"start":{"line":177,"column":31},"end":{"line":333,"column":3}},"9":{"start":{"line":338,"column":32},"end":{"line":406,"column":3}},"10":{"start":{"line":411,"column":22},"end":{"line":411,"column":26}},"11":{"start":{"line":422,"column":4},"end":{"line":424,"column":5}},"12":{"start":{"line":423,"column":6},"end":{"line":423,"column":33}},"13":{"start":{"line":431,"column":17},"end":{"line":431,"column":44}},"14":{"start":{"line":432,"column":4},"end":{"line":432,"column":64}},"15":{"start":{"line":442,"column":4},"end":{"line":442,"column":34}},"16":{"start":{"line":442,"column":25},"end":{"line":442,"column":34}},"17":{"start":{"line":443,"column":19},"end":{"line":443,"column":55}},"18":{"start":{"line":444,"column":4},"end":{"line":444,"column":56}},"19":{"start":{"line":453,"column":4},"end":{"line":460,"column":37}},"20":{"start":{"line":454,"column":49},"end":{"line":459,"column":7}},"21":{"start":{"line":460,"column":22},"end":{"line":460,"column":35}},"22":{"start":{"line":470,"column":23},"end":{"line":470,"column":48}},"23":{"start":{"line":471,"column":4},"end":{"line":471,"column":53}},"24":{"start":{"line":483,"column":23},"end":{"line":483,"column":54}},"25":{"start":{"line":484,"column":21},"end":{"line":484,"column":52}},"26":{"start":{"line":485,"column":4},"end":{"line":485,"column":49}},"27":{"start":{"line":496,"column":20},"end":{"line":496,"column":67}},"28":{"start":{"line":497,"column":23},"end":{"line":497,"column":55}},"29":{"start":{"line":499,"column":6},"end":{"line":499,"column":88}},"30":{"start":{"line":500,"column":25},"end":{"line":500,"column":56}},"31":{"start":{"line":501,"column":25},"end":{"line":501,"column":82}},"32":{"start":{"line":503,"column":18},"end":{"line":503,"column":94}},"33":{"start":{"line":504,"column":4},"end":{"line":512,"column":6}},"34":{"start":{"line":524,"column":16},"end":{"line":524,"column":38}},"35":{"start":{"line":527,"column":4},"end":{"line":542,"column":5}},"36":{"start":{"line":528,"column":6},"end":{"line":528,"column":60}},"37":{"start":{"line":529,"column":11},"end":{"line":542,"column":5}},"38":{"start":{"line":530,"column":6},"end":{"line":530,"column":62}},"39":{"start":{"line":532,"column":6},"end":{"line":541,"column":7}},"40":{"start":{"line":534,"column":10},"end":{"line":534,"column":69}},"41":{"start":{"line":535,"column":10},"end":{"line":535,"column":16}},"42":{"start":{"line":537,"column":10},"end":{"line":537,"column":71}},"43":{"start":{"line":538,"column":10},"end":{"line":538,"column":16}},"44":{"start":{"line":540,"column":10},"end":{"line":540,"column":69}},"45":{"start":{"line":545,"column":26},"end":{"line":545,"column":55}},"46":{"start":{"line":546,"column":4},"end":{"line":546,"column":76}},"47":{"start":{"line":556,"column":23},"end":{"line":556,"column":63}},"48":{"start":{"line":557,"column":24},"end":{"line":557,"column":92}},"49":{"start":{"line":558,"column":4},"end":{"line":561,"column":6}},"50":{"start":{"line":571,"column":19},"end":{"line":571,"column":49}},"51":{"start":{"line":572,"column":4},"end":{"line":572,"column":51}},"52":{"start":{"line":582,"column":19},"end":{"line":582,"column":87}},"53":{"start":{"line":583,"column":4},"end":{"line":583,"column":52}},"54":{"start":{"line":594,"column":22},"end":{"line":594,"column":40}},"55":{"start":{"line":595,"column":25},"end":{"line":595,"column":54}},"56":{"start":{"line":597,"column":24},"end":{"line":599,"column":28}},"57":{"start":{"line":601,"column":4},"end":{"line":610,"column":5}},"58":{"start":{"line":602,"column":26},"end":{"line":602,"column":89}},"59":{"start":{"line":602,"column":53},"end":{"line":602,"column":88}},"60":{"start":{"line":603,"column":27},"end":{"line":605,"column":14}},"61":{"start":{"line":607,"column":6},"end":{"line":609,"column":7}},"62":{"start":{"line":608,"column":8},"end":{"line":608,"column":72}},"63":{"start":{"line":611,"column":4},"end":{"line":611,"column":16}},"64":{"start":{"line":625,"column":17},"end":{"line":625,"column":20}},"65":{"start":{"line":626,"column":18},"end":{"line":626,"column":70}},"66":{"start":{"line":627,"column":4},"end":{"line":627,"column":46}},"67":{"start":{"line":634,"column":4},"end":{"line":634,"column":79}},"68":{"start":{"line":634,"column":22},"end":{"line":634,"column":79}},"69":{"start":{"line":635,"column":4},"end":{"line":635,"column":77}},"70":{"start":{"line":635,"column":22},"end":{"line":635,"column":77}},"71":{"start":{"line":636,"column":4},"end":{"line":636,"column":81}},"72":{"start":{"line":636,"column":22},"end":{"line":636,"column":81}},"73":{"start":{"line":637,"column":4},"end":{"line":637,"column":79}},"74":{"start":{"line":637,"column":22},"end":{"line":637,"column":79}},"75":{"start":{"line":638,"column":4},"end":{"line":638,"column":59}},"76":{"start":{"line":645,"column":4},"end":{"line":653,"column":6}},"77":{"start":{"line":657,"column":2},"end":{"line":677,"column":4}},"78":{"start":{"line":681,"column":0},"end":{"line":683,"column":1}},"79":{"start":{"line":682,"column":2},"end":{"line":682,"column":37}},"80":{"start":{"line":685,"column":0},"end":{"line":687,"column":1}},"81":{"start":{"line":686,"column":2},"end":{"line":686,"column":32}}},"fnMap":{"0":{"name":"(anonymous_0)","decl":{"start":{"line":10,"column":22},"end":{"line":10,"column":23}},"loc":{"start":{"line":10,"column":28},"end":{"line":678,"column":1}},"line":10},"1":{"name":"setRegion","decl":{"start":{"line":421,"column":11},"end":{"line":421,"column":20}},"loc":{"start":{"line":421,"column":33},"end":{"line":425,"column":3}},"line":421},"2":{"name":"getGridFactor","decl":{"start":{"line":430,"column":11},"end":{"line":430,"column":24}},"loc":{"start":{"line":430,"column":37},"end":{"line":433,"column":3}},"line":430},"3":{"name":"calcTransport","decl":{"start":{"line":441,"column":11},"end":{"line":441,"column":24}},"loc":{"start":{"line":441,"column":43},"end":{"line":445,"column":3}},"line":441},"4":{"name":"compareTransportModes","decl":{"start":{"line":452,"column":11},"end":{"line":452,"column":32}},"loc":{"start":{"line":452,"column":45},"end":{"line":461,"column":3}},"line":452},"5":{"name":"(anonymous_5)","decl":{"start":{"line":454,"column":11},"end":{"line":454,"column":12}},"loc":{"start":{"line":454,"column":49},"end":{"line":459,"column":7}},"line":454},"6":{"name":"(anonymous_6)","decl":{"start":{"line":460,"column":12},"end":{"line":460,"column":13}},"loc":{"start":{"line":460,"column":22},"end":{"line":460,"column":35}},"line":460},"7":{"name":"calcElectricity","decl":{"start":{"line":469,"column":11},"end":{"line":469,"column":26}},"loc":{"start":{"line":469,"column":44},"end":{"line":472,"column":3}},"line":469},"8":{"name":"calcAppliance","decl":{"start":{"line":482,"column":11},"end":{"line":482,"column":24}},"loc":{"start":{"line":482,"column":67},"end":{"line":486,"column":3}},"line":482},"9":{"name":"calcFoodDelivery","decl":{"start":{"line":495,"column":11},"end":{"line":495,"column":27}},"loc":{"start":{"line":495,"column":87},"end":{"line":513,"column":3}},"line":495},"10":{"name":"calcFlight","decl":{"start":{"line":523,"column":11},"end":{"line":523,"column":21}},"loc":{"start":{"line":523,"column":78},"end":{"line":547,"column":3}},"line":523},"11":{"name":"calcEcommerce","decl":{"start":{"line":555,"column":11},"end":{"line":555,"column":24}},"loc":{"start":{"line":555,"column":78},"end":{"line":562,"column":3}},"line":555},"12":{"name":"calcDigital","decl":{"start":{"line":570,"column":11},"end":{"line":570,"column":22}},"loc":{"start":{"line":570,"column":40},"end":{"line":573,"column":3}},"line":570},"13":{"name":"calcAccommodation","decl":{"start":{"line":581,"column":11},"end":{"line":581,"column":28}},"loc":{"start":{"line":581,"column":43},"end":{"line":584,"column":3}},"line":581},"14":{"name":"identifyEmailCategory","decl":{"start":{"line":593,"column":11},"end":{"line":593,"column":32}},"loc":{"start":{"line":593,"column":70},"end":{"line":612,"column":3}},"line":593},"15":{"name":"(anonymous_15)","decl":{"start":{"line":602,"column":46},"end":{"line":602,"column":47}},"loc":{"start":{"line":602,"column":53},"end":{"line":602,"column":88}},"line":602},"16":{"name":"computeEcoScore","decl":{"start":{"line":621,"column":11},"end":{"line":621,"column":26}},"loc":{"start":{"line":621,"column":41},"end":{"line":628,"column":3}},"line":621},"17":{"name":"getScoreLabel","decl":{"start":{"line":633,"column":11},"end":{"line":633,"column":24}},"loc":{"start":{"line":633,"column":32},"end":{"line":639,"column":3}},"line":633},"18":{"name":"getCatalogs","decl":{"start":{"line":644,"column":11},"end":{"line":644,"column":22}},"loc":{"start":{"line":644,"column":25},"end":{"line":654,"column":3}},"line":644}},"branchMap":{"0":{"loc":{"start":{"line":422,"column":4},"end":{"line":424,"column":5}},"type":"if","locations":[{"start":{"line":422,"column":4},"end":{"line":424,"column":5}},{"start":{},"end":{}}],"line":422},"1":{"loc":{"start":{"line":431,"column":17},"end":{"line":431,"column":44}},"type":"binary-expr","locations":[{"start":{"line":431,"column":17},"end":{"line":431,"column":27}},{"start":{"line":431,"column":31},"end":{"line":431,"column":44}}],"line":431},"2":{"loc":{"start":{"line":432,"column":11},"end":{"line":432,"column":63}},"type":"binary-expr","locations":[{"start":{"line":432,"column":11},"end":{"line":432,"column":37}},{"start":{"line":432,"column":41},"end":{"line":432,"column":63}}],"line":432},"3":{"loc":{"start":{"line":442,"column":4},"end":{"line":442,"column":34}},"type":"if","locations":[{"start":{"line":442,"column":4},"end":{"line":442,"column":34}},{"start":{},"end":{}}],"line":442},"4":{"loc":{"start":{"line":443,"column":19},"end":{"line":443,"column":55}},"type":"binary-expr","locations":[{"start":{"line":443,"column":19},"end":{"line":443,"column":50}},{"start":{"line":443,"column":54},"end":{"line":443,"column":55}}],"line":443},"5":{"loc":{"start":{"line":483,"column":23},"end":{"line":483,"column":54}},"type":"binary-expr","locations":[{"start":{"line":483,"column":23},"end":{"line":483,"column":49}},{"start":{"line":483,"column":53},"end":{"line":483,"column":54}}],"line":483},"6":{"loc":{"start":{"line":495,"column":38},"end":{"line":495,"column":61}},"type":"default-arg","locations":[{"start":{"line":495,"column":56},"end":{"line":495,"column":61}}],"line":495},"7":{"loc":{"start":{"line":495,"column":63},"end":{"line":495,"column":85}},"type":"default-arg","locations":[{"start":{"line":495,"column":84},"end":{"line":495,"column":85}}],"line":495},"8":{"loc":{"start":{"line":496,"column":20},"end":{"line":496,"column":67}},"type":"binary-expr","locations":[{"start":{"line":496,"column":20},"end":{"line":496,"column":42}},{"start":{"line":496,"column":46},"end":{"line":496,"column":67}}],"line":496},"9":{"loc":{"start":{"line":499,"column":6},"end":{"line":499,"column":88}},"type":"cond-expr","locations":[{"start":{"line":499,"column":24},"end":{"line":499,"column":54}},{"start":{"line":499,"column":57},"end":{"line":499,"column":88}}],"line":499},"10":{"loc":{"start":{"line":501,"column":25},"end":{"line":501,"column":82}},"type":"cond-expr","locations":[{"start":{"line":501,"column":43},"end":{"line":501,"column":78}},{"start":{"line":501,"column":81},"end":{"line":501,"column":82}}],"line":501},"11":{"loc":{"start":{"line":523,"column":34},"end":{"line":523,"column":57}},"type":"default-arg","locations":[{"start":{"line":523,"column":48},"end":{"line":523,"column":57}}],"line":523},"12":{"loc":{"start":{"line":523,"column":59},"end":{"line":523,"column":76}},"type":"default-arg","locations":[{"start":{"line":523,"column":72},"end":{"line":523,"column":76}}],"line":523},"13":{"loc":{"start":{"line":524,"column":16},"end":{"line":524,"column":38}},"type":"cond-expr","locations":[{"start":{"line":524,"column":29},"end":{"line":524,"column":32}},{"start":{"line":524,"column":35},"end":{"line":524,"column":38}}],"line":524},"14":{"loc":{"start":{"line":527,"column":4},"end":{"line":542,"column":5}},"type":"if","locations":[{"start":{"line":527,"column":4},"end":{"line":542,"column":5}},{"start":{"line":529,"column":11},"end":{"line":542,"column":5}}],"line":527},"15":{"loc":{"start":{"line":529,"column":11},"end":{"line":542,"column":5}},"type":"if","locations":[{"start":{"line":529,"column":11},"end":{"line":542,"column":5}},{"start":{"line":531,"column":11},"end":{"line":542,"column":5}}],"line":529},"16":{"loc":{"start":{"line":532,"column":6},"end":{"line":541,"column":7}},"type":"switch","locations":[{"start":{"line":533,"column":8},"end":{"line":535,"column":16}},{"start":{"line":536,"column":8},"end":{"line":538,"column":16}},{"start":{"line":539,"column":8},"end":{"line":540,"column":69}}],"line":532},"17":{"loc":{"start":{"line":545,"column":26},"end":{"line":545,"column":55}},"type":"cond-expr","locations":[{"start":{"line":545,"column":46},"end":{"line":545,"column":49}},{"start":{"line":545,"column":52},"end":{"line":545,"column":55}}],"line":545},"18":{"loc":{"start":{"line":555,"column":42},"end":{"line":555,"column":76}},"type":"default-arg","locations":[{"start":{"line":555,"column":57},"end":{"line":555,"column":76}}],"line":555},"19":{"loc":{"start":{"line":556,"column":23},"end":{"line":556,"column":63}},"type":"binary-expr","locations":[{"start":{"line":556,"column":23},"end":{"line":556,"column":56}},{"start":{"line":556,"column":60},"end":{"line":556,"column":63}}],"line":556},"20":{"loc":{"start":{"line":557,"column":24},"end":{"line":557,"column":92}},"type":"binary-expr","locations":[{"start":{"line":557,"column":24},"end":{"line":557,"column":54}},{"start":{"line":557,"column":58},"end":{"line":557,"column":92}}],"line":557},"21":{"loc":{"start":{"line":571,"column":19},"end":{"line":571,"column":49}},"type":"binary-expr","locations":[{"start":{"line":571,"column":19},"end":{"line":571,"column":44}},{"start":{"line":571,"column":48},"end":{"line":571,"column":49}}],"line":571},"22":{"loc":{"start":{"line":582,"column":19},"end":{"line":582,"column":87}},"type":"binary-expr","locations":[{"start":{"line":582,"column":19},"end":{"line":582,"column":46}},{"start":{"line":582,"column":50},"end":{"line":582,"column":87}}],"line":582},"23":{"loc":{"start":{"line":593,"column":48},"end":{"line":593,"column":68}},"type":"default-arg","locations":[{"start":{"line":593,"column":64},"end":{"line":593,"column":68}}],"line":593},"24":{"loc":{"start":{"line":595,"column":26},"end":{"line":595,"column":39}},"type":"binary-expr","locations":[{"start":{"line":595,"column":26},"end":{"line":595,"column":33}},{"start":{"line":595,"column":37},"end":{"line":595,"column":39}}],"line":595},"25":{"loc":{"start":{"line":597,"column":24},"end":{"line":599,"column":28}},"type":"cond-expr","locations":[{"start":{"line":598,"column":8},"end":{"line":598,"column":61}},{"start":{"line":599,"column":8},"end":{"line":599,"column":28}}],"line":597},"26":{"loc":{"start":{"line":603,"column":27},"end":{"line":605,"column":14}},"type":"cond-expr","locations":[{"start":{"line":604,"column":10},"end":{"line":604,"column":68}},{"start":{"line":605,"column":10},"end":{"line":605,"column":14}}],"line":603},"27":{"loc":{"start":{"line":607,"column":6},"end":{"line":609,"column":7}},"type":"if","locations":[{"start":{"line":607,"column":6},"end":{"line":609,"column":7}},{"start":{},"end":{}}],"line":607},"28":{"loc":{"start":{"line":607,"column":10},"end":{"line":607,"column":37}},"type":"binary-expr","locations":[{"start":{"line":607,"column":10},"end":{"line":607,"column":21}},{"start":{"line":607,"column":25},"end":{"line":607,"column":37}}],"line":607},"29":{"loc":{"start":{"line":634,"column":4},"end":{"line":634,"column":79}},"type":"if","locations":[{"start":{"line":634,"column":4},"end":{"line":634,"column":79}},{"start":{},"end":{}}],"line":634},"30":{"loc":{"start":{"line":635,"column":4},"end":{"line":635,"column":77}},"type":"if","locations":[{"start":{"line":635,"column":4},"end":{"line":635,"column":77}},{"start":{},"end":{}}],"line":635},"31":{"loc":{"start":{"line":636,"column":4},"end":{"line":636,"column":81}},"type":"if","locations":[{"start":{"line":636,"column":4},"end":{"line":636,"column":81}},{"start":{},"end":{}}],"line":636},"32":{"loc":{"start":{"line":637,"column":4},"end":{"line":637,"column":79}},"type":"if","locations":[{"start":{"line":637,"column":4},"end":{"line":637,"column":79}},{"start":{},"end":{}}],"line":637},"33":{"loc":{"start":{"line":681,"column":0},"end":{"line":683,"column":1}},"type":"if","locations":[{"start":{"line":681,"column":0},"end":{"line":683,"column":1}},{"start":{},"end":{}}],"line":681},"34":{"loc":{"start":{"line":685,"column":0},"end":{"line":687,"column":1}},"type":"if","locations":[{"start":{"line":685,"column":0},"end":{"line":687,"column":1}},{"start":{},"end":{}}],"line":685},"35":{"loc":{"start":{"line":685,"column":4},"end":{"line":685,"column":51}},"type":"binary-expr","locations":[{"start":{"line":685,"column":4},"end":{"line":685,"column":33}},{"start":{"line":685,"column":37},"end":{"line":685,"column":51}}],"line":685}},"s":{"0":1,"1":1,"2":1,"3":1,"4":1,"5":1,"6":1,"7":1,"8":1,"9":1,"10":1,"11":1,"12":1,"13":3,"14":3,"15":1,"16":0,"17":1,"18":1,"19":1,"20":21,"21":70,"22":2,"23":2,"24":1,"25":1,"26":1,"27":1,"28":1,"29":1,"30":1,"31":1,"32":1,"33":1,"34":1,"35":1,"36":0,"37":1,"38":1,"39":0,"40":0,"41":0,"42":0,"43":0,"44":0,"45":1,"46":1,"47":1,"48":1,"49":1,"50":1,"51":1,"52":1,"53":1,"54":2,"55":2,"56":2,"57":2,"58":43,"59":94,"60":43,"61":43,"62":1,"63":1,"64":1,"65":1,"66":1,"67":1,"68":0,"69":1,"70":0,"71":1,"72":0,"73":1,"74":0,"75":1,"76":1,"77":1,"78":1,"79":1,"80":1,"81":1},"f":{"0":1,"1":1,"2":3,"3":1,"4":1,"5":21,"6":70,"7":2,"8":1,"9":1,"10":1,"11":1,"12":1,"13":1,"14":2,"15":94,"16":1,"17":1,"18":1},"b":{"0":[1,0],"1":[3,3],"2":[3,0],"3":[0,1],"4":[1,0],"5":[1,1],"6":[0],"7":[0],"8":[1,0],"9":[0,1],"10":[1,0],"11":[0],"12":[1],"13":[1,0],"14":[0,1],"15":[1,0],"16":[0,0,0],"17":[1,0],"18":[0],"19":[1,1],"20":[1,1],"21":[1,0],"22":[1,1],"23":[0],"24":[2,0],"25":[2,0],"26":[2,41],"27":[1,42],"28":[43,1],"29":[0,1],"30":[0,1],"31":[0,1],"32":[0,1],"33":[1,0],"34":[1,0],"35":[1,1]},"_coverageSchema":"1a1c01bbd47fc00a2c39e90264f33305004495a9","hash":"e9023e6308f5063f6319bcc87580735f1903331e"}
,"C:\\Users\\gupta\\.gemini\\antigravity\\scratch\\eco-mind\\js\\storage.js": {"path":"C:\\Users\\gupta\\.gemini\\antigravity\\scratch\\eco-mind\\js\\storage.js","statementMap":{"0":{"start":{"line":8,"column":16},"end":{"line":210,"column":4}},"1":{"start":{"line":9,"column":13},"end":{"line":9,"column":23}},"2":{"start":{"line":12,"column":4},"end":{"line":12,"column":18}},"3":{"start":{"line":19,"column":4},"end":{"line":23,"column":5}},"4":{"start":{"line":20,"column":6},"end":{"line":20,"column":61}},"5":{"start":{"line":22,"column":6},"end":{"line":22,"column":49}},"6":{"start":{"line":30,"column":4},"end":{"line":35,"column":5}},"7":{"start":{"line":31,"column":18},"end":{"line":31,"column":49}},"8":{"start":{"line":32,"column":6},"end":{"line":32,"column":59}},"9":{"start":{"line":34,"column":6},"end":{"line":34,"column":26}},"10":{"start":{"line":42,"column":4},"end":{"line":42,"column":39}},"11":{"start":{"line":49,"column":4},"end":{"line":52,"column":5}},"12":{"start":{"line":50,"column":6},"end":{"line":50,"column":23}},"13":{"start":{"line":51,"column":6},"end":{"line":51,"column":13}},"14":{"start":{"line":53,"column":4},"end":{"line":55,"column":50}},"15":{"start":{"line":54,"column":21},"end":{"line":54,"column":37}},"16":{"start":{"line":55,"column":22},"end":{"line":55,"column":48}},"17":{"start":{"line":67,"column":16},"end":{"line":67,"column":30}},"18":{"start":{"line":68,"column":21},"end":{"line":76,"column":5}},"19":{"start":{"line":77,"column":4},"end":{"line":77,"column":66}},"20":{"start":{"line":77,"column":49},"end":{"line":77,"column":66}},"21":{"start":{"line":78,"column":4},"end":{"line":78,"column":23}},"22":{"start":{"line":79,"column":4},"end":{"line":79,"column":20}},"23":{"start":{"line":80,"column":4},"end":{"line":80,"column":20}},"24":{"start":{"line":87,"column":16},"end":{"line":87,"column":30}},"25":{"start":{"line":88,"column":4},"end":{"line":88,"column":33}},"26":{"start":{"line":88,"column":22},"end":{"line":88,"column":33}},"27":{"start":{"line":89,"column":4},"end":{"line":92,"column":7}},"28":{"start":{"line":90,"column":16},"end":{"line":90,"column":22}},"29":{"start":{"line":91,"column":6},"end":{"line":91,"column":54}},"30":{"start":{"line":99,"column":16},"end":{"line":99,"column":57}},"31":{"start":{"line":99,"column":45},"end":{"line":99,"column":56}},"32":{"start":{"line":100,"column":4},"end":{"line":100,"column":20}},"33":{"start":{"line":107,"column":20},"end":{"line":107,"column":44}},"34":{"start":{"line":108,"column":20},"end":{"line":108,"column":22}},"35":{"start":{"line":109,"column":16},"end":{"line":109,"column":17}},"36":{"start":{"line":110,"column":4},"end":{"line":114,"column":5}},"37":{"start":{"line":111,"column":18},"end":{"line":111,"column":40}},"38":{"start":{"line":112,"column":6},"end":{"line":112,"column":61}},"39":{"start":{"line":113,"column":6},"end":{"line":113,"column":19}},"40":{"start":{"line":115,"column":4},"end":{"line":115,"column":95}},"41":{"start":{"line":122,"column":17},"end":{"line":122,"column":19}},"42":{"start":{"line":123,"column":4},"end":{"line":134,"column":5}},"43":{"start":{"line":123,"column":17},"end":{"line":123,"column":18}},"44":{"start":{"line":124,"column":16},"end":{"line":124,"column":26}},"45":{"start":{"line":125,"column":6},"end":{"line":125,"column":33}},"46":{"start":{"line":126,"column":22},"end":{"line":126,"column":50}},"47":{"start":{"line":127,"column":22},"end":{"line":127,"column":64}},"48":{"start":{"line":128,"column":20},"end":{"line":128,"column":62}},"49":{"start":{"line":128,"column":47},"end":{"line":128,"column":58}},"50":{"start":{"line":129,"column":6},"end":{"line":133,"column":9}},"51":{"start":{"line":135,"column":4},"end":{"line":135,"column":16}},"52":{"start":{"line":142,"column":18},"end":{"line":142,"column":20}},"53":{"start":{"line":143,"column":4},"end":{"line":153,"column":5}},"54":{"start":{"line":143,"column":17},"end":{"line":143,"column":18}},"55":{"start":{"line":144,"column":17},"end":{"line":144,"column":27}},"56":{"start":{"line":145,"column":6},"end":{"line":145,"column":39}},"57":{"start":{"line":146,"column":19},"end":{"line":146,"column":31}},"58":{"start":{"line":147,"column":6},"end":{"line":147,"column":39}},"59":{"start":{"line":148,"column":22},"end":{"line":148,"column":53}},"60":{"start":{"line":149,"column":20},"end":{"line":149,"column":49}},"61":{"start":{"line":150,"column":22},"end":{"line":150,"column":62}},"62":{"start":{"line":151,"column":20},"end":{"line":151,"column":62}},"63":{"start":{"line":151,"column":47},"end":{"line":151,"column":58}},"64":{"start":{"line":152,"column":6},"end":{"line":152,"column":76}},"65":{"start":{"line":154,"column":4},"end":{"line":154,"column":17}},"66":{"start":{"line":162,"column":4},"end":{"line":171,"column":7}},"67":{"start":{"line":175,"column":20},"end":{"line":175,"column":33}},"68":{"start":{"line":176,"column":4},"end":{"line":176,"column":46}},"69":{"start":{"line":184,"column":21},"end":{"line":184,"column":34}},"70":{"start":{"line":185,"column":18},"end":{"line":185,"column":55}},"71":{"start":{"line":186,"column":22},"end":{"line":186,"column":80}},"72":{"start":{"line":188,"column":4},"end":{"line":192,"column":5}},"73":{"start":{"line":189,"column":6},"end":{"line":189,"column":90}},"74":{"start":{"line":190,"column":11},"end":{"line":192,"column":5}},"75":{"start":{"line":191,"column":6},"end":{"line":191,"column":61}},"76":{"start":{"line":195,"column":2},"end":{"line":209,"column":4}},"77":{"start":{"line":213,"column":0},"end":{"line":215,"column":1}},"78":{"start":{"line":214,"column":2},"end":{"line":214,"column":27}},"79":{"start":{"line":217,"column":0},"end":{"line":219,"column":1}},"80":{"start":{"line":218,"column":2},"end":{"line":218,"column":27}}},"fnMap":{"0":{"name":"(anonymous_0)","decl":{"start":{"line":8,"column":17},"end":{"line":8,"column":18}},"loc":{"start":{"line":8,"column":23},"end":{"line":210,"column":1}},"line":8},"1":{"name":"_key","decl":{"start":{"line":11,"column":11},"end":{"line":11,"column":15}},"loc":{"start":{"line":11,"column":19},"end":{"line":13,"column":3}},"line":11},"2":{"name":"set","decl":{"start":{"line":18,"column":11},"end":{"line":18,"column":14}},"loc":{"start":{"line":18,"column":27},"end":{"line":24,"column":3}},"line":18},"3":{"name":"get","decl":{"start":{"line":29,"column":11},"end":{"line":29,"column":14}},"loc":{"start":{"line":29,"column":41},"end":{"line":36,"column":3}},"line":29},"4":{"name":"remove","decl":{"start":{"line":41,"column":11},"end":{"line":41,"column":17}},"loc":{"start":{"line":41,"column":23},"end":{"line":43,"column":3}},"line":41},"5":{"name":"clear","decl":{"start":{"line":48,"column":11},"end":{"line":48,"column":16}},"loc":{"start":{"line":48,"column":27},"end":{"line":56,"column":3}},"line":48},"6":{"name":"(anonymous_6)","decl":{"start":{"line":54,"column":14},"end":{"line":54,"column":15}},"loc":{"start":{"line":54,"column":21},"end":{"line":54,"column":37}},"line":54},"7":{"name":"(anonymous_7)","decl":{"start":{"line":55,"column":15},"end":{"line":55,"column":16}},"loc":{"start":{"line":55,"column":22},"end":{"line":55,"column":48}},"line":55},"8":{"name":"addEntry","decl":{"start":{"line":66,"column":11},"end":{"line":66,"column":19}},"loc":{"start":{"line":66,"column":27},"end":{"line":81,"column":3}},"line":66},"9":{"name":"getEntries","decl":{"start":{"line":86,"column":11},"end":{"line":86,"column":21}},"loc":{"start":{"line":86,"column":41},"end":{"line":93,"column":3}},"line":86},"10":{"name":"(anonymous_10)","decl":{"start":{"line":89,"column":22},"end":{"line":89,"column":23}},"loc":{"start":{"line":89,"column":29},"end":{"line":92,"column":5}},"line":89},"11":{"name":"deleteEntry","decl":{"start":{"line":98,"column":11},"end":{"line":98,"column":22}},"loc":{"start":{"line":98,"column":27},"end":{"line":101,"column":3}},"line":98},"12":{"name":"(anonymous_12)","decl":{"start":{"line":99,"column":38},"end":{"line":99,"column":39}},"loc":{"start":{"line":99,"column":45},"end":{"line":99,"column":56}},"line":99},"13":{"name":"summarize","decl":{"start":{"line":106,"column":11},"end":{"line":106,"column":20}},"loc":{"start":{"line":106,"column":40},"end":{"line":116,"column":3}},"line":106},"14":{"name":"getLast7Days","decl":{"start":{"line":121,"column":11},"end":{"line":121,"column":23}},"loc":{"start":{"line":121,"column":26},"end":{"line":136,"column":3}},"line":121},"15":{"name":"(anonymous_15)","decl":{"start":{"line":128,"column":35},"end":{"line":128,"column":36}},"loc":{"start":{"line":128,"column":47},"end":{"line":128,"column":58}},"line":128},"16":{"name":"getLast4Weeks","decl":{"start":{"line":141,"column":11},"end":{"line":141,"column":24}},"loc":{"start":{"line":141,"column":27},"end":{"line":155,"column":3}},"line":141},"17":{"name":"(anonymous_17)","decl":{"start":{"line":151,"column":35},"end":{"line":151,"column":36}},"loc":{"start":{"line":151,"column":47},"end":{"line":151,"column":58}},"line":151},"18":{"name":"getSettings","decl":{"start":{"line":161,"column":11},"end":{"line":161,"column":22}},"loc":{"start":{"line":161,"column":25},"end":{"line":172,"column":3}},"line":161},"19":{"name":"saveSettings","decl":{"start":{"line":174,"column":11},"end":{"line":174,"column":23}},"loc":{"start":{"line":174,"column":31},"end":{"line":177,"column":3}},"line":174},"20":{"name":"updateStreak","decl":{"start":{"line":183,"column":11},"end":{"line":183,"column":23}},"loc":{"start":{"line":183,"column":26},"end":{"line":193,"column":3}},"line":183}},"branchMap":{"0":{"loc":{"start":{"line":29,"column":20},"end":{"line":29,"column":39}},"type":"default-arg","locations":[{"start":{"line":29,"column":35},"end":{"line":29,"column":39}}],"line":29},"1":{"loc":{"start":{"line":32,"column":13},"end":{"line":32,"column":58}},"type":"cond-expr","locations":[{"start":{"line":32,"column":28},"end":{"line":32,"column":43}},{"start":{"line":32,"column":46},"end":{"line":32,"column":58}}],"line":32},"2":{"loc":{"start":{"line":49,"column":4},"end":{"line":52,"column":5}},"type":"if","locations":[{"start":{"line":49,"column":4},"end":{"line":52,"column":5}},{"start":{},"end":{}}],"line":49},"3":{"loc":{"start":{"line":71,"column":12},"end":{"line":71,"column":63}},"type":"binary-expr","locations":[{"start":{"line":71,"column":12},"end":{"line":71,"column":22}},{"start":{"line":71,"column":26},"end":{"line":71,"column":63}}],"line":71},"4":{"loc":{"start":{"line":74,"column":11},"end":{"line":74,"column":37}},"type":"binary-expr","locations":[{"start":{"line":74,"column":11},"end":{"line":74,"column":32}},{"start":{"line":74,"column":36},"end":{"line":74,"column":37}}],"line":74},"5":{"loc":{"start":{"line":75,"column":15},"end":{"line":75,"column":34}},"type":"binary-expr","locations":[{"start":{"line":75,"column":15},"end":{"line":75,"column":28}},{"start":{"line":75,"column":32},"end":{"line":75,"column":34}}],"line":75},"6":{"loc":{"start":{"line":77,"column":4},"end":{"line":77,"column":66}},"type":"if","locations":[{"start":{"line":77,"column":4},"end":{"line":77,"column":66}},{"start":{},"end":{}}],"line":77},"7":{"loc":{"start":{"line":77,"column":8},"end":{"line":77,"column":47}},"type":"binary-expr","locations":[{"start":{"line":77,"column":8},"end":{"line":77,"column":27}},{"start":{"line":77,"column":31},"end":{"line":77,"column":47}}],"line":77},"8":{"loc":{"start":{"line":86,"column":22},"end":{"line":86,"column":39}},"type":"default-arg","locations":[{"start":{"line":86,"column":37},"end":{"line":86,"column":39}}],"line":86},"9":{"loc":{"start":{"line":88,"column":4},"end":{"line":88,"column":33}},"type":"if","locations":[{"start":{"line":88,"column":4},"end":{"line":88,"column":33}},{"start":{},"end":{}}],"line":88},"10":{"loc":{"start":{"line":88,"column":8},"end":{"line":88,"column":20}},"type":"binary-expr","locations":[{"start":{"line":88,"column":8},"end":{"line":88,"column":13}},{"start":{"line":88,"column":17},"end":{"line":88,"column":20}}],"line":88},"11":{"loc":{"start":{"line":91,"column":13},"end":{"line":91,"column":53}},"type":"binary-expr","locations":[{"start":{"line":91,"column":14},"end":{"line":91,"column":19}},{"start":{"line":91,"column":23},"end":{"line":91,"column":32}},{"start":{"line":91,"column":38},"end":{"line":91,"column":41}},{"start":{"line":91,"column":45},"end":{"line":91,"column":52}}],"line":91},"12":{"loc":{"start":{"line":106,"column":21},"end":{"line":106,"column":38}},"type":"default-arg","locations":[{"start":{"line":106,"column":36},"end":{"line":106,"column":38}}],"line":106},"13":{"loc":{"start":{"line":111,"column":18},"end":{"line":111,"column":40}},"type":"binary-expr","locations":[{"start":{"line":111,"column":18},"end":{"line":111,"column":35}},{"start":{"line":111,"column":39},"end":{"line":111,"column":40}}],"line":111},"14":{"loc":{"start":{"line":112,"column":29},"end":{"line":112,"column":53}},"type":"binary-expr","locations":[{"start":{"line":112,"column":29},"end":{"line":112,"column":48}},{"start":{"line":112,"column":52},"end":{"line":112,"column":53}}],"line":112},"15":{"loc":{"start":{"line":188,"column":4},"end":{"line":192,"column":5}},"type":"if","locations":[{"start":{"line":188,"column":4},"end":{"line":192,"column":5}},{"start":{"line":190,"column":11},"end":{"line":192,"column":5}}],"line":188},"16":{"loc":{"start":{"line":189,"column":34},"end":{"line":189,"column":58}},"type":"binary-expr","locations":[{"start":{"line":189,"column":34},"end":{"line":189,"column":53}},{"start":{"line":189,"column":57},"end":{"line":189,"column":58}}],"line":189},"17":{"loc":{"start":{"line":190,"column":11},"end":{"line":192,"column":5}},"type":"if","locations":[{"start":{"line":190,"column":11},"end":{"line":192,"column":5}},{"start":{},"end":{}}],"line":190},"18":{"loc":{"start":{"line":213,"column":0},"end":{"line":215,"column":1}},"type":"if","locations":[{"start":{"line":213,"column":0},"end":{"line":215,"column":1}},{"start":{},"end":{}}],"line":213},"19":{"loc":{"start":{"line":217,"column":0},"end":{"line":219,"column":1}},"type":"if","locations":[{"start":{"line":217,"column":0},"end":{"line":219,"column":1}},{"start":{},"end":{}}],"line":217},"20":{"loc":{"start":{"line":217,"column":4},"end":{"line":217,"column":51}},"type":"binary-expr","locations":[{"start":{"line":217,"column":4},"end":{"line":217,"column":33}},{"start":{"line":217,"column":37},"end":{"line":217,"column":51}}],"line":217}},"s":{"0":1,"1":1,"2":31,"3":6,"4":6,"5":0,"6":24,"7":24,"8":24,"9":0,"10":1,"11":1,"12":0,"13":0,"14":1,"15":4,"16":0,"17":2,"18":2,"19":2,"20":0,"21":2,"22":2,"23":2,"24":14,"25":14,"26":3,"27":11,"28":11,"29":11,"30":1,"31":2,"32":1,"33":1,"34":1,"35":1,"36":1,"37":1,"38":1,"39":1,"40":1,"41":1,"42":1,"43":1,"44":7,"45":7,"46":7,"47":7,"48":7,"49":1,"50":7,"51":1,"52":1,"53":1,"54":1,"55":4,"56":4,"57":4,"58":4,"59":4,"60":4,"61":4,"62":4,"63":1,"64":4,"65":1,"66":5,"67":2,"68":2,"69":1,"70":1,"71":1,"72":1,"73":0,"74":1,"75":1,"76":1,"77":1,"78":1,"79":1,"80":1},"f":{"0":1,"1":31,"2":6,"3":24,"4":1,"5":1,"6":4,"7":0,"8":2,"9":14,"10":11,"11":1,"12":2,"13":1,"14":1,"15":1,"16":1,"17":1,"18":5,"19":2,"20":1},"b":{"0":[2],"1":[19,5],"2":[0,1],"3":[2,2],"4":[2,0],"5":[2,2],"6":[0,2],"7":[2,2],"8":[2],"9":[3,11],"10":[14,3],"11":[11,11,11,11],"12":[1],"13":[1,0],"14":[1,1],"15":[0,1],"16":[0,0],"17":[1,0],"18":[1,0],"19":[1,0],"20":[1,1]},"_coverageSchema":"1a1c01bbd47fc00a2c39e90264f33305004495a9","hash":"794b570fa95c0c15035371528cafd75545a03846"}
}
