{"C:\\Users\\gupta\\.gemini\\antigravity\\scratch\\eco-mind\\js\\app.js": {"path":"C:\\Users\\gupta\\.gemini\\antigravity\\scratch\\eco-mind\\js\\app.js","statementMap":{"0":{"start":{"line":7,"column":12},"end":{"line":1021,"column":4}},"1":{"start":{"line":8,"column":21},"end":{"line":8,"column":32}},"2":{"start":{"line":9,"column":14},"end":{"line":9,"column":18}},"3":{"start":{"line":10,"column":24},"end":{"line":10,"column":29}},"4":{"start":{"line":17,"column":4},"end":{"line":17,"column":28}},"5":{"start":{"line":20,"column":4},"end":{"line":20,"column":25}},"6":{"start":{"line":23,"column":4},"end":{"line":25,"column":7}},"7":{"start":{"line":24,"column":6},"end":{"line":24,"column":69}},"8":{"start":{"line":24,"column":42},"end":{"line":24,"column":67}},"9":{"start":{"line":28,"column":4},"end":{"line":30,"column":7}},"10":{"start":{"line":29,"column":6},"end":{"line":29,"column":57}},"11":{"start":{"line":29,"column":42},"end":{"line":29,"column":55}},"12":{"start":{"line":33,"column":4},"end":{"line":40,"column":7}},"13":{"start":{"line":34,"column":6},"end":{"line":34,"column":21}},"14":{"start":{"line":35,"column":6},"end":{"line":35,"column":48}},"15":{"start":{"line":36,"column":6},"end":{"line":36,"column":46}},"16":{"start":{"line":37,"column":6},"end":{"line":37,"column":26}},"17":{"start":{"line":39,"column":6},"end":{"line":39,"column":75}},"18":{"start":{"line":43,"column":4},"end":{"line":45,"column":7}},"19":{"start":{"line":44,"column":6},"end":{"line":44,"column":20}},"20":{"start":{"line":48,"column":4},"end":{"line":48,"column":74}},"21":{"start":{"line":48,"column":53},"end":{"line":48,"column":72}},"22":{"start":{"line":51,"column":4},"end":{"line":53,"column":7}},"23":{"start":{"line":52,"column":6},"end":{"line":52,"column":65}},"24":{"start":{"line":52,"column":42},"end":{"line":52,"column":63}},"25":{"start":{"line":56,"column":4},"end":{"line":56,"column":23}},"26":{"start":{"line":57,"column":4},"end":{"line":57,"column":20}},"27":{"start":{"line":58,"column":4},"end":{"line":58,"column":24}},"28":{"start":{"line":59,"column":4},"end":{"line":59,"column":20}},"29":{"start":{"line":62,"column":21},"end":{"line":62,"column":42}},"30":{"start":{"line":63,"column":4},"end":{"line":68,"column":5}},"31":{"start":{"line":65,"column":6},"end":{"line":65,"column":20}},"32":{"start":{"line":67,"column":6},"end":{"line":67,"column":26}},"33":{"start":{"line":71,"column":4},"end":{"line":71,"column":27}},"34":{"start":{"line":74,"column":4},"end":{"line":74,"column":20}},"35":{"start":{"line":78,"column":22},"end":{"line":78,"column":60}},"36":{"start":{"line":79,"column":20},"end":{"line":79,"column":56}},"37":{"start":{"line":81,"column":4},"end":{"line":85,"column":5}},"38":{"start":{"line":82,"column":6},"end":{"line":82,"column":55}},"39":{"start":{"line":83,"column":6},"end":{"line":83,"column":51}},"40":{"start":{"line":84,"column":6},"end":{"line":84,"column":46}},"41":{"start":{"line":87,"column":4},"end":{"line":89,"column":5}},"42":{"start":{"line":88,"column":6},"end":{"line":88,"column":75}},"43":{"start":{"line":92,"column":4},"end":{"line":109,"column":7}},"44":{"start":{"line":93,"column":6},"end":{"line":93,"column":25}},"45":{"start":{"line":94,"column":21},"end":{"line":94,"column":70}},"46":{"start":{"line":95,"column":19},"end":{"line":95,"column":66}},"47":{"start":{"line":97,"column":6},"end":{"line":97,"column":65}},"48":{"start":{"line":97,"column":18},"end":{"line":97,"column":65}},"49":{"start":{"line":98,"column":6},"end":{"line":98,"column":59}},"50":{"start":{"line":98,"column":16},"end":{"line":98,"column":59}},"51":{"start":{"line":100,"column":6},"end":{"line":100,"column":72}},"52":{"start":{"line":101,"column":6},"end":{"line":101,"column":56}},"53":{"start":{"line":104,"column":6},"end":{"line":108,"column":7}},"54":{"start":{"line":105,"column":8},"end":{"line":105,"column":54}},"55":{"start":{"line":106,"column":8},"end":{"line":106,"column":50}},"56":{"start":{"line":107,"column":8},"end":{"line":107,"column":48}},"57":{"start":{"line":112,"column":4},"end":{"line":118,"column":7}},"58":{"start":{"line":113,"column":6},"end":{"line":113,"column":72}},"59":{"start":{"line":114,"column":6},"end":{"line":116,"column":7}},"60":{"start":{"line":115,"column":8},"end":{"line":115,"column":47}},"61":{"start":{"line":117,"column":6},"end":{"line":117,"column":41}},"62":{"start":{"line":122,"column":4},"end":{"line":122,"column":17}},"63":{"start":{"line":123,"column":21},"end":{"line":123,"column":42}},"64":{"start":{"line":124,"column":4},"end":{"line":124,"column":24}},"65":{"start":{"line":126,"column":4},"end":{"line":133,"column":5}},"66":{"start":{"line":127,"column":6},"end":{"line":127,"column":32}},"67":{"start":{"line":128,"column":6},"end":{"line":128,"column":25}},"68":{"start":{"line":130,"column":6},"end":{"line":130,"column":25}},"69":{"start":{"line":131,"column":6},"end":{"line":131,"column":28}},"70":{"start":{"line":132,"column":6},"end":{"line":132,"column":45}},"71":{"start":{"line":132,"column":23},"end":{"line":132,"column":37}},"72":{"start":{"line":137,"column":15},"end":{"line":137,"column":59}},"73":{"start":{"line":138,"column":15},"end":{"line":138,"column":59}},"74":{"start":{"line":139,"column":15},"end":{"line":139,"column":59}},"75":{"start":{"line":141,"column":25},"end":{"line":141,"column":73}},"76":{"start":{"line":142,"column":4},"end":{"line":150,"column":5}},"77":{"start":{"line":143,"column":6},"end":{"line":148,"column":9}},"78":{"start":{"line":144,"column":20},"end":{"line":144,"column":52}},"79":{"start":{"line":145,"column":8},"end":{"line":145,"column":25}},"80":{"start":{"line":146,"column":8},"end":{"line":146,"column":46}},"81":{"start":{"line":147,"column":8},"end":{"line":147,"column":38}},"82":{"start":{"line":149,"column":6},"end":{"line":149,"column":32}},"83":{"start":{"line":152,"column":4},"end":{"line":163,"column":7}},"84":{"start":{"line":153,"column":18},"end":{"line":153,"column":70}},"85":{"start":{"line":154,"column":6},"end":{"line":160,"column":7}},"86":{"start":{"line":155,"column":8},"end":{"line":155,"column":52}},"87":{"start":{"line":156,"column":8},"end":{"line":159,"column":9}},"88":{"start":{"line":157,"column":10},"end":{"line":157,"column":53}},"89":{"start":{"line":158,"column":10},"end":{"line":158,"column":50}},"90":{"start":{"line":161,"column":6},"end":{"line":161,"column":33}},"91":{"start":{"line":162,"column":6},"end":{"line":162,"column":36}},"92":{"start":{"line":165,"column":4},"end":{"line":171,"column":7}},"93":{"start":{"line":166,"column":21},"end":{"line":166,"column":48}},"94":{"start":{"line":167,"column":6},"end":{"line":167,"column":39}},"95":{"start":{"line":168,"column":6},"end":{"line":168,"column":37}},"96":{"start":{"line":169,"column":6},"end":{"line":169,"column":33}},"97":{"start":{"line":170,"column":6},"end":{"line":170,"column":36}},"98":{"start":{"line":173,"column":29},"end":{"line":178,"column":5}},"99":{"start":{"line":174,"column":6},"end":{"line":174,"column":50}},"100":{"start":{"line":175,"column":6},"end":{"line":175,"column":25}},"101":{"start":{"line":176,"column":6},"end":{"line":176,"column":28}},"102":{"start":{"line":177,"column":6},"end":{"line":177,"column":45}},"103":{"start":{"line":177,"column":23},"end":{"line":177,"column":37}},"104":{"start":{"line":180,"column":4},"end":{"line":190,"column":7}},"105":{"start":{"line":181,"column":18},"end":{"line":181,"column":61}},"106":{"start":{"line":182,"column":6},"end":{"line":182,"column":37}},"107":{"start":{"line":183,"column":6},"end":{"line":183,"column":26}},"108":{"start":{"line":184,"column":6},"end":{"line":188,"column":7}},"109":{"start":{"line":185,"column":8},"end":{"line":185,"column":29}},"110":{"start":{"line":187,"column":8},"end":{"line":187,"column":47}},"111":{"start":{"line":189,"column":6},"end":{"line":189,"column":25}},"112":{"start":{"line":192,"column":4},"end":{"line":192,"column":93}},"113":{"start":{"line":199,"column":4},"end":{"line":199,"column":24}},"114":{"start":{"line":201,"column":4},"end":{"line":201,"column":84}},"115":{"start":{"line":201,"column":54},"end":{"line":201,"column":82}},"116":{"start":{"line":202,"column":4},"end":{"line":202,"column":89}},"117":{"start":{"line":202,"column":59},"end":{"line":202,"column":87}},"118":{"start":{"line":204,"column":19},"end":{"line":204,"column":58}},"119":{"start":{"line":205,"column":4},"end":{"line":205,"column":47}},"120":{"start":{"line":205,"column":16},"end":{"line":205,"column":47}},"121":{"start":{"line":207,"column":19},"end":{"line":207,"column":65}},"122":{"start":{"line":208,"column":4},"end":{"line":208,"column":47}},"123":{"start":{"line":208,"column":16},"end":{"line":208,"column":47}},"124":{"start":{"line":211,"column":4},"end":{"line":227,"column":5}},"125":{"start":{"line":213,"column":8},"end":{"line":213,"column":27}},"126":{"start":{"line":214,"column":8},"end":{"line":214,"column":14}},"127":{"start":{"line":216,"column":8},"end":{"line":216,"column":27}},"128":{"start":{"line":217,"column":8},"end":{"line":217,"column":14}},"129":{"start":{"line":219,"column":8},"end":{"line":219,"column":23}},"130":{"start":{"line":220,"column":8},"end":{"line":220,"column":14}},"131":{"start":{"line":222,"column":8},"end":{"line":222,"column":21}},"132":{"start":{"line":223,"column":8},"end":{"line":223,"column":14}},"133":{"start":{"line":225,"column":8},"end":{"line":225,"column":23}},"134":{"start":{"line":226,"column":8},"end":{"line":226,"column":14}},"135":{"start":{"line":230,"column":4},"end":{"line":232,"column":5}},"136":{"start":{"line":231,"column":6},"end":{"line":231,"column":49}},"137":{"start":{"line":231,"column":23},"end":{"line":231,"column":43}},"138":{"start":{"line":236,"column":4},"end":{"line":236,"column":90}},"139":{"start":{"line":237,"column":4},"end":{"line":239,"column":60}},"140":{"start":{"line":240,"column":4},"end":{"line":240,"column":88}},"141":{"start":{"line":247,"column":21},"end":{"line":247,"column":42}},"142":{"start":{"line":248,"column":18},"end":{"line":248,"column":55}},"143":{"start":{"line":249,"column":23},"end":{"line":249,"column":48}},"144":{"start":{"line":251,"column":27},"end":{"line":251,"column":77}},"145":{"start":{"line":252,"column":23},"end":{"line":252,"column":45}},"146":{"start":{"line":253,"column":18},"end":{"line":253,"column":68}},"147":{"start":{"line":254,"column":22},"end":{"line":254,"column":55}},"148":{"start":{"line":257,"column":4},"end":{"line":257,"column":67}},"149":{"start":{"line":258,"column":4},"end":{"line":258,"column":77}},"150":{"start":{"line":259,"column":4},"end":{"line":259,"column":77}},"151":{"start":{"line":260,"column":4},"end":{"line":260,"column":77}},"152":{"start":{"line":263,"column":4},"end":{"line":263,"column":97}},"153":{"start":{"line":266,"column":4},"end":{"line":266,"column":82}},"154":{"start":{"line":269,"column":4},"end":{"line":269,"column":80}},"155":{"start":{"line":272,"column":4},"end":{"line":272,"column":52}},"156":{"start":{"line":275,"column":4},"end":{"line":279,"column":7}},"157":{"start":{"line":276,"column":6},"end":{"line":276,"column":54}},"158":{"start":{"line":277,"column":6},"end":{"line":277,"column":57}},"159":{"start":{"line":278,"column":6},"end":{"line":278,"column":76}},"160":{"start":{"line":282,"column":17},"end":{"line":282,"column":44}},"161":{"start":{"line":283,"column":16},"end":{"line":283,"column":66}},"162":{"start":{"line":284,"column":20},"end":{"line":284,"column":64}},"163":{"start":{"line":285,"column":21},"end":{"line":285,"column":66}},"164":{"start":{"line":286,"column":4},"end":{"line":286,"column":49}},"165":{"start":{"line":286,"column":17},"end":{"line":286,"column":49}},"166":{"start":{"line":287,"column":4},"end":{"line":288,"column":96}},"167":{"start":{"line":288,"column":6},"end":{"line":288,"column":96}},"168":{"start":{"line":289,"column":4},"end":{"line":289,"column":100}},"169":{"start":{"line":289,"column":17},"end":{"line":289,"column":100}},"170":{"start":{"line":293,"column":22},"end":{"line":293,"column":63}},"171":{"start":{"line":294,"column":4},"end":{"line":294,"column":27}},"172":{"start":{"line":294,"column":20},"end":{"line":294,"column":27}},"173":{"start":{"line":296,"column":19},"end":{"line":298,"column":18}},"174":{"start":{"line":297,"column":30},"end":{"line":297,"column":35}},"175":{"start":{"line":300,"column":4},"end":{"line":311,"column":16}},"176":{"start":{"line":302,"column":22},"end":{"line":302,"column":62}},"177":{"start":{"line":303,"column":22},"end":{"line":303,"column":56}},"178":{"start":{"line":304,"column":8},"end":{"line":309,"column":16}},"179":{"start":{"line":315,"column":4},"end":{"line":315,"column":32}},"180":{"start":{"line":315,"column":25},"end":{"line":315,"column":32}},"181":{"start":{"line":316,"column":4},"end":{"line":316,"column":27}},"182":{"start":{"line":318,"column":22},"end":{"line":318,"column":64}},"183":{"start":{"line":319,"column":4},"end":{"line":319,"column":27}},"184":{"start":{"line":319,"column":20},"end":{"line":319,"column":27}},"185":{"start":{"line":321,"column":4},"end":{"line":321,"column":56}},"186":{"start":{"line":322,"column":4},"end":{"line":322,"column":39}},"187":{"start":{"line":324,"column":4},"end":{"line":347,"column":5}},"188":{"start":{"line":325,"column":20},"end":{"line":325,"column":57}},"189":{"start":{"line":326,"column":22},"end":{"line":326,"column":84}},"190":{"start":{"line":327,"column":26},"end":{"line":327,"column":89}},"191":{"start":{"line":329,"column":23},"end":{"line":329,"column":70}},"192":{"start":{"line":330,"column":23},"end":{"line":330,"column":76}},"193":{"start":{"line":333,"column":8},"end":{"line":333,"column":94}},"194":{"start":{"line":333,"column":67},"end":{"line":333,"column":72}},"195":{"start":{"line":335,"column":22},"end":{"line":340,"column":8}},"196":{"start":{"line":342,"column":6},"end":{"line":342,"column":38}},"197":{"start":{"line":343,"column":6},"end":{"line":343,"column":44}},"198":{"start":{"line":345,"column":6},"end":{"line":345,"column":99}},"199":{"start":{"line":346,"column":6},"end":{"line":346,"column":44}},"200":{"start":{"line":348,"column":4},"end":{"line":348,"column":28}},"201":{"start":{"line":355,"column":17},"end":{"line":355,"column":59}},"202":{"start":{"line":356,"column":4},"end":{"line":356,"column":22}},"203":{"start":{"line":356,"column":15},"end":{"line":356,"column":22}},"204":{"start":{"line":358,"column":21},"end":{"line":358,"column":42}},"205":{"start":{"line":359,"column":4},"end":{"line":366,"column":5}},"206":{"start":{"line":360,"column":6},"end":{"line":364,"column":14}},"207":{"start":{"line":365,"column":6},"end":{"line":365,"column":89}},"208":{"start":{"line":370,"column":17},"end":{"line":370,"column":59}},"209":{"start":{"line":371,"column":21},"end":{"line":371,"column":42}},"210":{"start":{"line":372,"column":4},"end":{"line":372,"column":111}},"211":{"start":{"line":374,"column":4},"end":{"line":444,"column":5}},"212":{"start":{"line":375,"column":20},"end":{"line":375,"column":41}},"213":{"start":{"line":376,"column":22},"end":{"line":376,"column":74}},"214":{"start":{"line":378,"column":6},"end":{"line":381,"column":7}},"215":{"start":{"line":379,"column":8},"end":{"line":379,"column":109}},"216":{"start":{"line":380,"column":8},"end":{"line":380,"column":15}},"217":{"start":{"line":383,"column":6},"end":{"line":383,"column":50}},"218":{"start":{"line":385,"column":6},"end":{"line":408,"column":18}},"219":{"start":{"line":387,"column":17},"end":{"line":406,"column":7}},"220":{"start":{"line":411,"column":6},"end":{"line":420,"column":9}},"221":{"start":{"line":412,"column":8},"end":{"line":419,"column":11}},"222":{"start":{"line":413,"column":23},"end":{"line":413,"column":63}},"223":{"start":{"line":414,"column":10},"end":{"line":414,"column":33}},"224":{"start":{"line":415,"column":10},"end":{"line":415,"column":44}},"225":{"start":{"line":416,"column":10},"end":{"line":416,"column":42}},"226":{"start":{"line":417,"column":10},"end":{"line":417,"column":49}},"227":{"start":{"line":418,"column":10},"end":{"line":418,"column":66}},"228":{"start":{"line":423,"column":24},"end":{"line":423,"column":69}},"229":{"start":{"line":424,"column":6},"end":{"line":441,"column":7}},"230":{"start":{"line":425,"column":8},"end":{"line":425,"column":45}},"231":{"start":{"line":426,"column":8},"end":{"line":440,"column":11}},"232":{"start":{"line":427,"column":10},"end":{"line":437,"column":15}},"233":{"start":{"line":428,"column":27},"end":{"line":428,"column":41}},"234":{"start":{"line":430,"column":14},"end":{"line":436,"column":17}},"235":{"start":{"line":438,"column":10},"end":{"line":438,"column":97}},"236":{"start":{"line":438,"column":52},"end":{"line":438,"column":66}},"237":{"start":{"line":439,"column":10},"end":{"line":439,"column":32}},"238":{"start":{"line":443,"column":6},"end":{"line":443,"column":83}},"239":{"start":{"line":452,"column":20},"end":{"line":452,"column":61}},"240":{"start":{"line":453,"column":20},"end":{"line":453,"column":58}},"241":{"start":{"line":454,"column":4},"end":{"line":454,"column":25}},"242":{"start":{"line":454,"column":18},"end":{"line":454,"column":25}},"243":{"start":{"line":456,"column":4},"end":{"line":459,"column":5}},"244":{"start":{"line":457,"column":6},"end":{"line":457,"column":98}},"245":{"start":{"line":458,"column":6},"end":{"line":458,"column":13}},"246":{"start":{"line":461,"column":4},"end":{"line":476,"column":16}},"247":{"start":{"line":463,"column":22},"end":{"line":463,"column":69}},"248":{"start":{"line":464,"column":21},"end":{"line":464,"column":49}},"249":{"start":{"line":465,"column":8},"end":{"line":474,"column":16}},"250":{"start":{"line":478,"column":4},"end":{"line":484,"column":7}},"251":{"start":{"line":479,"column":6},"end":{"line":483,"column":9}},"252":{"start":{"line":480,"column":8},"end":{"line":480,"column":44}},"253":{"start":{"line":481,"column":8},"end":{"line":481,"column":21}},"254":{"start":{"line":482,"column":8},"end":{"line":482,"column":36}},"255":{"start":{"line":489,"column":4},"end":{"line":502,"column":7}},"256":{"start":{"line":490,"column":6},"end":{"line":490,"column":25}},"257":{"start":{"line":491,"column":19},"end":{"line":491,"column":66}},"258":{"start":{"line":492,"column":19},"end":{"line":492,"column":78}},"259":{"start":{"line":493,"column":6},"end":{"line":496,"column":7}},"260":{"start":{"line":494,"column":8},"end":{"line":494,"column":53}},"261":{"start":{"line":495,"column":8},"end":{"line":495,"column":15}},"262":{"start":{"line":498,"column":18},"end":{"line":498,"column":56}},"263":{"start":{"line":499,"column":6},"end":{"line":499,"column":87}},"264":{"start":{"line":500,"column":6},"end":{"line":500,"column":71}},"265":{"start":{"line":501,"column":6},"end":{"line":501,"column":28}},"266":{"start":{"line":505,"column":4},"end":{"line":517,"column":7}},"267":{"start":{"line":506,"column":6},"end":{"line":506,"column":25}},"268":{"start":{"line":507,"column":23},"end":{"line":507,"column":65}},"269":{"start":{"line":508,"column":19},"end":{"line":508,"column":63}},"270":{"start":{"line":509,"column":21},"end":{"line":509,"column":66}},"271":{"start":{"line":510,"column":6},"end":{"line":514,"column":9}},"272":{"start":{"line":515,"column":6},"end":{"line":515,"column":79}},"273":{"start":{"line":516,"column":6},"end":{"line":516,"column":28}},"274":{"start":{"line":520,"column":4},"end":{"line":535,"column":7}},"275":{"start":{"line":521,"column":6},"end":{"line":521,"column":25}},"276":{"start":{"line":522,"column":24},"end":{"line":522,"column":71}},"277":{"start":{"line":523,"column":20},"end":{"line":523,"column":80}},"278":{"start":{"line":524,"column":19},"end":{"line":524,"column":83}},"279":{"start":{"line":526,"column":6},"end":{"line":529,"column":7}},"280":{"start":{"line":527,"column":8},"end":{"line":527,"column":72}},"281":{"start":{"line":528,"column":8},"end":{"line":528,"column":15}},"282":{"start":{"line":531,"column":18},"end":{"line":531,"column":68}},"283":{"start":{"line":532,"column":6},"end":{"line":532,"column":90}},"284":{"start":{"line":533,"column":6},"end":{"line":533,"column":52}},"285":{"start":{"line":534,"column":6},"end":{"line":534,"column":28}},"286":{"start":{"line":538,"column":4},"end":{"line":550,"column":7}},"287":{"start":{"line":539,"column":6},"end":{"line":539,"column":25}},"288":{"start":{"line":540,"column":23},"end":{"line":540,"column":72}},"289":{"start":{"line":541,"column":20},"end":{"line":541,"column":78}},"290":{"start":{"line":542,"column":6},"end":{"line":545,"column":7}},"291":{"start":{"line":543,"column":8},"end":{"line":543,"column":60}},"292":{"start":{"line":544,"column":8},"end":{"line":544,"column":15}},"293":{"start":{"line":546,"column":18},"end":{"line":546,"column":59}},"294":{"start":{"line":547,"column":6},"end":{"line":547,"column":81}},"295":{"start":{"line":548,"column":6},"end":{"line":548,"column":81}},"296":{"start":{"line":549,"column":6},"end":{"line":549,"column":28}},"297":{"start":{"line":553,"column":4},"end":{"line":572,"column":7}},"298":{"start":{"line":554,"column":6},"end":{"line":554,"column":25}},"299":{"start":{"line":555,"column":19},"end":{"line":555,"column":79}},"300":{"start":{"line":556,"column":18},"end":{"line":556,"column":63}},"301":{"start":{"line":558,"column":6},"end":{"line":561,"column":7}},"302":{"start":{"line":559,"column":8},"end":{"line":559,"column":60}},"303":{"start":{"line":560,"column":8},"end":{"line":560,"column":15}},"304":{"start":{"line":563,"column":18},"end":{"line":563,"column":52}},"305":{"start":{"line":564,"column":6},"end":{"line":569,"column":9}},"306":{"start":{"line":570,"column":6},"end":{"line":570,"column":63}},"307":{"start":{"line":571,"column":6},"end":{"line":571,"column":28}},"308":{"start":{"line":579,"column":22},"end":{"line":579,"column":64}},"309":{"start":{"line":580,"column":21},"end":{"line":580,"column":61}},"310":{"start":{"line":583,"column":4},"end":{"line":583,"column":66}},"311":{"start":{"line":583,"column":46},"end":{"line":583,"column":64}},"312":{"start":{"line":584,"column":4},"end":{"line":587,"column":7}},"313":{"start":{"line":585,"column":6},"end":{"line":585,"column":25}},"314":{"start":{"line":586,"column":6},"end":{"line":586,"column":42}},"315":{"start":{"line":588,"column":4},"end":{"line":588,"column":90}},"316":{"start":{"line":588,"column":50},"end":{"line":588,"column":88}},"317":{"start":{"line":589,"column":4},"end":{"line":594,"column":7}},"318":{"start":{"line":590,"column":6},"end":{"line":590,"column":25}},"319":{"start":{"line":591,"column":6},"end":{"line":591,"column":45}},"320":{"start":{"line":592,"column":19},"end":{"line":592,"column":42}},"321":{"start":{"line":593,"column":6},"end":{"line":593,"column":39}},"322":{"start":{"line":593,"column":16},"end":{"line":593,"column":39}},"323":{"start":{"line":596,"column":4},"end":{"line":599,"column":7}},"324":{"start":{"line":597,"column":19},"end":{"line":597,"column":37}},"325":{"start":{"line":598,"column":6},"end":{"line":598,"column":39}},"326":{"start":{"line":598,"column":16},"end":{"line":598,"column":39}},"327":{"start":{"line":602,"column":4},"end":{"line":612,"column":7}},"328":{"start":{"line":603,"column":6},"end":{"line":611,"column":9}},"329":{"start":{"line":604,"column":8},"end":{"line":604,"column":97}},"330":{"start":{"line":604,"column":67},"end":{"line":604,"column":95}},"331":{"start":{"line":605,"column":8},"end":{"line":605,"column":36}},"332":{"start":{"line":606,"column":21},"end":{"line":606,"column":41}},"333":{"start":{"line":607,"column":8},"end":{"line":610,"column":54}},"334":{"start":{"line":616,"column":21},"end":{"line":616,"column":59}},"335":{"start":{"line":617,"column":22},"end":{"line":617,"column":61}},"336":{"start":{"line":618,"column":21},"end":{"line":618,"column":99}},"337":{"start":{"line":620,"column":4},"end":{"line":620,"column":40}},"338":{"start":{"line":620,"column":33},"end":{"line":620,"column":40}},"339":{"start":{"line":623,"column":4},"end":{"line":626,"column":5}},"340":{"start":{"line":624,"column":6},"end":{"line":624,"column":64}},"341":{"start":{"line":625,"column":6},"end":{"line":625,"column":13}},"342":{"start":{"line":627,"column":4},"end":{"line":631,"column":5}},"343":{"start":{"line":629,"column":6},"end":{"line":629,"column":73}},"344":{"start":{"line":630,"column":6},"end":{"line":630,"column":13}},"345":{"start":{"line":633,"column":4},"end":{"line":633,"column":41}},"346":{"start":{"line":634,"column":4},"end":{"line":634,"column":28}},"347":{"start":{"line":636,"column":4},"end":{"line":680,"column":5}},"348":{"start":{"line":637,"column":6},"end":{"line":677,"column":7}},"349":{"start":{"line":638,"column":21},"end":{"line":638,"column":68}},"350":{"start":{"line":639,"column":8},"end":{"line":657,"column":9}},"351":{"start":{"line":640,"column":27},"end":{"line":640,"column":48}},"352":{"start":{"line":641,"column":22},"end":{"line":641,"column":77}},"353":{"start":{"line":642,"column":10},"end":{"line":642,"column":60}},"354":{"start":{"line":644,"column":10},"end":{"line":654,"column":13}},"355":{"start":{"line":645,"column":12},"end":{"line":651,"column":15}},"356":{"start":{"line":652,"column":12},"end":{"line":652,"column":79}},"357":{"start":{"line":653,"column":12},"end":{"line":653,"column":34}},"358":{"start":{"line":656,"column":10},"end":{"line":656,"column":130}},"359":{"start":{"line":659,"column":24},"end":{"line":659,"column":63}},"360":{"start":{"line":660,"column":8},"end":{"line":676,"column":9}},"361":{"start":{"line":661,"column":22},"end":{"line":661,"column":56}},"362":{"start":{"line":662,"column":10},"end":{"line":662,"column":66}},"363":{"start":{"line":664,"column":10},"end":{"line":673,"column":13}},"364":{"start":{"line":665,"column":12},"end":{"line":670,"column":15}},"365":{"start":{"line":671,"column":12},"end":{"line":671,"column":70}},"366":{"start":{"line":672,"column":12},"end":{"line":672,"column":34}},"367":{"start":{"line":675,"column":10},"end":{"line":675,"column":115}},"368":{"start":{"line":679,"column":6},"end":{"line":679,"column":89}},"369":{"start":{"line":681,"column":4},"end":{"line":681,"column":38}},"370":{"start":{"line":685,"column":24},"end":{"line":697,"column":5}},"371":{"start":{"line":698,"column":4},"end":{"line":701,"column":10}},"372":{"start":{"line":699,"column":18},"end":{"line":699,"column":68}},"373":{"start":{"line":700,"column":6},"end":{"line":700,"column":94}},"374":{"start":{"line":705,"column":4},"end":{"line":720,"column":14}},"375":{"start":{"line":724,"column":4},"end":{"line":745,"column":14}},"376":{"start":{"line":730,"column":24},"end":{"line":735,"column":19}},"377":{"start":{"line":752,"column":4},"end":{"line":752,"column":22}},"378":{"start":{"line":753,"column":24},"end":{"line":753,"column":63}},"379":{"start":{"line":754,"column":22},"end":{"line":754,"column":59}},"380":{"start":{"line":755,"column":4},"end":{"line":759,"column":5}},"381":{"start":{"line":756,"column":23},"end":{"line":756,"column":44}},"382":{"start":{"line":757,"column":6},"end":{"line":757,"column":89}},"383":{"start":{"line":758,"column":6},"end":{"line":758,"column":87}},"384":{"start":{"line":763,"column":4},"end":{"line":818,"column":7}},"385":{"start":{"line":764,"column":6},"end":{"line":764,"column":25}},"386":{"start":{"line":765,"column":21},"end":{"line":765,"column":66}},"387":{"start":{"line":766,"column":19},"end":{"line":766,"column":62}},"388":{"start":{"line":767,"column":27},"end":{"line":767,"column":70}},"389":{"start":{"line":769,"column":6},"end":{"line":769,"column":35}},"390":{"start":{"line":769,"column":28},"end":{"line":769,"column":35}},"391":{"start":{"line":771,"column":24},"end":{"line":771,"column":64}},"392":{"start":{"line":772,"column":23},"end":{"line":772,"column":62}},"393":{"start":{"line":773,"column":6},"end":{"line":773,"column":44}},"394":{"start":{"line":774,"column":6},"end":{"line":774,"column":44}},"395":{"start":{"line":776,"column":6},"end":{"line":817,"column":7}},"396":{"start":{"line":777,"column":23},"end":{"line":777,"column":66}},"397":{"start":{"line":778,"column":8},"end":{"line":778,"column":43}},"398":{"start":{"line":780,"column":28},"end":{"line":780,"column":87}},"399":{"start":{"line":781,"column":27},"end":{"line":781,"column":89}},"400":{"start":{"line":783,"column":26},"end":{"line":783,"column":139}},"401":{"start":{"line":784,"column":8},"end":{"line":786,"column":9}},"402":{"start":{"line":785,"column":10},"end":{"line":785,"column":182}},"403":{"start":{"line":788,"column":8},"end":{"line":797,"column":107}},"404":{"start":{"line":799,"column":8},"end":{"line":801,"column":11}},"405":{"start":{"line":800,"column":10},"end":{"line":800,"column":80}},"406":{"start":{"line":803,"column":8},"end":{"line":812,"column":11}},"407":{"start":{"line":804,"column":10},"end":{"line":809,"column":13}},"408":{"start":{"line":810,"column":10},"end":{"line":810,"column":73}},"409":{"start":{"line":811,"column":10},"end":{"line":811,"column":32}},"410":{"start":{"line":814,"column":8},"end":{"line":814,"column":43}},"411":{"start":{"line":815,"column":8},"end":{"line":816,"column":108}},"412":{"start":{"line":825,"column":22},"end":{"line":825,"column":59}},"413":{"start":{"line":826,"column":4},"end":{"line":826,"column":27}},"414":{"start":{"line":826,"column":20},"end":{"line":826,"column":27}},"415":{"start":{"line":828,"column":4},"end":{"line":828,"column":126}},"416":{"start":{"line":830,"column":21},"end":{"line":830,"column":42}},"417":{"start":{"line":831,"column":18},"end":{"line":831,"column":55}},"418":{"start":{"line":832,"column":23},"end":{"line":832,"column":48}},"419":{"start":{"line":833,"column":20},"end":{"line":833,"column":70}},"420":{"start":{"line":835,"column":4},"end":{"line":866,"column":5}},"421":{"start":{"line":836,"column":20},"end":{"line":836,"column":75}},"422":{"start":{"line":838,"column":6},"end":{"line":854,"column":18}},"423":{"start":{"line":840,"column":20},"end":{"line":852,"column":15}},"424":{"start":{"line":856,"column":6},"end":{"line":863,"column":9}},"425":{"start":{"line":857,"column":8},"end":{"line":862,"column":11}},"426":{"start":{"line":858,"column":10},"end":{"line":858,"column":42}},"427":{"start":{"line":859,"column":10},"end":{"line":859,"column":30}},"428":{"start":{"line":860,"column":10},"end":{"line":860,"column":40}},"429":{"start":{"line":861,"column":10},"end":{"line":861,"column":72}},"430":{"start":{"line":865,"column":6},"end":{"line":865,"column":96}},"431":{"start":{"line":873,"column":25},"end":{"line":873,"column":67}},"432":{"start":{"line":874,"column":25},"end":{"line":874,"column":72}},"433":{"start":{"line":875,"column":22},"end":{"line":875,"column":62}},"434":{"start":{"line":877,"column":4},"end":{"line":890,"column":5}},"435":{"start":{"line":879,"column":6},"end":{"line":884,"column":9}},"436":{"start":{"line":880,"column":20},"end":{"line":880,"column":52}},"437":{"start":{"line":881,"column":8},"end":{"line":881,"column":25}},"438":{"start":{"line":882,"column":8},"end":{"line":882,"column":46}},"439":{"start":{"line":883,"column":8},"end":{"line":883,"column":38}},"440":{"start":{"line":886,"column":23},"end":{"line":886,"column":44}},"441":{"start":{"line":887,"column":6},"end":{"line":887,"column":51}},"442":{"start":{"line":888,"column":6},"end":{"line":888,"column":67}},"443":{"start":{"line":888,"column":21},"end":{"line":888,"column":67}},"444":{"start":{"line":889,"column":6},"end":{"line":889,"column":69}},"445":{"start":{"line":889,"column":24},"end":{"line":889,"column":69}},"446":{"start":{"line":892,"column":4},"end":{"line":901,"column":7}},"447":{"start":{"line":893,"column":6},"end":{"line":893,"column":25}},"448":{"start":{"line":894,"column":21},"end":{"line":894,"column":48}},"449":{"start":{"line":895,"column":19},"end":{"line":895,"column":54}},"450":{"start":{"line":896,"column":23},"end":{"line":896,"column":53}},"451":{"start":{"line":898,"column":6},"end":{"line":898,"column":82}},"452":{"start":{"line":899,"column":6},"end":{"line":899,"column":37}},"453":{"start":{"line":900,"column":6},"end":{"line":900,"column":37}},"454":{"start":{"line":903,"column":4},"end":{"line":909,"column":7}},"455":{"start":{"line":904,"column":6},"end":{"line":908,"column":7}},"456":{"start":{"line":905,"column":8},"end":{"line":905,"column":30}},"457":{"start":{"line":906,"column":8},"end":{"line":906,"column":35}},"458":{"start":{"line":907,"column":8},"end":{"line":907,"column":30}},"459":{"start":{"line":911,"column":4},"end":{"line":919,"column":7}},"460":{"start":{"line":912,"column":6},"end":{"line":918,"column":7}},"461":{"start":{"line":917,"column":8},"end":{"line":917,"column":23}},"462":{"start":{"line":926,"column":19},"end":{"line":926,"column":55}},"463":{"start":{"line":927,"column":21},"end":{"line":927,"column":59}},"464":{"start":{"line":930,"column":27},"end":{"line":930,"column":67}},"465":{"start":{"line":931,"column":28},"end":{"line":931,"column":69}},"466":{"start":{"line":932,"column":29},"end":{"line":932,"column":71}},"467":{"start":{"line":934,"column":4},"end":{"line":934,"column":95}},"468":{"start":{"line":934,"column":24},"end":{"line":934,"column":95}},"469":{"start":{"line":935,"column":4},"end":{"line":935,"column":72}},"470":{"start":{"line":935,"column":25},"end":{"line":935,"column":72}},"471":{"start":{"line":937,"column":4},"end":{"line":937,"column":61}},"472":{"start":{"line":937,"column":16},"end":{"line":937,"column":61}},"473":{"start":{"line":939,"column":4},"end":{"line":954,"column":5}},"474":{"start":{"line":940,"column":6},"end":{"line":943,"column":7}},"475":{"start":{"line":941,"column":8},"end":{"line":941,"column":36}},"476":{"start":{"line":942,"column":8},"end":{"line":942,"column":50}},"477":{"start":{"line":944,"column":6},"end":{"line":947,"column":7}},"478":{"start":{"line":945,"column":8},"end":{"line":945,"column":44}},"479":{"start":{"line":946,"column":8},"end":{"line":946,"column":49}},"480":{"start":{"line":949,"column":6},"end":{"line":953,"column":7}},"481":{"start":{"line":950,"column":8},"end":{"line":950,"column":40}},"482":{"start":{"line":951,"column":25},"end":{"line":951,"column":65}},"483":{"start":{"line":952,"column":8},"end":{"line":952,"column":88}},"484":{"start":{"line":952,"column":22},"end":{"line":952,"column":88}},"485":{"start":{"line":956,"column":4},"end":{"line":958,"column":5}},"486":{"start":{"line":957,"column":6},"end":{"line":957,"column":72}},"487":{"start":{"line":962,"column":18},"end":{"line":962,"column":50}},"488":{"start":{"line":963,"column":4},"end":{"line":963,"column":23}},"489":{"start":{"line":963,"column":16},"end":{"line":963,"column":23}},"490":{"start":{"line":964,"column":4},"end":{"line":964,"column":32}},"491":{"start":{"line":965,"column":4},"end":{"line":965,"column":32}},"492":{"start":{"line":966,"column":4},"end":{"line":966,"column":59}},"493":{"start":{"line":966,"column":21},"end":{"line":966,"column":51}},"494":{"start":{"line":970,"column":18},"end":{"line":982,"column":5}},"495":{"start":{"line":983,"column":4},"end":{"line":983,"column":44}},"496":{"start":{"line":987,"column":16},"end":{"line":987,"column":36}},"497":{"start":{"line":988,"column":4},"end":{"line":993,"column":5}},"498":{"start":{"line":989,"column":21},"end":{"line":989,"column":83}},"499":{"start":{"line":990,"column":6},"end":{"line":992,"column":7}},"500":{"start":{"line":991,"column":8},"end":{"line":991,"column":26}},"501":{"start":{"line":997,"column":17},"end":{"line":1012,"column":5}},"502":{"start":{"line":1014,"column":4},"end":{"line":1017,"column":7}},"503":{"start":{"line":1015,"column":19},"end":{"line":1015,"column":87}},"504":{"start":{"line":1016,"column":6},"end":{"line":1016,"column":56}},"505":{"start":{"line":1020,"column":2},"end":{"line":1020,"column":55}},"506":{"start":{"line":1024,"column":0},"end":{"line":1024,"column":64}},"507":{"start":{"line":1024,"column":52},"end":{"line":1024,"column":62}},"508":{"start":{"line":1025,"column":0},"end":{"line":1025,"column":17}},"509":{"start":{"line":1026,"column":0},"end":{"line":1026,"column":38}}},"fnMap":{"0":{"name":"(anonymous_0)","decl":{"start":{"line":7,"column":13},"end":{"line":7,"column":14}},"loc":{"start":{"line":7,"column":19},"end":{"line":1021,"column":1}},"line":7},"1":{"name":"init","decl":{"start":{"line":15,"column":11},"end":{"line":15,"column":15}},"loc":{"start":{"line":15,"column":18},"end":{"line":75,"column":3}},"line":15},"2":{"name":"(anonymous_2)","decl":{"start":{"line":23,"column":52},"end":{"line":23,"column":53}},"loc":{"start":{"line":23,"column":61},"end":{"line":25,"column":5}},"line":23},"3":{"name":"(anonymous_3)","decl":{"start":{"line":24,"column":36},"end":{"line":24,"column":37}},"loc":{"start":{"line":24,"column":42},"end":{"line":24,"column":67}},"line":24},"4":{"name":"(anonymous_4)","decl":{"start":{"line":28,"column":53},"end":{"line":28,"column":54}},"loc":{"start":{"line":28,"column":62},"end":{"line":30,"column":5}},"line":28},"5":{"name":"(anonymous_5)","decl":{"start":{"line":29,"column":36},"end":{"line":29,"column":37}},"loc":{"start":{"line":29,"column":42},"end":{"line":29,"column":55}},"line":29},"6":{"name":"(anonymous_6)","decl":{"start":{"line":33,"column":70},"end":{"line":33,"column":71}},"loc":{"start":{"line":33,"column":76},"end":{"line":40,"column":5}},"line":33},"7":{"name":"(anonymous_7)","decl":{"start":{"line":43,"column":67},"end":{"line":43,"column":68}},"loc":{"start":{"line":43,"column":73},"end":{"line":45,"column":5}},"line":43},"8":{"name":"(anonymous_8)","decl":{"start":{"line":48,"column":47},"end":{"line":48,"column":48}},"loc":{"start":{"line":48,"column":53},"end":{"line":48,"column":72}},"line":48},"9":{"name":"(anonymous_9)","decl":{"start":{"line":51,"column":51},"end":{"line":51,"column":52}},"loc":{"start":{"line":51,"column":60},"end":{"line":53,"column":5}},"line":51},"10":{"name":"(anonymous_10)","decl":{"start":{"line":52,"column":36},"end":{"line":52,"column":37}},"loc":{"start":{"line":52,"column":42},"end":{"line":52,"column":63}},"line":52},"11":{"name":"_checkApiKeys","decl":{"start":{"line":77,"column":11},"end":{"line":77,"column":24}},"loc":{"start":{"line":77,"column":27},"end":{"line":119,"column":3}},"line":77},"12":{"name":"(anonymous_12)","decl":{"start":{"line":92,"column":73},"end":{"line":92,"column":74}},"loc":{"start":{"line":92,"column":80},"end":{"line":109,"column":5}},"line":92},"13":{"name":"(anonymous_13)","decl":{"start":{"line":112,"column":78},"end":{"line":112,"column":79}},"loc":{"start":{"line":112,"column":84},"end":{"line":118,"column":5}},"line":112},"14":{"name":"_onSignIn","decl":{"start":{"line":121,"column":11},"end":{"line":121,"column":20}},"loc":{"start":{"line":121,"column":27},"end":{"line":134,"column":3}},"line":121},"15":{"name":"(anonymous_15)","decl":{"start":{"line":132,"column":17},"end":{"line":132,"column":18}},"loc":{"start":{"line":132,"column":23},"end":{"line":132,"column":37}},"line":132},"16":{"name":"_startOnboarding","decl":{"start":{"line":136,"column":11},"end":{"line":136,"column":27}},"loc":{"start":{"line":136,"column":30},"end":{"line":193,"column":3}},"line":136},"17":{"name":"(anonymous_17)","decl":{"start":{"line":143,"column":56},"end":{"line":143,"column":57}},"loc":{"start":{"line":143,"column":78},"end":{"line":148,"column":7}},"line":143},"18":{"name":"(anonymous_18)","decl":{"start":{"line":152,"column":77},"end":{"line":152,"column":78}},"loc":{"start":{"line":152,"column":83},"end":{"line":163,"column":5}},"line":152},"19":{"name":"(anonymous_19)","decl":{"start":{"line":165,"column":77},"end":{"line":165,"column":78}},"loc":{"start":{"line":165,"column":83},"end":{"line":171,"column":5}},"line":165},"20":{"name":"(anonymous_20)","decl":{"start":{"line":173,"column":29},"end":{"line":173,"column":30}},"loc":{"start":{"line":173,"column":35},"end":{"line":178,"column":5}},"line":173},"21":{"name":"(anonymous_21)","decl":{"start":{"line":177,"column":17},"end":{"line":177,"column":18}},"loc":{"start":{"line":177,"column":23},"end":{"line":177,"column":37}},"line":177},"22":{"name":"(anonymous_22)","decl":{"start":{"line":180,"column":75},"end":{"line":180,"column":76}},"loc":{"start":{"line":180,"column":87},"end":{"line":190,"column":5}},"line":180},"23":{"name":"navigate","decl":{"start":{"line":198,"column":11},"end":{"line":198,"column":19}},"loc":{"start":{"line":198,"column":26},"end":{"line":233,"column":3}},"line":198},"24":{"name":"(anonymous_24)","decl":{"start":{"line":201,"column":47},"end":{"line":201,"column":48}},"loc":{"start":{"line":201,"column":54},"end":{"line":201,"column":82}},"line":201},"25":{"name":"(anonymous_25)","decl":{"start":{"line":202,"column":52},"end":{"line":202,"column":53}},"loc":{"start":{"line":202,"column":59},"end":{"line":202,"column":87}},"line":202},"26":{"name":"(anonymous_26)","decl":{"start":{"line":231,"column":17},"end":{"line":231,"column":18}},"loc":{"start":{"line":231,"column":23},"end":{"line":231,"column":43}},"line":231},"27":{"name":"_showScreen","decl":{"start":{"line":235,"column":11},"end":{"line":235,"column":22}},"loc":{"start":{"line":235,"column":31},"end":{"line":241,"column":3}},"line":235},"28":{"name":"_renderDashboard","decl":{"start":{"line":246,"column":11},"end":{"line":246,"column":27}},"loc":{"start":{"line":246,"column":30},"end":{"line":290,"column":3}},"line":246},"29":{"name":"(anonymous_29)","decl":{"start":{"line":275,"column":26},"end":{"line":275,"column":27}},"loc":{"start":{"line":275,"column":32},"end":{"line":279,"column":5}},"line":275},"30":{"name":"_renderCategoryPills","decl":{"start":{"line":292,"column":11},"end":{"line":292,"column":31}},"loc":{"start":{"line":292,"column":44},"end":{"line":312,"column":3}},"line":292},"31":{"name":"(anonymous_31)","decl":{"start":{"line":297,"column":12},"end":{"line":297,"column":13}},"loc":{"start":{"line":297,"column":30},"end":{"line":297,"column":35}},"line":297},"32":{"name":"(anonymous_32)","decl":{"start":{"line":301,"column":11},"end":{"line":301,"column":12}},"loc":{"start":{"line":301,"column":27},"end":{"line":310,"column":7}},"line":301},"33":{"name":"_loadInsight","decl":{"start":{"line":314,"column":17},"end":{"line":314,"column":29}},"loc":{"start":{"line":314,"column":32},"end":{"line":349,"column":3}},"line":314},"34":{"name":"(anonymous_34)","decl":{"start":{"line":333,"column":49},"end":{"line":333,"column":50}},"loc":{"start":{"line":333,"column":67},"end":{"line":333,"column":72}},"line":333},"35":{"name":"_renderEmailSync","decl":{"start":{"line":354,"column":11},"end":{"line":354,"column":27}},"loc":{"start":{"line":354,"column":30},"end":{"line":367,"column":3}},"line":354},"36":{"name":"_doGmailSync","decl":{"start":{"line":369,"column":17},"end":{"line":369,"column":29}},"loc":{"start":{"line":369,"column":32},"end":{"line":445,"column":3}},"line":369},"37":{"name":"(anonymous_37)","decl":{"start":{"line":387,"column":10},"end":{"line":387,"column":11}},"loc":{"start":{"line":387,"column":17},"end":{"line":406,"column":7}},"line":387},"38":{"name":"(anonymous_38)","decl":{"start":{"line":411,"column":58},"end":{"line":411,"column":59}},"loc":{"start":{"line":411,"column":67},"end":{"line":420,"column":7}},"line":411},"39":{"name":"(anonymous_39)","decl":{"start":{"line":412,"column":38},"end":{"line":412,"column":39}},"loc":{"start":{"line":412,"column":45},"end":{"line":419,"column":9}},"line":412},"40":{"name":"(anonymous_40)","decl":{"start":{"line":426,"column":44},"end":{"line":426,"column":45}},"loc":{"start":{"line":426,"column":50},"end":{"line":440,"column":9}},"line":426},"41":{"name":"(anonymous_41)","decl":{"start":{"line":428,"column":20},"end":{"line":428,"column":21}},"loc":{"start":{"line":428,"column":27},"end":{"line":428,"column":41}},"line":428},"42":{"name":"(anonymous_42)","decl":{"start":{"line":429,"column":21},"end":{"line":429,"column":22}},"loc":{"start":{"line":429,"column":28},"end":{"line":437,"column":13}},"line":429},"43":{"name":"(anonymous_43)","decl":{"start":{"line":438,"column":45},"end":{"line":438,"column":46}},"loc":{"start":{"line":438,"column":52},"end":{"line":438,"column":66}},"line":438},"44":{"name":"_renderLog","decl":{"start":{"line":450,"column":11},"end":{"line":450,"column":21}},"loc":{"start":{"line":450,"column":24},"end":{"line":485,"column":3}},"line":450},"45":{"name":"(anonymous_45)","decl":{"start":{"line":462,"column":11},"end":{"line":462,"column":12}},"loc":{"start":{"line":462,"column":18},"end":{"line":475,"column":7}},"line":462},"46":{"name":"(anonymous_46)","decl":{"start":{"line":478,"column":59},"end":{"line":478,"column":60}},"loc":{"start":{"line":478,"column":68},"end":{"line":484,"column":5}},"line":478},"47":{"name":"(anonymous_47)","decl":{"start":{"line":479,"column":36},"end":{"line":479,"column":37}},"loc":{"start":{"line":479,"column":42},"end":{"line":483,"column":7}},"line":479},"48":{"name":"_wireLogActivity","decl":{"start":{"line":487,"column":11},"end":{"line":487,"column":27}},"loc":{"start":{"line":487,"column":30},"end":{"line":573,"column":3}},"line":487},"49":{"name":"(anonymous_49)","decl":{"start":{"line":489,"column":74},"end":{"line":489,"column":75}},"loc":{"start":{"line":489,"column":81},"end":{"line":502,"column":5}},"line":489},"50":{"name":"(anonymous_50)","decl":{"start":{"line":505,"column":69},"end":{"line":505,"column":70}},"loc":{"start":{"line":505,"column":76},"end":{"line":517,"column":5}},"line":505},"51":{"name":"(anonymous_51)","decl":{"start":{"line":520,"column":74},"end":{"line":520,"column":75}},"loc":{"start":{"line":520,"column":81},"end":{"line":535,"column":5}},"line":520},"52":{"name":"(anonymous_52)","decl":{"start":{"line":538,"column":72},"end":{"line":538,"column":73}},"loc":{"start":{"line":538,"column":79},"end":{"line":550,"column":5}},"line":538},"53":{"name":"(anonymous_53)","decl":{"start":{"line":553,"column":71},"end":{"line":553,"column":72}},"loc":{"start":{"line":553,"column":78},"end":{"line":572,"column":5}},"line":553},"54":{"name":"_wireSnapScan","decl":{"start":{"line":578,"column":11},"end":{"line":578,"column":24}},"loc":{"start":{"line":578,"column":27},"end":{"line":613,"column":3}},"line":578},"55":{"name":"(anonymous_55)","decl":{"start":{"line":583,"column":40},"end":{"line":583,"column":41}},"loc":{"start":{"line":583,"column":46},"end":{"line":583,"column":64}},"line":583},"56":{"name":"(anonymous_56)","decl":{"start":{"line":584,"column":43},"end":{"line":584,"column":44}},"loc":{"start":{"line":584,"column":50},"end":{"line":587,"column":5}},"line":584},"57":{"name":"(anonymous_57)","decl":{"start":{"line":588,"column":44},"end":{"line":588,"column":45}},"loc":{"start":{"line":588,"column":50},"end":{"line":588,"column":88}},"line":588},"58":{"name":"(anonymous_58)","decl":{"start":{"line":589,"column":39},"end":{"line":589,"column":40}},"loc":{"start":{"line":589,"column":46},"end":{"line":594,"column":5}},"line":589},"59":{"name":"(anonymous_59)","decl":{"start":{"line":596,"column":42},"end":{"line":596,"column":43}},"loc":{"start":{"line":596,"column":48},"end":{"line":599,"column":5}},"line":596},"60":{"name":"(anonymous_60)","decl":{"start":{"line":602,"column":56},"end":{"line":602,"column":57}},"loc":{"start":{"line":602,"column":65},"end":{"line":612,"column":5}},"line":602},"61":{"name":"(anonymous_61)","decl":{"start":{"line":603,"column":36},"end":{"line":603,"column":37}},"loc":{"start":{"line":603,"column":42},"end":{"line":611,"column":7}},"line":603},"62":{"name":"(anonymous_62)","decl":{"start":{"line":604,"column":60},"end":{"line":604,"column":61}},"loc":{"start":{"line":604,"column":67},"end":{"line":604,"column":95}},"line":604},"63":{"name":"_processScanFile","decl":{"start":{"line":615,"column":17},"end":{"line":615,"column":33}},"loc":{"start":{"line":615,"column":40},"end":{"line":682,"column":3}},"line":615},"64":{"name":"(anonymous_64)","decl":{"start":{"line":644,"column":81},"end":{"line":644,"column":82}},"loc":{"start":{"line":644,"column":87},"end":{"line":654,"column":11}},"line":644},"65":{"name":"(anonymous_65)","decl":{"start":{"line":664,"column":84},"end":{"line":664,"column":85}},"loc":{"start":{"line":664,"column":90},"end":{"line":673,"column":11}},"line":664},"66":{"name":"_estimateReceiptCO2","decl":{"start":{"line":684,"column":11},"end":{"line":684,"column":30}},"loc":{"start":{"line":684,"column":38},"end":{"line":702,"column":3}},"line":684},"67":{"name":"(anonymous_67)","decl":{"start":{"line":698,"column":24},"end":{"line":698,"column":25}},"loc":{"start":{"line":698,"column":39},"end":{"line":701,"column":5}},"line":698},"68":{"name":"_renderBillResult","decl":{"start":{"line":704,"column":11},"end":{"line":704,"column":28}},"loc":{"start":{"line":704,"column":40},"end":{"line":721,"column":3}},"line":704},"69":{"name":"_renderReceiptResult","decl":{"start":{"line":723,"column":11},"end":{"line":723,"column":31}},"loc":{"start":{"line":723,"column":46},"end":{"line":746,"column":3}},"line":723},"70":{"name":"(anonymous_70)","decl":{"start":{"line":730,"column":14},"end":{"line":730,"column":15}},"loc":{"start":{"line":730,"column":24},"end":{"line":735,"column":19}},"line":730},"71":{"name":"_renderRoute","decl":{"start":{"line":751,"column":11},"end":{"line":751,"column":23}},"loc":{"start":{"line":751,"column":26},"end":{"line":760,"column":3}},"line":751},"72":{"name":"_wireRoutePlanner","decl":{"start":{"line":762,"column":11},"end":{"line":762,"column":28}},"loc":{"start":{"line":762,"column":31},"end":{"line":819,"column":3}},"line":762},"73":{"name":"(anonymous_73)","decl":{"start":{"line":763,"column":70},"end":{"line":763,"column":71}},"loc":{"start":{"line":763,"column":83},"end":{"line":818,"column":5}},"line":763},"74":{"name":"(anonymous_74)","decl":{"start":{"line":799,"column":30},"end":{"line":799,"column":31}},"loc":{"start":{"line":799,"column":36},"end":{"line":801,"column":9}},"line":799},"75":{"name":"(anonymous_75)","decl":{"start":{"line":803,"column":76},"end":{"line":803,"column":77}},"loc":{"start":{"line":803,"column":82},"end":{"line":812,"column":9}},"line":803},"76":{"name":"_renderGoals","decl":{"start":{"line":824,"column":17},"end":{"line":824,"column":29}},"loc":{"start":{"line":824,"column":32},"end":{"line":867,"column":3}},"line":824},"77":{"name":"(anonymous_77)","decl":{"start":{"line":840,"column":10},"end":{"line":840,"column":11}},"loc":{"start":{"line":840,"column":20},"end":{"line":852,"column":15}},"line":840},"78":{"name":"(anonymous_78)","decl":{"start":{"line":856,"column":60},"end":{"line":856,"column":61}},"loc":{"start":{"line":856,"column":69},"end":{"line":863,"column":7}},"line":856},"79":{"name":"(anonymous_79)","decl":{"start":{"line":857,"column":38},"end":{"line":857,"column":39}},"loc":{"start":{"line":857,"column":44},"end":{"line":862,"column":9}},"line":857},"80":{"name":"_wireSettings","decl":{"start":{"line":872,"column":11},"end":{"line":872,"column":24}},"loc":{"start":{"line":872,"column":27},"end":{"line":920,"column":3}},"line":872},"81":{"name":"(anonymous_81)","decl":{"start":{"line":879,"column":56},"end":{"line":879,"column":57}},"loc":{"start":{"line":879,"column":78},"end":{"line":884,"column":7}},"line":879},"82":{"name":"(anonymous_82)","decl":{"start":{"line":892,"column":73},"end":{"line":892,"column":74}},"loc":{"start":{"line":892,"column":80},"end":{"line":901,"column":5}},"line":892},"83":{"name":"(anonymous_83)","decl":{"start":{"line":903,"column":73},"end":{"line":903,"column":74}},"loc":{"start":{"line":903,"column":79},"end":{"line":909,"column":5}},"line":903},"84":{"name":"(anonymous_84)","decl":{"start":{"line":911,"column":75},"end":{"line":911,"column":76}},"loc":{"start":{"line":911,"column":81},"end":{"line":919,"column":5}},"line":911},"85":{"name":"_updateUserUI","decl":{"start":{"line":925,"column":11},"end":{"line":925,"column":24}},"loc":{"start":{"line":925,"column":31},"end":{"line":959,"column":3}},"line":925},"86":{"name":"_showToast","decl":{"start":{"line":961,"column":11},"end":{"line":961,"column":21}},"loc":{"start":{"line":961,"column":31},"end":{"line":967,"column":3}},"line":961},"87":{"name":"(anonymous_87)","decl":{"start":{"line":966,"column":15},"end":{"line":966,"column":16}},"loc":{"start":{"line":966,"column":21},"end":{"line":966,"column":51}},"line":966},"88":{"name":"_getCategoryIcon","decl":{"start":{"line":969,"column":11},"end":{"line":969,"column":27}},"loc":{"start":{"line":969,"column":38},"end":{"line":984,"column":3}},"line":969},"89":{"name":"_seedDemoDataIfNeeded","decl":{"start":{"line":986,"column":11},"end":{"line":986,"column":32}},"loc":{"start":{"line":986,"column":35},"end":{"line":994,"column":3}},"line":986},"90":{"name":"_injectDemoData","decl":{"start":{"line":996,"column":11},"end":{"line":996,"column":26}},"loc":{"start":{"line":996,"column":29},"end":{"line":1018,"column":3}},"line":996},"91":{"name":"(anonymous_91)","decl":{"start":{"line":1014,"column":17},"end":{"line":1014,"column":18}},"loc":{"start":{"line":1014,"column":57},"end":{"line":1017,"column":5}},"line":1014},"92":{"name":"(anonymous_92)","decl":{"start":{"line":1024,"column":46},"end":{"line":1024,"column":47}},"loc":{"start":{"line":1024,"column":52},"end":{"line":1024,"column":62}},"line":1024}},"branchMap":{"0":{"loc":{"start":{"line":63,"column":4},"end":{"line":68,"column":5}},"type":"if","locations":[{"start":{"line":63,"column":4},"end":{"line":68,"column":5}},{"start":{"line":66,"column":11},"end":{"line":68,"column":5}}],"line":63},"1":{"loc":{"start":{"line":81,"column":4},"end":{"line":85,"column":5}},"type":"if","locations":[{"start":{"line":81,"column":4},"end":{"line":85,"column":5}},{"start":{},"end":{}}],"line":81},"2":{"loc":{"start":{"line":81,"column":8},"end":{"line":81,"column":42}},"type":"binary-expr","locations":[{"start":{"line":81,"column":8},"end":{"line":81,"column":17}},{"start":{"line":81,"column":21},"end":{"line":81,"column":42}}],"line":81},"3":{"loc":{"start":{"line":87,"column":4},"end":{"line":89,"column":5}},"type":"if","locations":[{"start":{"line":87,"column":4},"end":{"line":89,"column":5}},{"start":{},"end":{}}],"line":87},"4":{"loc":{"start":{"line":87,"column":8},"end":{"line":87,"column":55}},"type":"binary-expr","locations":[{"start":{"line":87,"column":8},"end":{"line":87,"column":18}},{"start":{"line":87,"column":22},"end":{"line":87,"column":55}}],"line":87},"5":{"loc":{"start":{"line":97,"column":6},"end":{"line":97,"column":65}},"type":"if","locations":[{"start":{"line":97,"column":6},"end":{"line":97,"column":65}},{"start":{},"end":{}}],"line":97},"6":{"loc":{"start":{"line":98,"column":6},"end":{"line":98,"column":59}},"type":"if","locations":[{"start":{"line":98,"column":6},"end":{"line":98,"column":59}},{"start":{},"end":{}}],"line":98},"7":{"loc":{"start":{"line":104,"column":6},"end":{"line":108,"column":7}},"type":"if","locations":[{"start":{"line":104,"column":6},"end":{"line":108,"column":7}},{"start":{},"end":{}}],"line":104},"8":{"loc":{"start":{"line":114,"column":6},"end":{"line":116,"column":7}},"type":"if","locations":[{"start":{"line":114,"column":6},"end":{"line":116,"column":7}},{"start":{},"end":{}}],"line":114},"9":{"loc":{"start":{"line":126,"column":4},"end":{"line":133,"column":5}},"type":"if","locations":[{"start":{"line":126,"column":4},"end":{"line":133,"column":5}},{"start":{"line":129,"column":11},"end":{"line":133,"column":5}}],"line":126},"10":{"loc":{"start":{"line":142,"column":4},"end":{"line":150,"column":5}},"type":"if","locations":[{"start":{"line":142,"column":4},"end":{"line":150,"column":5}},{"start":{},"end":{}}],"line":142},"11":{"loc":{"start":{"line":142,"column":8},"end":{"line":142,"column":58}},"type":"binary-expr","locations":[{"start":{"line":142,"column":8},"end":{"line":142,"column":20}},{"start":{"line":142,"column":24},"end":{"line":142,"column":58}}],"line":142},"12":{"loc":{"start":{"line":154,"column":6},"end":{"line":160,"column":7}},"type":"if","locations":[{"start":{"line":154,"column":6},"end":{"line":160,"column":7}},{"start":{},"end":{}}],"line":154},"13":{"loc":{"start":{"line":156,"column":8},"end":{"line":159,"column":9}},"type":"if","locations":[{"start":{"line":156,"column":8},"end":{"line":159,"column":9}},{"start":{},"end":{}}],"line":156},"14":{"loc":{"start":{"line":166,"column":21},"end":{"line":166,"column":48}},"type":"binary-expr","locations":[{"start":{"line":166,"column":21},"end":{"line":166,"column":40}},{"start":{"line":166,"column":44},"end":{"line":166,"column":48}}],"line":166},"15":{"loc":{"start":{"line":205,"column":4},"end":{"line":205,"column":47}},"type":"if","locations":[{"start":{"line":205,"column":4},"end":{"line":205,"column":47}},{"start":{},"end":{}}],"line":205},"16":{"loc":{"start":{"line":208,"column":4},"end":{"line":208,"column":47}},"type":"if","locations":[{"start":{"line":208,"column":4},"end":{"line":208,"column":47}},{"start":{},"end":{}}],"line":208},"17":{"loc":{"start":{"line":211,"column":4},"end":{"line":227,"column":5}},"type":"switch","locations":[{"start":{"line":212,"column":6},"end":{"line":214,"column":14}},{"start":{"line":215,"column":6},"end":{"line":217,"column":14}},{"start":{"line":218,"column":6},"end":{"line":220,"column":14}},{"start":{"line":221,"column":6},"end":{"line":223,"column":14}},{"start":{"line":224,"column":6},"end":{"line":226,"column":14}}],"line":211},"18":{"loc":{"start":{"line":230,"column":4},"end":{"line":232,"column":5}},"type":"if","locations":[{"start":{"line":230,"column":4},"end":{"line":232,"column":5}},{"start":{},"end":{}}],"line":230},"19":{"loc":{"start":{"line":266,"column":57},"end":{"line":266,"column":81}},"type":"binary-expr","locations":[{"start":{"line":266,"column":57},"end":{"line":266,"column":76}},{"start":{"line":266,"column":80},"end":{"line":266,"column":81}}],"line":266},"20":{"loc":{"start":{"line":282,"column":17},"end":{"line":282,"column":44}},"type":"binary-expr","locations":[{"start":{"line":282,"column":17},"end":{"line":282,"column":37}},{"start":{"line":282,"column":41},"end":{"line":282,"column":44}}],"line":282},"21":{"loc":{"start":{"line":286,"column":4},"end":{"line":286,"column":49}},"type":"if","locations":[{"start":{"line":286,"column":4},"end":{"line":286,"column":49}},{"start":{},"end":{}}],"line":286},"22":{"loc":{"start":{"line":287,"column":4},"end":{"line":288,"column":96}},"type":"if","locations":[{"start":{"line":287,"column":4},"end":{"line":288,"column":96}},{"start":{},"end":{}}],"line":287},"23":{"loc":{"start":{"line":289,"column":4},"end":{"line":289,"column":100}},"type":"if","locations":[{"start":{"line":289,"column":4},"end":{"line":289,"column":100}},{"start":{},"end":{}}],"line":289},"24":{"loc":{"start":{"line":289,"column":44},"end":{"line":289,"column":99}},"type":"cond-expr","locations":[{"start":{"line":289,"column":55},"end":{"line":289,"column":64}},{"start":{"line":289,"column":67},"end":{"line":289,"column":99}}],"line":289},"25":{"loc":{"start":{"line":289,"column":67},"end":{"line":289,"column":99}},"type":"cond-expr","locations":[{"start":{"line":289,"column":78},"end":{"line":289,"column":87}},{"start":{"line":289,"column":90},"end":{"line":289,"column":99}}],"line":289},"26":{"loc":{"start":{"line":294,"column":4},"end":{"line":294,"column":27}},"type":"if","locations":[{"start":{"line":294,"column":4},"end":{"line":294,"column":27}},{"start":{},"end":{}}],"line":294},"27":{"loc":{"start":{"line":302,"column":22},"end":{"line":302,"column":62}},"type":"binary-expr","locations":[{"start":{"line":302,"column":22},"end":{"line":302,"column":49}},{"start":{"line":302,"column":53},"end":{"line":302,"column":62}}],"line":302},"28":{"loc":{"start":{"line":303,"column":22},"end":{"line":303,"column":56}},"type":"binary-expr","locations":[{"start":{"line":303,"column":22},"end":{"line":303,"column":49}},{"start":{"line":303,"column":53},"end":{"line":303,"column":56}}],"line":303},"29":{"loc":{"start":{"line":315,"column":4},"end":{"line":315,"column":32}},"type":"if","locations":[{"start":{"line":315,"column":4},"end":{"line":315,"column":32}},{"start":{},"end":{}}],"line":315},"30":{"loc":{"start":{"line":319,"column":4},"end":{"line":319,"column":27}},"type":"if","locations":[{"start":{"line":319,"column":4},"end":{"line":319,"column":27}},{"start":{},"end":{}}],"line":319},"31":{"loc":{"start":{"line":333,"column":8},"end":{"line":333,"column":94}},"type":"binary-expr","locations":[{"start":{"line":333,"column":8},"end":{"line":333,"column":81}},{"start":{"line":333,"column":85},"end":{"line":333,"column":94}}],"line":333},"32":{"loc":{"start":{"line":339,"column":18},"end":{"line":339,"column":55}},"type":"binary-expr","locations":[{"start":{"line":339,"column":18},"end":{"line":339,"column":44}},{"start":{"line":339,"column":48},"end":{"line":339,"column":55}}],"line":339},"33":{"loc":{"start":{"line":356,"column":4},"end":{"line":356,"column":22}},"type":"if","locations":[{"start":{"line":356,"column":4},"end":{"line":356,"column":22}},{"start":{},"end":{}}],"line":356},"34":{"loc":{"start":{"line":359,"column":4},"end":{"line":366,"column":5}},"type":"if","locations":[{"start":{"line":359,"column":4},"end":{"line":366,"column":5}},{"start":{},"end":{}}],"line":359},"35":{"loc":{"start":{"line":378,"column":6},"end":{"line":381,"column":7}},"type":"if","locations":[{"start":{"line":378,"column":6},"end":{"line":381,"column":7}},{"start":{},"end":{}}],"line":378},"36":{"loc":{"start":{"line":388,"column":62},"end":{"line":388,"column":81}},"type":"binary-expr","locations":[{"start":{"line":388,"column":62},"end":{"line":388,"column":76}},{"start":{"line":388,"column":80},"end":{"line":388,"column":81}}],"line":388},"37":{"loc":{"start":{"line":395,"column":34},"end":{"line":395,"column":69}},"type":"cond-expr","locations":[{"start":{"line":395,"column":50},"end":{"line":395,"column":64}},{"start":{"line":395,"column":67},"end":{"line":395,"column":69}}],"line":395},"38":{"loc":{"start":{"line":396,"column":14},"end":{"line":396,"column":140}},"type":"cond-expr","locations":[{"start":{"line":396,"column":31},"end":{"line":396,"column":95}},{"start":{"line":396,"column":98},"end":{"line":396,"column":140}}],"line":396},"39":{"loc":{"start":{"line":401,"column":17},"end":{"line":401,"column":36}},"type":"binary-expr","locations":[{"start":{"line":401,"column":17},"end":{"line":401,"column":31}},{"start":{"line":401,"column":35},"end":{"line":401,"column":36}}],"line":401},"40":{"loc":{"start":{"line":424,"column":6},"end":{"line":441,"column":7}},"type":"if","locations":[{"start":{"line":424,"column":6},"end":{"line":441,"column":7}},{"start":{},"end":{}}],"line":424},"41":{"loc":{"start":{"line":454,"column":4},"end":{"line":454,"column":25}},"type":"if","locations":[{"start":{"line":454,"column":4},"end":{"line":454,"column":25}},{"start":{},"end":{}}],"line":454},"42":{"loc":{"start":{"line":456,"column":4},"end":{"line":459,"column":5}},"type":"if","locations":[{"start":{"line":456,"column":4},"end":{"line":459,"column":5}},{"start":{},"end":{}}],"line":456},"43":{"loc":{"start":{"line":463,"column":22},"end":{"line":463,"column":69}},"type":"binary-expr","locations":[{"start":{"line":463,"column":22},"end":{"line":463,"column":56}},{"start":{"line":463,"column":60},"end":{"line":463,"column":69}}],"line":463},"44":{"loc":{"start":{"line":493,"column":6},"end":{"line":496,"column":7}},"type":"if","locations":[{"start":{"line":493,"column":6},"end":{"line":496,"column":7}},{"start":{},"end":{}}],"line":493},"45":{"loc":{"start":{"line":493,"column":10},"end":{"line":493,"column":51}},"type":"binary-expr","locations":[{"start":{"line":493,"column":10},"end":{"line":493,"column":21}},{"start":{"line":493,"column":25},"end":{"line":493,"column":34}},{"start":{"line":493,"column":38},"end":{"line":493,"column":51}}],"line":493},"46":{"loc":{"start":{"line":511,"column":18},"end":{"line":511,"column":59}},"type":"cond-expr","locations":[{"start":{"line":511,"column":25},"end":{"line":511,"column":41}},{"start":{"line":511,"column":44},"end":{"line":511,"column":59}}],"line":511},"47":{"loc":{"start":{"line":524,"column":19},"end":{"line":524,"column":83}},"type":"binary-expr","locations":[{"start":{"line":524,"column":19},"end":{"line":524,"column":78}},{"start":{"line":524,"column":82},"end":{"line":524,"column":83}}],"line":524},"48":{"loc":{"start":{"line":526,"column":6},"end":{"line":529,"column":7}},"type":"if","locations":[{"start":{"line":526,"column":6},"end":{"line":529,"column":7}},{"start":{},"end":{}}],"line":526},"49":{"loc":{"start":{"line":526,"column":10},"end":{"line":526,"column":92}},"type":"binary-expr","locations":[{"start":{"line":526,"column":10},"end":{"line":526,"column":22}},{"start":{"line":526,"column":26},"end":{"line":526,"column":36}},{"start":{"line":526,"column":40},"end":{"line":526,"column":50}},{"start":{"line":526,"column":54},"end":{"line":526,"column":65}},{"start":{"line":526,"column":69},"end":{"line":526,"column":78}},{"start":{"line":526,"column":82},"end":{"line":526,"column":92}}],"line":526},"50":{"loc":{"start":{"line":542,"column":6},"end":{"line":545,"column":7}},"type":"if","locations":[{"start":{"line":542,"column":6},"end":{"line":545,"column":7}},{"start":{},"end":{}}],"line":542},"51":{"loc":{"start":{"line":542,"column":10},"end":{"line":542,"column":50}},"type":"binary-expr","locations":[{"start":{"line":542,"column":10},"end":{"line":542,"column":22}},{"start":{"line":542,"column":26},"end":{"line":542,"column":36}},{"start":{"line":542,"column":40},"end":{"line":542,"column":50}}],"line":542},"52":{"loc":{"start":{"line":558,"column":6},"end":{"line":561,"column":7}},"type":"if","locations":[{"start":{"line":558,"column":6},"end":{"line":561,"column":7}},{"start":{},"end":{}}],"line":558},"53":{"loc":{"start":{"line":558,"column":10},"end":{"line":558,"column":50}},"type":"binary-expr","locations":[{"start":{"line":558,"column":10},"end":{"line":558,"column":21}},{"start":{"line":558,"column":25},"end":{"line":558,"column":34}},{"start":{"line":558,"column":38},"end":{"line":558,"column":50}}],"line":558},"54":{"loc":{"start":{"line":593,"column":6},"end":{"line":593,"column":39}},"type":"if","locations":[{"start":{"line":593,"column":6},"end":{"line":593,"column":39}},{"start":{},"end":{}}],"line":593},"55":{"loc":{"start":{"line":598,"column":6},"end":{"line":598,"column":39}},"type":"if","locations":[{"start":{"line":598,"column":6},"end":{"line":598,"column":39}},{"start":{},"end":{}}],"line":598},"56":{"loc":{"start":{"line":608,"column":10},"end":{"line":610,"column":53}},"type":"cond-expr","locations":[{"start":{"line":609,"column":14},"end":{"line":609,"column":58}},{"start":{"line":610,"column":14},"end":{"line":610,"column":53}}],"line":608},"57":{"loc":{"start":{"line":618,"column":21},"end":{"line":618,"column":99}},"type":"binary-expr","locations":[{"start":{"line":618,"column":21},"end":{"line":618,"column":86}},{"start":{"line":618,"column":90},"end":{"line":618,"column":99}}],"line":618},"58":{"loc":{"start":{"line":620,"column":4},"end":{"line":620,"column":40}},"type":"if","locations":[{"start":{"line":620,"column":4},"end":{"line":620,"column":40}},{"start":{},"end":{}}],"line":620},"59":{"loc":{"start":{"line":620,"column":8},"end":{"line":620,"column":31}},"type":"binary-expr","locations":[{"start":{"line":620,"column":8},"end":{"line":620,"column":17}},{"start":{"line":620,"column":21},"end":{"line":620,"column":31}}],"line":620},"60":{"loc":{"start":{"line":623,"column":4},"end":{"line":626,"column":5}},"type":"if","locations":[{"start":{"line":623,"column":4},"end":{"line":626,"column":5}},{"start":{},"end":{}}],"line":623},"61":{"loc":{"start":{"line":627,"column":4},"end":{"line":631,"column":5}},"type":"if","locations":[{"start":{"line":627,"column":4},"end":{"line":631,"column":5}},{"start":{},"end":{}}],"line":627},"62":{"loc":{"start":{"line":637,"column":6},"end":{"line":677,"column":7}},"type":"if","locations":[{"start":{"line":637,"column":6},"end":{"line":677,"column":7}},{"start":{"line":658,"column":13},"end":{"line":677,"column":7}}],"line":637},"63":{"loc":{"start":{"line":639,"column":8},"end":{"line":657,"column":9}},"type":"if","locations":[{"start":{"line":639,"column":8},"end":{"line":657,"column":9}},{"start":{"line":655,"column":15},"end":{"line":657,"column":9}}],"line":639},"64":{"loc":{"start":{"line":647,"column":32},"end":{"line":647,"column":62}},"type":"binary-expr","locations":[{"start":{"line":647,"column":32},"end":{"line":647,"column":45}},{"start":{"line":647,"column":49},"end":{"line":647,"column":62}}],"line":647},"65":{"loc":{"start":{"line":649,"column":20},"end":{"line":649,"column":76}},"type":"binary-expr","locations":[{"start":{"line":649,"column":20},"end":{"line":649,"column":35}},{"start":{"line":649,"column":39},"end":{"line":649,"column":76}}],"line":649},"66":{"loc":{"start":{"line":660,"column":8},"end":{"line":676,"column":9}},"type":"if","locations":[{"start":{"line":660,"column":8},"end":{"line":676,"column":9}},{"start":{"line":674,"column":15},"end":{"line":676,"column":9}}],"line":660},"67":{"loc":{"start":{"line":667,"column":35},"end":{"line":667,"column":63}},"type":"binary-expr","locations":[{"start":{"line":667,"column":35},"end":{"line":667,"column":49}},{"start":{"line":667,"column":53},"end":{"line":667,"column":63}}],"line":667},"68":{"loc":{"start":{"line":699,"column":18},"end":{"line":699,"column":68}},"type":"binary-expr","locations":[{"start":{"line":699,"column":18},"end":{"line":699,"column":44}},{"start":{"line":699,"column":48},"end":{"line":699,"column":68}}],"line":699},"69":{"loc":{"start":{"line":700,"column":20},"end":{"line":700,"column":74}},"type":"binary-expr","locations":[{"start":{"line":700,"column":20},"end":{"line":700,"column":67}},{"start":{"line":700,"column":71},"end":{"line":700,"column":74}}],"line":700},"70":{"loc":{"start":{"line":700,"column":79},"end":{"line":700,"column":92}},"type":"binary-expr","locations":[{"start":{"line":700,"column":79},"end":{"line":700,"column":87}},{"start":{"line":700,"column":91},"end":{"line":700,"column":92}}],"line":700},"71":{"loc":{"start":{"line":709,"column":71},"end":{"line":709,"column":97}},"type":"binary-expr","locations":[{"start":{"line":709,"column":71},"end":{"line":709,"column":84}},{"start":{"line":709,"column":88},"end":{"line":709,"column":97}}],"line":709},"72":{"loc":{"start":{"line":711,"column":69},"end":{"line":711,"column":93}},"type":"binary-expr","locations":[{"start":{"line":711,"column":69},"end":{"line":711,"column":86}},{"start":{"line":711,"column":90},"end":{"line":711,"column":93}}],"line":711},"73":{"loc":{"start":{"line":711,"column":99},"end":{"line":711,"column":121}},"type":"binary-expr","locations":[{"start":{"line":711,"column":99},"end":{"line":711,"column":114}},{"start":{"line":711,"column":118},"end":{"line":711,"column":121}}],"line":711},"74":{"loc":{"start":{"line":712,"column":70},"end":{"line":712,"column":88}},"type":"binary-expr","locations":[{"start":{"line":712,"column":70},"end":{"line":712,"column":81}},{"start":{"line":712,"column":85},"end":{"line":712,"column":88}}],"line":712},"75":{"loc":{"start":{"line":733,"column":40},"end":{"line":733,"column":53}},"type":"binary-expr","locations":[{"start":{"line":733,"column":40},"end":{"line":733,"column":48}},{"start":{"line":733,"column":52},"end":{"line":733,"column":53}}],"line":733},"76":{"loc":{"start":{"line":755,"column":4},"end":{"line":759,"column":5}},"type":"if","locations":[{"start":{"line":755,"column":4},"end":{"line":759,"column":5}},{"start":{},"end":{}}],"line":755},"77":{"loc":{"start":{"line":755,"column":8},"end":{"line":755,"column":55}},"type":"binary-expr","locations":[{"start":{"line":755,"column":8},"end":{"line":755,"column":19}},{"start":{"line":755,"column":23},"end":{"line":755,"column":32}},{"start":{"line":755,"column":36},"end":{"line":755,"column":55}}],"line":755},"78":{"loc":{"start":{"line":757,"column":48},"end":{"line":757,"column":87}},"type":"cond-expr","locations":[{"start":{"line":757,"column":72},"end":{"line":757,"column":80}},{"start":{"line":757,"column":83},"end":{"line":757,"column":87}}],"line":757},"79":{"loc":{"start":{"line":758,"column":46},"end":{"line":758,"column":85}},"type":"cond-expr","locations":[{"start":{"line":758,"column":70},"end":{"line":758,"column":78}},{"start":{"line":758,"column":81},"end":{"line":758,"column":85}}],"line":758},"80":{"loc":{"start":{"line":769,"column":6},"end":{"line":769,"column":35}},"type":"if","locations":[{"start":{"line":769,"column":6},"end":{"line":769,"column":35}},{"start":{},"end":{}}],"line":769},"81":{"loc":{"start":{"line":769,"column":10},"end":{"line":769,"column":26}},"type":"binary-expr","locations":[{"start":{"line":769,"column":10},"end":{"line":769,"column":17}},{"start":{"line":769,"column":21},"end":{"line":769,"column":26}}],"line":769},"82":{"loc":{"start":{"line":774,"column":6},"end":{"line":774,"column":43}},"type":"binary-expr","locations":[{"start":{"line":774,"column":6},"end":{"line":774,"column":14}},{"start":{"line":774,"column":19},"end":{"line":774,"column":42}}],"line":774},"83":{"loc":{"start":{"line":781,"column":27},"end":{"line":781,"column":89}},"type":"cond-expr","locations":[{"start":{"line":781,"column":51},"end":{"line":781,"column":85}},{"start":{"line":781,"column":88},"end":{"line":781,"column":89}}],"line":781},"84":{"loc":{"start":{"line":784,"column":8},"end":{"line":786,"column":9}},"type":"if","locations":[{"start":{"line":784,"column":8},"end":{"line":786,"column":9}},{"start":{},"end":{}}],"line":784},"85":{"loc":{"start":{"line":815,"column":8},"end":{"line":816,"column":107}},"type":"binary-expr","locations":[{"start":{"line":815,"column":8},"end":{"line":815,"column":16}},{"start":{"line":816,"column":11},"end":{"line":816,"column":106}}],"line":815},"86":{"loc":{"start":{"line":826,"column":4},"end":{"line":826,"column":27}},"type":"if","locations":[{"start":{"line":826,"column":4},"end":{"line":826,"column":27}},{"start":{},"end":{}}],"line":826},"87":{"loc":{"start":{"line":877,"column":4},"end":{"line":890,"column":5}},"type":"if","locations":[{"start":{"line":877,"column":4},"end":{"line":890,"column":5}},{"start":{},"end":{}}],"line":877},"88":{"loc":{"start":{"line":887,"column":27},"end":{"line":887,"column":50}},"type":"binary-expr","locations":[{"start":{"line":887,"column":27},"end":{"line":887,"column":42}},{"start":{"line":887,"column":46},"end":{"line":887,"column":50}}],"line":887},"89":{"loc":{"start":{"line":888,"column":6},"end":{"line":888,"column":67}},"type":"if","locations":[{"start":{"line":888,"column":6},"end":{"line":888,"column":67}},{"start":{},"end":{}}],"line":888},"90":{"loc":{"start":{"line":888,"column":39},"end":{"line":888,"column":66}},"type":"binary-expr","locations":[{"start":{"line":888,"column":39},"end":{"line":888,"column":59}},{"start":{"line":888,"column":63},"end":{"line":888,"column":66}}],"line":888},"91":{"loc":{"start":{"line":889,"column":6},"end":{"line":889,"column":69}},"type":"if","locations":[{"start":{"line":889,"column":6},"end":{"line":889,"column":69}},{"start":{},"end":{}}],"line":889},"92":{"loc":{"start":{"line":894,"column":21},"end":{"line":894,"column":48}},"type":"binary-expr","locations":[{"start":{"line":894,"column":21},"end":{"line":894,"column":40}},{"start":{"line":894,"column":44},"end":{"line":894,"column":48}}],"line":894},"93":{"loc":{"start":{"line":895,"column":19},"end":{"line":895,"column":54}},"type":"binary-expr","locations":[{"start":{"line":895,"column":19},"end":{"line":895,"column":47}},{"start":{"line":895,"column":51},"end":{"line":895,"column":54}}],"line":895},"94":{"loc":{"start":{"line":896,"column":23},"end":{"line":896,"column":53}},"type":"binary-expr","locations":[{"start":{"line":896,"column":23},"end":{"line":896,"column":44}},{"start":{"line":896,"column":48},"end":{"line":896,"column":53}}],"line":896},"95":{"loc":{"start":{"line":904,"column":6},"end":{"line":908,"column":7}},"type":"if","locations":[{"start":{"line":904,"column":6},"end":{"line":908,"column":7}},{"start":{},"end":{}}],"line":904},"96":{"loc":{"start":{"line":912,"column":6},"end":{"line":918,"column":7}},"type":"if","locations":[{"start":{"line":912,"column":6},"end":{"line":918,"column":7}},{"start":{},"end":{}}],"line":912},"97":{"loc":{"start":{"line":934,"column":4},"end":{"line":934,"column":95}},"type":"if","locations":[{"start":{"line":934,"column":4},"end":{"line":934,"column":95}},{"start":{},"end":{}}],"line":934},"98":{"loc":{"start":{"line":934,"column":53},"end":{"line":934,"column":94}},"type":"binary-expr","locations":[{"start":{"line":934,"column":53},"end":{"line":934,"column":62}},{"start":{"line":934,"column":66},"end":{"line":934,"column":76}},{"start":{"line":934,"column":80},"end":{"line":934,"column":94}}],"line":934},"99":{"loc":{"start":{"line":935,"column":4},"end":{"line":935,"column":72}},"type":"if","locations":[{"start":{"line":935,"column":4},"end":{"line":935,"column":72}},{"start":{},"end":{}}],"line":935},"100":{"loc":{"start":{"line":935,"column":55},"end":{"line":935,"column":71}},"type":"binary-expr","locations":[{"start":{"line":935,"column":55},"end":{"line":935,"column":65}},{"start":{"line":935,"column":69},"end":{"line":935,"column":71}}],"line":935},"101":{"loc":{"start":{"line":937,"column":4},"end":{"line":937,"column":61}},"type":"if","locations":[{"start":{"line":937,"column":4},"end":{"line":937,"column":61}},{"start":{},"end":{}}],"line":937},"102":{"loc":{"start":{"line":937,"column":37},"end":{"line":937,"column":60}},"type":"binary-expr","locations":[{"start":{"line":937,"column":37},"end":{"line":937,"column":46}},{"start":{"line":937,"column":50},"end":{"line":937,"column":60}}],"line":937},"103":{"loc":{"start":{"line":939,"column":4},"end":{"line":954,"column":5}},"type":"if","locations":[{"start":{"line":939,"column":4},"end":{"line":954,"column":5}},{"start":{"line":948,"column":11},"end":{"line":954,"column":5}}],"line":939},"104":{"loc":{"start":{"line":940,"column":6},"end":{"line":943,"column":7}},"type":"if","locations":[{"start":{"line":940,"column":6},"end":{"line":943,"column":7}},{"start":{},"end":{}}],"line":940},"105":{"loc":{"start":{"line":942,"column":23},"end":{"line":942,"column":49}},"type":"binary-expr","locations":[{"start":{"line":942,"column":23},"end":{"line":942,"column":32}},{"start":{"line":942,"column":36},"end":{"line":942,"column":49}}],"line":942},"106":{"loc":{"start":{"line":944,"column":6},"end":{"line":947,"column":7}},"type":"if","locations":[{"start":{"line":944,"column":6},"end":{"line":947,"column":7}},{"start":{},"end":{}}],"line":944},"107":{"loc":{"start":{"line":949,"column":6},"end":{"line":953,"column":7}},"type":"if","locations":[{"start":{"line":949,"column":6},"end":{"line":953,"column":7}},{"start":{},"end":{}}],"line":949},"108":{"loc":{"start":{"line":952,"column":8},"end":{"line":952,"column":88}},"type":"if","locations":[{"start":{"line":952,"column":8},"end":{"line":952,"column":88}},{"start":{},"end":{}}],"line":952},"109":{"loc":{"start":{"line":952,"column":46},"end":{"line":952,"column":62}},"type":"binary-expr","locations":[{"start":{"line":952,"column":46},"end":{"line":952,"column":55}},{"start":{"line":952,"column":59},"end":{"line":952,"column":62}}],"line":952},"110":{"loc":{"start":{"line":956,"column":4},"end":{"line":958,"column":5}},"type":"if","locations":[{"start":{"line":956,"column":4},"end":{"line":958,"column":5}},{"start":{},"end":{}}],"line":956},"111":{"loc":{"start":{"line":963,"column":4},"end":{"line":963
[...]
tart":{"line":44,"column":4},"end":{"line":44,"column":45}},{"start":{},"end":{}}],"line":44},"5":{"loc":{"start":{"line":46,"column":29},"end":{"line":46,"column":78}},"type":"cond-expr","locations":[{"start":{"line":46,"column":49},"end":{"line":46,"column":66}},{"start":{"line":46,"column":69},"end":{"line":46,"column":78}}],"line":46},"6":{"loc":{"start":{"line":60,"column":4},"end":{"line":63,"column":5}},"type":"if","locations":[{"start":{"line":60,"column":4},"end":{"line":63,"column":5}},{"start":{},"end":{}}],"line":60},"7":{"loc":{"start":{"line":73,"column":10},"end":{"line":76,"column":11}},"type":"if","locations":[{"start":{"line":73,"column":10},"end":{"line":76,"column":11}},{"start":{},"end":{}}],"line":73},"8":{"loc":{"start":{"line":77,"column":10},"end":{"line":80,"column":11}},"type":"if","locations":[{"start":{"line":77,"column":10},"end":{"line":80,"column":11}},{"start":{},"end":{}}],"line":77},"9":{"loc":{"start":{"line":87,"column":25},"end":{"line":87,"column":68}},"type":"binary-expr","locations":[{"start":{"line":87,"column":25},"end":{"line":87,"column":63}},{"start":{"line":87,"column":67},"end":{"line":87,"column":68}}],"line":87},"10":{"loc":{"start":{"line":88,"column":25},"end":{"line":88,"column":48}},"type":"binary-expr","locations":[{"start":{"line":88,"column":25},"end":{"line":88,"column":43}},{"start":{"line":88,"column":47},"end":{"line":88,"column":48}}],"line":88},"11":{"loc":{"start":{"line":98,"column":29},"end":{"line":98,"column":96}},"type":"binary-expr","locations":[{"start":{"line":98,"column":29},"end":{"line":98,"column":86}},{"start":{"line":98,"column":90},"end":{"line":98,"column":96}}],"line":98},"12":{"loc":{"start":{"line":115,"column":19},"end":{"line":115,"column":62}},"type":"binary-expr","locations":[{"start":{"line":115,"column":19},"end":{"line":115,"column":57}},{"start":{"line":115,"column":61},"end":{"line":115,"column":62}}],"line":115},"13":{"loc":{"start":{"line":116,"column":19},"end":{"line":116,"column":42}},"type":"binary-expr","locations":[{"start":{"line":116,"column":19},"end":{"line":116,"column":37}},{"start":{"line":116,"column":41},"end":{"line":116,"column":42}}],"line":116},"14":{"loc":{"start":{"line":121,"column":21},"end":{"line":121,"column":55}},"type":"binary-expr","locations":[{"start":{"line":121,"column":21},"end":{"line":121,"column":27}},{"start":{"line":121,"column":31},"end":{"line":121,"column":55}}],"line":121},"15":{"loc":{"start":{"line":122,"column":26},"end":{"line":122,"column":64}},"type":"binary-expr","locations":[{"start":{"line":122,"column":26},"end":{"line":122,"column":37}},{"start":{"line":122,"column":41},"end":{"line":122,"column":64}}],"line":122},"16":{"loc":{"start":{"line":126,"column":23},"end":{"line":126,"column":90}},"type":"binary-expr","locations":[{"start":{"line":126,"column":23},"end":{"line":126,"column":80}},{"start":{"line":126,"column":84},"end":{"line":126,"column":90}}],"line":126},"17":{"loc":{"start":{"line":136,"column":0},"end":{"line":138,"column":1}},"type":"if","locations":[{"start":{"line":136,"column":0},"end":{"line":138,"column":1}},{"start":{},"end":{}}],"line":136},"18":{"loc":{"start":{"line":139,"column":0},"end":{"line":141,"column":1}},"type":"if","locations":[{"start":{"line":139,"column":0},"end":{"line":141,"column":1}},{"start":{},"end":{}}],"line":139},"19":{"loc":{"start":{"line":139,"column":4},"end":{"line":139,"column":51}},"type":"binary-expr","locations":[{"start":{"line":139,"column":4},"end":{"line":139,"column":33}},{"start":{"line":139,"column":37},"end":{"line":139,"column":51}}],"line":139}},"s":{"0":3,"1":3,"2":3,"3":8,"4":8,"5":8,"6":8,"7":0,"8":0,"9":0,"10":0,"11":0,"12":0,"13":0,"14":0,"15":0,"16":0,"17":7,"18":7,"19":0,"20":0,"21":0,"22":7,"23":7,"24":0,"25":0,"26":0,"27":0,"28":0,"29":0,"30":0,"31":0,"32":0,"33":0,"34":0,"35":0,"36":0,"37":0,"38":0,"39":0,"40":0,"41":0,"42":0,"43":7,"44":7,"45":0,"46":0,"47":0,"48":0,"49":0,"50":0,"51":0,"52":3,"53":3,"54":3,"55":3,"56":3},"f":{"0":3,"1":8,"2":0,"3":7,"4":7,"5":0,"6":0,"7":0,"8":0,"9":7,"10":0,"11":0},"b":{"0":[8,0],"1":[8,0,0,0],"2":[0,0],"3":[6],"4":[7,0],"5":[0,0],"6":[7,0],"7":[0,0],"8":[0,0],"9":[0,0],"10":[0,0],"11":[0,0],"12":[0,0],"13":[0,0],"14":[0,0],"15":[0,0],"16":[0,0],"17":[3,0],"18":[3,0],"19":[3,3]},"_coverageSchema":"1a1c01bbd47fc00a2c39e90264f33305004495a9","hash":"d69584abd4faea5fb8cc630be506cca735b89603"}
,"C:\\Users\\gupta\\.gemini\\antigravity\\scratch\\eco-mind\\js\\storage.js": {"path":"C:\\Users\\gupta\\.gemini\\antigravity\\scratch\\eco-mind\\js\\storage.js","statementMap":{"0":{"start":{"line":8,"column":16},"end":{"line":210,"column":4}},"1":{"start":{"line":9,"column":13},"end":{"line":9,"column":23}},"2":{"start":{"line":12,"column":4},"end":{"line":12,"column":18}},"3":{"start":{"line":19,"column":4},"end":{"line":23,"column":5}},"4":{"start":{"line":20,"column":6},"end":{"line":20,"column":61}},"5":{"start":{"line":22,"column":6},"end":{"line":22,"column":49}},"6":{"start":{"line":30,"column":4},"end":{"line":35,"column":5}},"7":{"start":{"line":31,"column":18},"end":{"line":31,"column":49}},"8":{"start":{"line":32,"column":6},"end":{"line":32,"column":59}},"9":{"start":{"line":34,"column":6},"end":{"line":34,"column":26}},"10":{"start":{"line":42,"column":4},"end":{"line":42,"column":39}},"11":{"start":{"line":49,"column":4},"end":{"line":52,"column":5}},"12":{"start":{"line":50,"column":6},"end":{"line":50,"column":23}},"13":{"start":{"line":51,"column":6},"end":{"line":51,"column":13}},"14":{"start":{"line":53,"column":4},"end":{"line":55,"column":50}},"15":{"start":{"line":54,"column":21},"end":{"line":54,"column":37}},"16":{"start":{"line":55,"column":22},"end":{"line":55,"column":48}},"17":{"start":{"line":67,"column":16},"end":{"line":67,"column":30}},"18":{"start":{"line":68,"column":21},"end":{"line":76,"column":5}},"19":{"start":{"line":77,"column":4},"end":{"line":77,"column":66}},"20":{"start":{"line":77,"column":49},"end":{"line":77,"column":66}},"21":{"start":{"line":78,"column":4},"end":{"line":78,"column":23}},"22":{"start":{"line":79,"column":4},"end":{"line":79,"column":20}},"23":{"start":{"line":80,"column":4},"end":{"line":80,"column":20}},"24":{"start":{"line":87,"column":16},"end":{"line":87,"column":30}},"25":{"start":{"line":88,"column":4},"end":{"line":88,"column":33}},"26":{"start":{"line":88,"column":22},"end":{"line":88,"column":33}},"27":{"start":{"line":89,"column":4},"end":{"line":92,"column":7}},"28":{"start":{"line":90,"column":16},"end":{"line":90,"column":22}},"29":{"start":{"line":91,"column":6},"end":{"line":91,"column":54}},"30":{"start":{"line":99,"column":16},"end":{"line":99,"column":57}},"31":{"start":{"line":99,"column":45},"end":{"line":99,"column":56}},"32":{"start":{"line":100,"column":4},"end":{"line":100,"column":20}},"33":{"start":{"line":107,"column":20},"end":{"line":107,"column":44}},"34":{"start":{"line":108,"column":20},"end":{"line":108,"column":22}},"35":{"start":{"line":109,"column":16},"end":{"line":109,"column":17}},"36":{"start":{"line":110,"column":4},"end":{"line":114,"column":5}},"37":{"start":{"line":111,"column":18},"end":{"line":111,"column":40}},"38":{"start":{"line":112,"column":6},"end":{"line":112,"column":61}},"39":{"start":{"line":113,"column":6},"end":{"line":113,"column":19}},"40":{"start":{"line":115,"column":4},"end":{"line":115,"column":95}},"41":{"start":{"line":122,"column":17},"end":{"line":122,"column":19}},"42":{"start":{"line":123,"column":4},"end":{"line":134,"column":5}},"43":{"start":{"line":123,"column":17},"end":{"line":123,"column":18}},"44":{"start":{"line":124,"column":16},"end":{"line":124,"column":26}},"45":{"start":{"line":125,"column":6},"end":{"line":125,"column":33}},"46":{"start":{"line":126,"column":22},"end":{"line":126,"column":50}},"47":{"start":{"line":127,"column":22},"end":{"line":127,"column":64}},"48":{"start":{"line":128,"column":20},"end":{"line":128,"column":62}},"49":{"start":{"line":128,"column":47},"end":{"line":128,"column":58}},"50":{"start":{"line":129,"column":6},"end":{"line":133,"column":9}},"51":{"start":{"line":135,"column":4},"end":{"line":135,"column":16}},"52":{"start":{"line":142,"column":18},"end":{"line":142,"column":20}},"53":{"start":{"line":143,"column":4},"end":{"line":153,"column":5}},"54":{"start":{"line":143,"column":17},"end":{"line":143,"column":18}},"55":{"start":{"line":144,"column":17},"end":{"line":144,"column":27}},"56":{"start":{"line":145,"column":6},"end":{"line":145,"column":39}},"57":{"start":{"line":146,"column":19},"end":{"line":146,"column":31}},"58":{"start":{"line":147,"column":6},"end":{"line":147,"column":39}},"59":{"start":{"line":148,"column":22},"end":{"line":148,"column":53}},"60":{"start":{"line":149,"column":20},"end":{"line":149,"column":49}},"61":{"start":{"line":150,"column":22},"end":{"line":150,"column":62}},"62":{"start":{"line":151,"column":20},"end":{"line":151,"column":62}},"63":{"start":{"line":151,"column":47},"end":{"line":151,"column":58}},"64":{"start":{"line":152,"column":6},"end":{"line":152,"column":76}},"65":{"start":{"line":154,"column":4},"end":{"line":154,"column":17}},"66":{"start":{"line":162,"column":4},"end":{"line":171,"column":7}},"67":{"start":{"line":175,"column":20},"end":{"line":175,"column":33}},"68":{"start":{"line":176,"column":4},"end":{"line":176,"column":46}},"69":{"start":{"line":184,"column":21},"end":{"line":184,"column":34}},"70":{"start":{"line":185,"column":18},"end":{"line":185,"column":55}},"71":{"start":{"line":186,"column":22},"end":{"line":186,"column":80}},"72":{"start":{"line":188,"column":4},"end":{"line":192,"column":5}},"73":{"start":{"line":189,"column":6},"end":{"line":189,"column":90}},"74":{"start":{"line":190,"column":11},"end":{"line":192,"column":5}},"75":{"start":{"line":191,"column":6},"end":{"line":191,"column":61}},"76":{"start":{"line":195,"column":2},"end":{"line":209,"column":4}},"77":{"start":{"line":213,"column":0},"end":{"line":215,"column":1}},"78":{"start":{"line":214,"column":2},"end":{"line":214,"column":27}},"79":{"start":{"line":217,"column":0},"end":{"line":219,"column":1}},"80":{"start":{"line":218,"column":2},"end":{"line":218,"column":27}}},"fnMap":{"0":{"name":"(anonymous_0)","decl":{"start":{"line":8,"column":17},"end":{"line":8,"column":18}},"loc":{"start":{"line":8,"column":23},"end":{"line":210,"column":1}},"line":8},"1":{"name":"_key","decl":{"start":{"line":11,"column":11},"end":{"line":11,"column":15}},"loc":{"start":{"line":11,"column":19},"end":{"line":13,"column":3}},"line":11},"2":{"name":"set","decl":{"start":{"line":18,"column":11},"end":{"line":18,"column":14}},"loc":{"start":{"line":18,"column":27},"end":{"line":24,"column":3}},"line":18},"3":{"name":"get","decl":{"start":{"line":29,"column":11},"end":{"line":29,"column":14}},"loc":{"start":{"line":29,"column":41},"end":{"line":36,"column":3}},"line":29},"4":{"name":"remove","decl":{"start":{"line":41,"column":11},"end":{"line":41,"column":17}},"loc":{"start":{"line":41,"column":23},"end":{"line":43,"column":3}},"line":41},"5":{"name":"clear","decl":{"start":{"line":48,"column":11},"end":{"line":48,"column":16}},"loc":{"start":{"line":48,"column":27},"end":{"line":56,"column":3}},"line":48},"6":{"name":"(anonymous_6)","decl":{"start":{"line":54,"column":14},"end":{"line":54,"column":15}},"loc":{"start":{"line":54,"column":21},"end":{"line":54,"column":37}},"line":54},"7":{"name":"(anonymous_7)","decl":{"start":{"line":55,"column":15},"end":{"line":55,"column":16}},"loc":{"start":{"line":55,"column":22},"end":{"line":55,"column":48}},"line":55},"8":{"name":"addEntry","decl":{"start":{"line":66,"column":11},"end":{"line":66,"column":19}},"loc":{"start":{"line":66,"column":27},"end":{"line":81,"column":3}},"line":66},"9":{"name":"getEntries","decl":{"start":{"line":86,"column":11},"end":{"line":86,"column":21}},"loc":{"start":{"line":86,"column":41},"end":{"line":93,"column":3}},"line":86},"10":{"name":"(anonymous_10)","decl":{"start":{"line":89,"column":22},"end":{"line":89,"column":23}},"loc":{"start":{"line":89,"column":29},"end":{"line":92,"column":5}},"line":89},"11":{"name":"deleteEntry","decl":{"start":{"line":98,"column":11},"end":{"line":98,"column":22}},"loc":{"start":{"line":98,"column":27},"end":{"line":101,"column":3}},"line":98},"12":{"name":"(anonymous_12)","decl":{"start":{"line":99,"column":38},"end":{"line":99,"column":39}},"loc":{"start":{"line":99,"column":45},"end":{"line":99,"column":56}},"line":99},"13":{"name":"summarize","decl":{"start":{"line":106,"column":11},"end":{"line":106,"column":20}},"loc":{"start":{"line":106,"column":40},"end":{"line":116,"column":3}},"line":106},"14":{"name":"getLast7Days","decl":{"start":{"line":121,"column":11},"end":{"line":121,"column":23}},"loc":{"start":{"line":121,"column":26},"end":{"line":136,"column":3}},"line":121},"15":{"name":"(anonymous_15)","decl":{"start":{"line":128,"column":35},"end":{"line":128,"column":36}},"loc":{"start":{"line":128,"column":47},"end":{"line":128,"column":58}},"line":128},"16":{"name":"getLast4Weeks","decl":{"start":{"line":141,"column":11},"end":{"line":141,"column":24}},"loc":{"start":{"line":141,"column":27},"end":{"line":155,"column":3}},"line":141},"17":{"name":"(anonymous_17)","decl":{"start":{"line":151,"column":35},"end":{"line":151,"column":36}},"loc":{"start":{"line":151,"column":47},"end":{"line":151,"column":58}},"line":151},"18":{"name":"getSettings","decl":{"start":{"line":161,"column":11},"end":{"line":161,"column":22}},"loc":{"start":{"line":161,"column":25},"end":{"line":172,"column":3}},"line":161},"19":{"name":"saveSettings","decl":{"start":{"line":174,"column":11},"end":{"line":174,"column":23}},"loc":{"start":{"line":174,"column":31},"end":{"line":177,"column":3}},"line":174},"20":{"name":"updateStreak","decl":{"start":{"line":183,"column":11},"end":{"line":183,"column":23}},"loc":{"start":{"line":183,"column":26},"end":{"line":193,"column":3}},"line":183}},"branchMap":{"0":{"loc":{"start":{"line":29,"column":20},"end":{"line":29,"column":39}},"type":"default-arg","locations":[{"start":{"line":29,"column":35},"end":{"line":29,"column":39}}],"line":29},"1":{"loc":{"start":{"line":32,"column":13},"end":{"line":32,"column":58}},"type":"cond-expr","locations":[{"start":{"line":32,"column":28},"end":{"line":32,"column":43}},{"start":{"line":32,"column":46},"end":{"line":32,"column":58}}],"line":32},"2":{"loc":{"start":{"line":49,"column":4},"end":{"line":52,"column":5}},"type":"if","locations":[{"start":{"line":49,"column":4},"end":{"line":52,"column":5}},{"start":{},"end":{}}],"line":49},"3":{"loc":{"start":{"line":71,"column":12},"end":{"line":71,"column":63}},"type":"binary-expr","locations":[{"start":{"line":71,"column":12},"end":{"line":71,"column":22}},{"start":{"line":71,"column":26},"end":{"line":71,"column":63}}],"line":71},"4":{"loc":{"start":{"line":74,"column":11},"end":{"line":74,"column":37}},"type":"binary-expr","locations":[{"start":{"line":74,"column":11},"end":{"line":74,"column":32}},{"start":{"line":74,"column":36},"end":{"line":74,"column":37}}],"line":74},"5":{"loc":{"start":{"line":75,"column":15},"end":{"line":75,"column":34}},"type":"binary-expr","locations":[{"start":{"line":75,"column":15},"end":{"line":75,"column":28}},{"start":{"line":75,"column":32},"end":{"line":75,"column":34}}],"line":75},"6":{"loc":{"start":{"line":77,"column":4},"end":{"line":77,"column":66}},"type":"if","locations":[{"start":{"line":77,"column":4},"end":{"line":77,"column":66}},{"start":{},"end":{}}],"line":77},"7":{"loc":{"start":{"line":77,"column":8},"end":{"line":77,"column":47}},"type":"binary-expr","locations":[{"start":{"line":77,"column":8},"end":{"line":77,"column":27}},{"start":{"line":77,"column":31},"end":{"line":77,"column":47}}],"line":77},"8":{"loc":{"start":{"line":86,"column":22},"end":{"line":86,"column":39}},"type":"default-arg","locations":[{"start":{"line":86,"column":37},"end":{"line":86,"column":39}}],"line":86},"9":{"loc":{"start":{"line":88,"column":4},"end":{"line":88,"column":33}},"type":"if","locations":[{"start":{"line":88,"column":4},"end":{"line":88,"column":33}},{"start":{},"end":{}}],"line":88},"10":{"loc":{"start":{"line":88,"column":8},"end":{"line":88,"column":20}},"type":"binary-expr","locations":[{"start":{"line":88,"column":8},"end":{"line":88,"column":13}},{"start":{"line":88,"column":17},"end":{"line":88,"column":20}}],"line":88},"11":{"loc":{"start":{"line":91,"column":13},"end":{"line":91,"column":53}},"type":"binary-expr","locations":[{"start":{"line":91,"column":14},"end":{"line":91,"column":19}},{"start":{"line":91,"column":23},"end":{"line":91,"column":32}},{"start":{"line":91,"column":38},"end":{"line":91,"column":41}},{"start":{"line":91,"column":45},"end":{"line":91,"column":52}}],"line":91},"12":{"loc":{"start":{"line":106,"column":21},"end":{"line":106,"column":38}},"type":"default-arg","locations":[{"start":{"line":106,"column":36},"end":{"line":106,"column":38}}],"line":106},"13":{"loc":{"start":{"line":111,"column":18},"end":{"line":111,"column":40}},"type":"binary-expr","locations":[{"start":{"line":111,"column":18},"end":{"line":111,"column":35}},{"start":{"line":111,"column":39},"end":{"line":111,"column":40}}],"line":111},"14":{"loc":{"start":{"line":112,"column":29},"end":{"line":112,"column":53}},"type":"binary-expr","locations":[{"start":{"line":112,"column":29},"end":{"line":112,"column":48}},{"start":{"line":112,"column":52},"end":{"line":112,"column":53}}],"line":112},"15":{"loc":{"start":{"line":188,"column":4},"end":{"line":192,"column":5}},"type":"if","locations":[{"start":{"line":188,"column":4},"end":{"line":192,"column":5}},{"start":{"line":190,"column":11},"end":{"line":192,"column":5}}],"line":188},"16":{"loc":{"start":{"line":189,"column":34},"end":{"line":189,"column":58}},"type":"binary-expr","locations":[{"start":{"line":189,"column":34},"end":{"line":189,"column":53}},{"start":{"line":189,"column":57},"end":{"line":189,"column":58}}],"line":189},"17":{"loc":{"start":{"line":190,"column":11},"end":{"line":192,"column":5}},"type":"if","locations":[{"start":{"line":190,"column":11},"end":{"line":192,"column":5}},{"start":{},"end":{}}],"line":190},"18":{"loc":{"start":{"line":213,"column":0},"end":{"line":215,"column":1}},"type":"if","locations":[{"start":{"line":213,"column":0},"end":{"line":215,"column":1}},{"start":{},"end":{}}],"line":213},"19":{"loc":{"start":{"line":217,"column":0},"end":{"line":219,"column":1}},"type":"if","locations":[{"start":{"line":217,"column":0},"end":{"line":219,"column":1}},{"start":{},"end":{}}],"line":217},"20":{"loc":{"start":{"line":217,"column":4},"end":{"line":217,"column":51}},"type":"binary-expr","locations":[{"start":{"line":217,"column":4},"end":{"line":217,"column":33}},{"start":{"line":217,"column":37},"end":{"line":217,"column":51}}],"line":217}},"s":{"0":2,"1":2,"2":174,"3":15,"4":15,"5":0,"6":158,"7":158,"8":158,"9":0,"10":1,"11":2,"12":0,"13":0,"14":2,"15":5,"16":1,"17":8,"18":8,"19":8,"20":0,"21":8,"22":8,"23":8,"24":121,"25":121,"26":5,"27":116,"28":299,"29":299,"30":1,"31":2,"32":1,"33":15,"34":15,"35":15,"36":15,"37":37,"38":37,"39":37,"40":15,"41":14,"42":14,"43":14,"44":98,"45":98,"46":98,"47":98,"48":98,"49":37,"50":98,"51":14,"52":1,"53":1,"54":1,"55":4,"56":4,"57":4,"58":4,"59":4,"60":4,"61":4,"62":4,"63":1,"64":4,"65":1,"66":26,"67":5,"68":5,"69":2,"70":2,"71":2,"72":2,"73":0,"74":2,"75":2,"76":2,"77":2,"78":2,"79":2,"80":2},"f":{"0":2,"1":174,"2":15,"3":158,"4":1,"5":2,"6":5,"7":1,"8":8,"9":121,"10":299,"11":1,"12":2,"13":15,"14":14,"15":37,"16":1,"17":1,"18":26,"19":5,"20":2},"b":{"0":[2],"1":[116,42],"2":[0,2],"3":[8,8],"4":[8,0],"5":[8,8],"6":[0,8],"7":[8,8],"8":[4],"9":[5,116],"10":[121,5],"11":[299,299,299,299],"12":[1],"13":[37,0],"14":[37,31],"15":[0,2],"16":[0,0],"17":[2,0],"18":[2,0],"19":[2,0],"20":[2,2]},"_coverageSchema":"1a1c01bbd47fc00a2c39e90264f33305004495a9","hash":"794b570fa95c0c15035371528cafd75545a03846"}
}
