TN:
SF:js\app.js
FN:7,(anonymous_0)
FN:15,init
FN:23,(anonymous_2)
FN:24,(anonymous_3)
FN:28,(anonymous_4)
FN:29,(anonymous_5)
FN:33,(anonymous_6)
FN:43,(anonymous_7)
FN:48,(anonymous_8)
FN:51,(anonymous_9)
FN:52,(anonymous_10)
FN:77,_checkApiKeys
FN:92,(anonymous_12)
FN:112,(anonymous_13)
FN:121,_onSignIn
FN:132,(anonymous_15)
FN:136,_startOnboarding
FN:143,(anonymous_17)
FN:152,(anonymous_18)
FN:165,(anonymous_19)
FN:173,(anonymous_20)
FN:177,(anonymous_21)
FN:180,(anonymous_22)
FN:198,navigate
FN:201,(anonymous_24)
FN:202,(anonymous_25)
FN:231,(anonymous_26)
FN:235,_showScreen
FN:246,_renderDashboard
FN:275,(anonymous_29)
FN:292,_renderCategoryPills
FN:297,(anonymous_31)
FN:301,(anonymous_32)
FN:314,_loadInsight
FN:333,(anonymous_34)
FN:354,_renderEmailSync
FN:369,_doGmailSync
FN:387,(anonymous_37)
FN:411,(anonymous_38)
FN:412,(anonymous_39)
FN:426,(anonymous_40)
FN:428,(anonymous_41)
FN:429,(anonymous_42)
FN:438,(anonymous_43)
FN:450,_renderLog
FN:462,(anonymous_45)
FN:478,(anonymous_46)
FN:479,(anonymous_47)
FN:487,_wireLogActivity
FN:489,(anonymous_49)
FN:505,(anonymous_50)
FN:520,(anonymous_51)
FN:538,(anonymous_52)
FN:553,(anonymous_53)
FN:578,_wireSnapScan
FN:583,(anonymous_55)
FN:584,(anonymous_56)
FN:588,(anonymous_57)
FN:589,(anonymous_58)
FN:596,(anonymous_59)
FN:602,(anonymous_60)
FN:603,(anonymous_61)
FN:604,(anonymous_62)
FN:615,_processScanFile
FN:644,(anonymous_64)
FN:664,(anonymous_65)
FN:684,_estimateReceiptCO2
FN:698,(anonymous_67)
FN:704,_renderBillResult
FN:723,_renderReceiptResult
FN:730,(anonymous_70)
FN:751,_renderRoute
FN:762,_wireRoutePlanner
FN:763,(anonymous_73)
FN:799,(anonymous_74)
FN:803,(anonymous_75)
FN:824,_renderGoals
FN:840,(anonymous_77)
FN:856,(anonymous_78)
FN:857,(anonymous_79)
FN:872,_wireSettings
FN:879,(anonymous_81)
FN:892,(anonymous_82)
FN:903,(anonymous_83)
FN:911,(anonymous_84)
FN:925,_updateUserUI
FN:961,_showToast
FN:966,(anonymous_87)
FN:969,_getCategoryIcon
FN:986,_seedDemoDataIfNeeded
FN:996,_injectDemoData
FN:1014,(anonymous_91)
FN:1024,(anonymous_92)
FNF:93
FNH:49
FNDA:1,(anonymous_0)
FNDA:1,init
FNDA:7,(anonymous_2)
FNDA:7,(anonymous_3)
FNDA:1,(anonymous_4)
FNDA:1,(anonymous_5)
FNDA:1,(anonymous_6)
FNDA:1,(anonymous_7)
FNDA:1,(anonymous_8)
FNDA:6,(anonymous_9)
FNDA:6,(anonymous_10)
FNDA:1,_checkApiKeys
FNDA:1,(anonymous_12)
FNDA:1,(anonymous_13)
FNDA:0,_onSignIn
FNDA:0,(anonymous_15)
FNDA:0,_startOnboarding
FNDA:0,(anonymous_17)
FNDA:0,(anonymous_18)
FNDA:0,(anonymous_19)
FNDA:0,(anonymous_20)
FNDA:0,(anonymous_21)
FNDA:0,(anonymous_22)
FNDA:19,navigate
FNDA:133,(anonymous_24)
FNDA:133,(anonymous_25)
FNDA:0,(anonymous_26)
FNDA:3,_showScreen
FNDA:13,_renderDashboard
FNDA:0,(anonymous_29)
FNDA:13,_renderCategoryPills
FNDA:28,(anonymous_31)
FNDA:30,(anonymous_32)
FNDA:0,_loadInsight
FNDA:0,(anonymous_34)
FNDA:1,_renderEmailSync
FNDA:0,_doGmailSync
FNDA:0,(anonymous_37)
FNDA:0,(anonymous_38)
FNDA:0,(anonymous_39)
FNDA:0,(anonymous_40)
FNDA:0,(anonymous_41)
FNDA:0,(anonymous_42)
FNDA:0,(anonymous_43)
FNDA:1,_renderLog
FNDA:0,(anonymous_45)
FNDA:0,(anonymous_46)
FNDA:0,(anonymous_47)
FNDA:1,_wireLogActivity
FNDA:2,(anonymous_49)
FNDA:2,(anonymous_50)
FNDA:2,(anonymous_51)
FNDA:2,(anonymous_52)
FNDA:2,(anonymous_53)
FNDA:1,_wireSnapScan
FNDA:0,(anonymous_55)
FNDA:0,(anonymous_56)
FNDA:0,(anonymous_57)
FNDA:0,(anonymous_58)
FNDA:1,(anonymous_59)
FNDA:2,(anonymous_60)
FNDA:2,(anonymous_61)
FNDA:4,(anonymous_62)
FNDA:0,_processScanFile
FNDA:0,(anonymous_64)
FNDA:0,(anonymous_65)
FNDA:0,_estimateReceiptCO2
FNDA:0,(anonymous_67)
FNDA:0,_renderBillResult
FNDA:0,_renderReceiptResult
FNDA:0,(anonymous_70)
FNDA:1,_renderRoute
FNDA:1,_wireRoutePlanner
FNDA:2,(anonymous_73)
FNDA:0,(anonymous_74)
FNDA:0,(anonymous_75)
FNDA:1,_renderGoals
FNDA:3,(anonymous_77)
FNDA:3,(anonymous_78)
FNDA:0,(anonymous_79)
FNDA:1,_wireSettings
FNDA:17,(anonymous_81)
FNDA:2,(anonymous_82)
FNDA:1,(anonymous_83)
FNDA:1,(anonymous_84)
FNDA:0,_updateUserUI
FNDA:14,_showToast
FNDA:0,(anonymous_87)
FNDA:0,_getCategoryIcon
FNDA:1,_seedDemoDataIfNeeded
FNDA:0,_injectDemoData
FNDA:0,(anonymous_91)
FNDA:1,(anonymous_92)
DA:7,1
DA:8,1
DA:9,1
DA:10,1
DA:17,1
DA:20,1
DA:23,1
DA:24,7
DA:28,1
DA:29,1
DA:33,1
DA:34,1
DA:35,1
DA:36,1
DA:37,1
DA:39,1
DA:43,1
DA:44,1
DA:48,1
DA:51,1
DA:52,6
DA:56,1
DA:57,1
DA:58,1
DA:59,1
DA:62,1
DA:63,1
DA:65,0
DA:67,1
DA:71,1
DA:74,1
DA:78,1
DA:79,1
DA:81,1
DA:82,0
DA:83,0
DA:84,0
DA:87,1
DA:88,1
DA:92,1
DA:93,1
DA:94,1
DA:95,1
DA:97,1
DA:98,1
DA:100,1
DA:101,1
DA:104,1
DA:105,0
DA:106,0
DA:107,0
DA:112,1
DA:113,1
DA:114,1
DA:115,0
DA:117,1
DA:122,0
DA:123,0
DA:124,0
DA:126,0
DA:127,0
DA:128,0
DA:130,0
DA:131,0
DA:132,0
DA:137,0
DA:138,0
DA:139,0
DA:141,0
DA:142,0
DA:143,0
DA:144,0
DA:145,0
DA:146,0
DA:147,0
DA:149,0
DA:152,0
DA:153,0
DA:154,0
DA:155,0
DA:156,0
DA:157,0
DA:158,0
DA:161,0
DA:162,0
DA:165,0
DA:166,0
DA:167,0
DA:168,0
DA:169,0
DA:170,0
DA:173,0
DA:174,0
DA:175,0
DA:176,0
DA:177,0
DA:180,0
DA:181,0
DA:182,0
DA:183,0
DA:184,0
DA:185,0
DA:187,0
DA:189,0
DA:192,0
DA:199,19
DA:201,133
DA:202,133
DA:204,19
DA:205,19
DA:207,19
DA:208,19
DA:211,19
DA:213,13
DA:214,13
DA:216,1
DA:217,1
DA:219,1
DA:220,1
DA:222,1
DA:223,1
DA:225,1
DA:226,1
DA:230,19
DA:231,19
DA:236,3
DA:237,3
DA:240,3
DA:247,13
DA:248,13
DA:249,13
DA:251,13
DA:252,13
DA:253,13
DA:254,13
DA:257,13
DA:258,13
DA:259,13
DA:260,13
DA:263,13
DA:266,13
DA:269,13
DA:272,13
DA:275,13
DA:276,0
DA:277,0
DA:278,0
DA:282,13
DA:283,13
DA:284,13
DA:285,13
DA:286,13
DA:287,13
DA:288,13
DA:289,13
DA:293,13
DA:294,13
DA:296,13
DA:297,28
DA:300,13
DA:302,30
DA:303,30
DA:304,30
DA:315,0
DA:316,0
DA:318,0
DA:319,0
DA:321,0
DA:322,0
DA:324,0
DA:325,0
DA:326,0
DA:327,0
DA:329,0
DA:330,0
DA:333,0
DA:335,0
DA:342,0
DA:343,0
DA:345,0
DA:346,0
DA:348,0
DA:355,1
DA:356,1
DA:358,1
DA:359,1
DA:360,1
DA:365,1
DA:370,0
DA:371,0
DA:372,0
DA:374,0
DA:375,0
DA:376,0
DA:378,0
DA:379,0
DA:380,0
DA:383,0
DA:385,0
DA:387,0
DA:411,0
DA:412,0
DA:413,0
DA:414,0
DA:415,0
DA:416,0
DA:417,0
DA:418,0
DA:423,0
DA:424,0
DA:425,0
DA:426,0
DA:427,0
DA:428,0
DA:430,0
DA:438,0
DA:439,0
DA:443,0
DA:452,1
DA:453,1
DA:454,1
DA:456,1
DA:457,1
DA:458,1
DA:461,0
DA:463,0
DA:464,0
DA:465,0
DA:478,0
DA:479,0
DA:480,0
DA:481,0
DA:482,0
DA:489,1
DA:490,2
DA:491,2
DA:492,2
DA:493,2
DA:494,2
DA:495,2
DA:498,0
DA:499,0
DA:500,0
DA:501,0
DA:505,1
DA:506,2
DA:507,2
DA:508,2
DA:509,2
DA:510,2
DA:515,2
DA:516,2
DA:520,1
DA:521,2
DA:522,2
DA:523,2
DA:524,2
DA:526,2
DA:527,0
DA:528,0
DA:531,2
DA:532,2
DA:533,2
DA:534,2
DA:538,1
DA:539,2
DA:540,2
DA:541,2
DA:542,2
DA:543,0
DA:544,0
DA:546,2
DA:547,2
DA:548,2
DA:549,2
DA:553,1
DA:554,2
DA:555,2
DA:556,2
DA:558,2
DA:559,2
DA:560,2
DA:563,0
DA:564,0
DA:570,0
DA:571,0
DA:579,1
DA:580,1
DA:583,1
DA:584,1
DA:585,0
DA:586,0
DA:588,1
DA:589,1
DA:590,0
DA:591,0
DA:592,0
DA:593,0
DA:596,1
DA:597,1
DA:598,1
DA:602,1
DA:603,2
DA:604,4
DA:605,2
DA:606,2
DA:607,2
DA:616,0
DA:617,0
DA:618,0
DA:620,0
DA:623,0
DA:624,0
DA:625,0
DA:627,0
DA:629,0
DA:630,0
DA:633,0
DA:634,0
DA:636,0
DA:637,0
DA:638,0
DA:639,0
DA:640,0
DA:641,0
DA:642,0
DA:644,0
DA:645,0
DA:652,0
DA:653,0
DA:656,0
DA:659,0
DA:660,0
DA:661,0
DA:662,0
DA:664,0
DA:665,0
DA:671,0
DA:672,0
DA:675,0
DA:679,0
DA:681,0
DA:685,0
DA:698,0
DA:699,0
DA:700,0
DA:705,0
DA:724,0
DA:730,0
DA:752,1
DA:753,1
DA:754,1
DA:755,1
DA:756,0
DA:757,0
DA:758,0
DA:763,1
DA:764,2
DA:765,2
DA:766,2
DA:767,2
DA:769,2
DA:771,0
DA:772,0
DA:773,0
DA:774,0
DA:776,0
DA:777,0
DA:778,0
DA:780,0
DA:781,0
DA:783,0
DA:784,0
DA:785,0
DA:788,0
DA:799,0
DA:800,0
DA:803,0
DA:804,0
DA:810,0
DA:811,0
DA:814,0
DA:815,0
DA:825,1
DA:826,1
DA:828,1
DA:830,1
DA:831,1
DA:832,1
DA:833,1
DA:835,1
DA:836,1
DA:838,1
DA:840,3
DA:856,1
DA:857,3
DA:858,0
DA:859,0
DA:860,0
DA:861,0
DA:865,0
DA:873,1
DA:874,1
DA:875,1
DA:877,1
DA:879,1
DA:880,17
DA:881,17
DA:882,17
DA:883,17
DA:886,1
DA:887,1
DA:888,1
DA:889,1
DA:892,1
DA:893,2
DA:894,2
DA:895,2
DA:896,2
DA:898,2
DA:899,2
DA:900,2
DA:903,1
DA:904,1
DA:905,0
DA:906,0
DA:907,0
DA:911,1
DA:912,1
DA:917,0
DA:926,0
DA:927,0
DA:930,0
DA:931,0
DA:932,0
DA:934,0
DA:935,0
DA:937,0
DA:939,0
DA:940,0
DA:941,0
DA:942,0
DA:944,0
DA:945,0
DA:946,0
DA:949,0
DA:950,0
DA:951,0
DA:952,0
DA:956,0
DA:957,0
DA:962,14
DA:963,14
DA:964,14
DA:965,14
DA:966,14
DA:970,0
DA:983,0
DA:987,1
DA:988,1
DA:989,1
DA:990,1
DA:991,0
DA:997,0
DA:1014,0
DA:1015,0
DA:1016,0
DA:1020,1
DA:1024,1
DA:1025,1
DA:1026,1
LF:471
LH:232
BRDA:63,0,0,0
BRDA:63,0,1,1
BRDA:81,1,0,0
BRDA:81,1,1,1
BRDA:81,2,0,1
BRDA:81,2,1,0
BRDA:87,3,0,1
BRDA:87,3,1,0
BRDA:87,4,0,1
BRDA:87,4,1,1
BRDA:97,5,0,0
BRDA:97,5,1,1
BRDA:98,6,0,0
BRDA:98,6,1,1
BRDA:104,7,0,0
BRDA:104,7,1,1
BRDA:114,8,0,0
BRDA:114,8,1,1
BRDA:126,9,0,0
BRDA:126,9,1,0
BRDA:142,10,0,0
BRDA:142,10,1,0
BRDA:142,11,0,0
BRDA:142,11,1,0
BRDA:154,12,0,0
BRDA:154,12,1,0
BRDA:156,13,0,0
BRDA:156,13,1,0
BRDA:166,14,0,0
BRDA:166,14,1,0
BRDA:205,15,0,19
BRDA:205,15,1,0
BRDA:208,16,0,19
BRDA:208,16,1,0
BRDA:211,17,0,13
BRDA:211,17,1,1
BRDA:211,17,2,1
BRDA:211,17,3,1
BRDA:211,17,4,1
BRDA:230,18,0,19
BRDA:230,18,1,0
BRDA:266,19,0,13
BRDA:266,19,1,13
BRDA:282,20,0,13
BRDA:282,20,1,0
BRDA:286,21,0,13
BRDA:286,21,1,0
BRDA:287,22,0,13
BRDA:287,22,1,0
BRDA:289,23,0,13
BRDA:289,23,1,0
BRDA:289,24,0,0
BRDA:289,24,1,13
BRDA:289,25,0,0
BRDA:289,25,1,13
BRDA:294,26,0,0
BRDA:294,26,1,13
BRDA:302,27,0,30
BRDA:302,27,1,0
BRDA:303,28,0,30
BRDA:303,28,1,0
BRDA:315,29,0,0
BRDA:315,29,1,0
BRDA:319,30,0,0
BRDA:319,30,1,0
BRDA:333,31,0,0
BRDA:333,31,1,0
BRDA:339,32,0,0
BRDA:339,32,1,0
BRDA:356,33,0,0
BRDA:356,33,1,1
BRDA:359,34,0,1
BRDA:359,34,1,0
BRDA:378,35,0,0
BRDA:378,35,1,0
BRDA:388,36,0,0
BRDA:388,36,1,0
BRDA:395,37,0,0
BRDA:395,37,1,0
BRDA:396,38,0,0
BRDA:396,38,1,0
BRDA:401,39,0,0
BRDA:401,39,1,0
BRDA:424,40,0,0
BRDA:424,40,1,0
BRDA:454,41,0,0
BRDA:454,41,1,1
BRDA:456,42,0,1
BRDA:456,42,1,0
BRDA:463,43,0,0
BRDA:463,43,1,0
BRDA:493,44,0,2
BRDA:493,44,1,0
BRDA:493,45,0,2
BRDA:493,45,1,0
BRDA:493,45,2,0
BRDA:511,46,0,0
BRDA:511,46,1,2
BRDA:524,47,0,2
BRDA:524,47,1,0
BRDA:526,48,0,0
BRDA:526,48,1,2
BRDA:526,49,0,2
BRDA:526,49,1,2
BRDA:526,49,2,2
BRDA:526,49,3,2
BRDA:526,49,4,2
BRDA:526,49,5,2
BRDA:542,50,0,0
BRDA:542,50,1,2
BRDA:542,51,0,2
BRDA:542,51,1,2
BRDA:542,51,2,2
BRDA:558,52,0,2
BRDA:558,52,1,0
BRDA:558,53,0,2
BRDA:558,53,1,0
BRDA:558,53,2,0
BRDA:593,54,0,0
BRDA:593,54,1,0
BRDA:598,55,0,0
BRDA:598,55,1,1
BRDA:608,56,0,1
BRDA:608,56,1,1
BRDA:618,57,0,0
BRDA:618,57,1,0
BRDA:620,58,0,0
BRDA:620,58,1,0
BRDA:620,59,0,0
BRDA:620,59,1,0
BRDA:623,60,0,0
BRDA:623,60,1,0
BRDA:627,61,0,0
BRDA:627,61,1,0
BRDA:637,62,0,0
BRDA:637,62,1,0
BRDA:639,63,0,0
BRDA:639,63,1,0
BRDA:647,64,0,0
BRDA:647,64,1,0
BRDA:649,65,0,0
BRDA:649,65,1,0
BRDA:660,66,0,0
BRDA:660,66,1,0
BRDA:667,67,0,0
BRDA:667,67,1,0
BRDA:699,68,0,0
BRDA:699,68,1,0
BRDA:700,69,0,0
BRDA:700,69,1,0
BRDA:700,70,0,0
BRDA:700,70,1,0
BRDA:709,71,0,0
BRDA:709,71,1,0
BRDA:711,72,0,0
BRDA:711,72,1,0
BRDA:711,73,0,0
BRDA:711,73,1,0
BRDA:712,74,0,0
BRDA:712,74,1,0
BRDA:733,75,0,0
BRDA:733,75,1,0
BRDA:755,76,0,0
BRDA:755,76,1,1
BRDA:755,77,0,1
BRDA:755,77,1,1
BRDA:755,77,2,1
BRDA:757,78,0,0
BRDA:757,78,1,0
BRDA:758,79,0,0
BRDA:758,79,1,0
BRDA:769,80,0,2
BRDA:769,80,1,0
BRDA:769,81,0,2
BRDA:769,81,1,0
BRDA:774,82,0,0
BRDA:774,82,1,0
BRDA:781,83,0,0
BRDA:781,83,1,0
BRDA:784,84,0,0
BRDA:784,84,1,0
BRDA:815,85,0,0
BRDA:815,85,1,0
BRDA:826,86,0,0
BRDA:826,86,1,1
BRDA:877,87,0,1
BRDA:877,87,1,0
BRDA:887,88,0,1
BRDA:887,88,1,0
BRDA:888,89,0,1
BRDA:888,89,1,0
BRDA:888,90,0,1
BRDA:888,90,1,0
BRDA:889,91,0,1
BRDA:889,91,1,0
BRDA:894,92,0,2
BRDA:894,92,1,0
BRDA:895,93,0,2
BRDA:895,93,1,0
BRDA:896,94,0,2
BRDA:896,94,1,2
BRDA:904,95,0,0
BRDA:904,95,1,1
BRDA:912,96,0,0
BRDA:912,96,1,1
BRDA:934,97,0,0
BRDA:934,97,1,0
BRDA:934,98,0,0
BRDA:934,98,1,0
BRDA:934,98,2,0
BRDA:935,99,0,0
BRDA:935,99,1,0
BRDA:935,100,0,0
BRDA:935,100,1,0
BRDA:937,101,0,0
BRDA:937,101,1,0
BRDA:937,102,0,0
BRDA:937,102,1,0
BRDA:939,103,0,0
BRDA:939,103,1,0
BRDA:940,104,0,0
BRDA:940,104,1,0
BRDA:942,105,0,0
BRDA:942,105,1,0
BRDA:944,106,0,0
BRDA:944,106,1,0
BRDA:949,107,0,0
BRDA:949,107,1,0
BRDA:952,108,0,0
BRDA:952,108,1,0
BRDA:952,109,0,0
BRDA:952,109,1,0
BRDA:956,110,0,0
BRDA:956,110,1,0
BRDA:963,111,0,0
BRDA:963,111,1,14
BRDA:983,112,0,0
BRDA:983,112,1,0
BRDA:988,113,0,1
BRDA:988,113,1,0
BRDA:989,114,0,1
BRDA:989,114,1,1
BRDA:990,115,0,0
BRDA:990,115,1,1
BRF:244
BRH:76
end_of_record
TN:
SF:js\auth.js
FN:8,(anonymous_0)
FN:24,init
FN:41,_initTokenClient
FN:56,signIn
FN:78,signOut
FN:80,(anonymous_5)
FN:93,getAccessToken
FN:100,getUser
FN:107,isSignedIn
FN:115,_handleTokenResponse
FN:129,_fetchUserProfile
FN:141,_simulateDemoLogin
FN:150,(anonymous_12)
FNF:13
FNH:8
FNDA:3,(anonymous_0)
FNDA:8,init
FNDA:0,_initTokenClient
FNDA:9,signIn
FNDA:8,signOut
FNDA:0,(anonymous_5)
FNDA:7,getAccessToken
FNDA:8,getUser
FNDA:7,isSignedIn
FNDA:0,_handleTokenResponse
FNDA:0,_fetchUserProfile
FNDA:9,_simulateDemoLogin
FNDA:0,(anonymous_12)
DA:8,3
DA:9,3
DA:15,3
DA:16,3
DA:17,3
DA:18,3
DA:25,8
DA:27,8
DA:28,8
DA:29,8
DA:30,8
DA:33,0
DA:34,0
DA:35,0
DA:38,0
DA:42,0
DA:43,0
DA:45,0
DA:50,0
DA:57,9
DA:60,9
DA:61,9
DA:62,9
DA:65,0
DA:66,0
DA:67,0
DA:68,0
DA:72,0
DA:79,8
DA:80,0
DA:81,0
DA:84,8
DA:85,8
DA:86,8
DA:87,1
DA:94,7
DA:101,8
DA:108,7
DA:116,0
DA:117,0
DA:118,0
DA:121,0
DA:122,0
DA:124,0
DA:125,0
DA:130,0
DA:131,0
DA:134,0
DA:135,0
DA:137,0
DA:142,9
DA:143,9
DA:150,9
DA:151,0
DA:155,3
DA:158,3
DA:159,3
DA:161,3
DA:162,3
LF:59
LH:31
BRDA:28,0,0,8
BRDA:28,0,1,0
BRDA:28,1,0,8
BRDA:28,1,1,0
BRDA:33,2,0,0
BRDA:33,2,1,0
BRDA:42,3,0,0
BRDA:42,3,1,0
BRDA:43,4,0,0
BRDA:43,4,1,0
BRDA:60,5,0,9
BRDA:60,5,1,0
BRDA:60,6,0,9
BRDA:60,6,1,0
BRDA:65,7,0,0
BRDA:65,7,1,0
BRDA:66,8,0,0
BRDA:66,8,1,0
BRDA:79,9,0,0
BRDA:79,9,1,8
BRDA:79,10,0,8
BRDA:79,10,1,3
BRDA:116,11,0,0
BRDA:116,11,1,0
BRDA:124,12,0,0
BRDA:124,12,1,0
BRDA:151,13,0,0
BRDA:151,13,1,0
BRDA:158,14,0,3
BRDA:158,14,1,0
BRDA:161,15,0,3
BRDA:161,15,1,0
BRDA:161,16,0,3
BRDA:161,16,1,3
BRF:34
BRH:11
end_of_record
TN:
SF:js\carbon-engine.js
FN:10,(anonymous_0)
FN:421,setRegion
FN:430,getGridFactor
FN:441,calcTransport
FN:452,compareTransportModes
FN:454,(anonymous_5)
FN:460,(anonymous_6)
FN:469,calcElectricity
FN:482,calcAppliance
FN:495,calcFoodDelivery
FN:523,calcFlight
FN:555,calcEcommerce
FN:570,calcDigital
FN:581,calcAccommodation
FN:593,identifyEmailCategory
FN:602,(anonymous_15)
FN:621,computeEcoScore
FN:633,getScoreLabel
FN:644,getCatalogs
FNF:19
FNH:19
FNDA:2,(anonymous_0)
FNDA:3,setRegion
FNDA:5,getGridFactor
FNDA:1,calcTransport
FNDA:1,compareTransportModes
FNDA:21,(anonymous_5)
FNDA:70,(anonymous_6)
FNDA:4,calcElectricity
FNDA:3,calcAppliance
FNDA:3,calcFoodDelivery
FNDA:1,calcFlight
FNDA:1,calcEcommerce
FNDA:3,calcDigital
FNDA:1,calcAccommodation
FNDA:2,identifyEmailCategory
FNDA:94,(anonymous_15)
FNDA:14,computeEcoScore
FNDA:14,getScoreLabel
FNDA:1,getCatalogs
DA:10,2
DA:15,2
DA:39,2
DA:66,2
DA:90,2
DA:121,2
DA:147,2
DA:165,2
DA:177,2
DA:338,2
DA:411,2
DA:422,3
DA:423,3
DA:431,5
DA:432,5
DA:442,1
DA:443,1
DA:444,1
DA:453,1
DA:454,21
DA:460,70
DA:470,4
DA:471,4
DA:483,3
DA:484,3
DA:485,3
DA:496,3
DA:497,3
DA:499,3
DA:500,3
DA:501,3
DA:503,3
DA:504,3
DA:524,1
DA:527,1
DA:528,0
DA:529,1
DA:530,1
DA:532,0
DA:534,0
DA:535,0
DA:537,0
DA:538,0
DA:540,0
DA:545,1
DA:546,1
DA:556,1
DA:557,1
DA:558,1
DA:571,3
DA:572,3
DA:582,1
DA:583,1
DA:594,2
DA:595,2
DA:597,2
DA:601,2
DA:602,94
DA:603,43
DA:607,43
DA:608,1
DA:611,1
DA:625,14
DA:626,14
DA:627,14
DA:634,14
DA:635,1
DA:636,1
DA:637,1
DA:638,1
DA:645,1
DA:657,2
DA:681,2
DA:682,2
DA:685,2
DA:686,2
LF:76
LH:69
BRDA:422,0,0,3
BRDA:422,0,1,0
BRDA:431,1,0,5
BRDA:431,1,1,5
BRDA:432,2,0,5
BRDA:432,2,1,0
BRDA:442,3,0,0
BRDA:442,3,1,1
BRDA:443,4,0,1
BRDA:443,4,1,0
BRDA:483,5,0,3
BRDA:483,5,1,1
BRDA:495,6,0,0
BRDA:495,7,0,2
BRDA:496,8,0,3
BRDA:496,8,1,0
BRDA:499,9,0,2
BRDA:499,9,1,1
BRDA:501,10,0,1
BRDA:501,10,1,2
BRDA:523,11,0,0
BRDA:523,12,0,1
BRDA:524,13,0,1
BRDA:524,13,1,0
BRDA:527,14,0,0
BRDA:527,14,1,1
BRDA:529,15,0,1
BRDA:529,15,1,0
BRDA:532,16,0,0
BRDA:532,16,1,0
BRDA:532,16,2,0
BRDA:545,17,0,1
BRDA:545,17,1,0
BRDA:555,18,0,0
BRDA:556,19,0,1
BRDA:556,19,1,1
BRDA:557,20,0,1
BRDA:557,20,1,1
BRDA:571,21,0,3
BRDA:571,21,1,0
BRDA:582,22,0,1
BRDA:582,22,1,1
BRDA:593,23,0,0
BRDA:595,24,0,2
BRDA:595,24,1,0
BRDA:597,25,0,2
BRDA:597,25,1,0
BRDA:603,26,0,2
BRDA:603,26,1,41
BRDA:607,27,0,1
BRDA:607,27,1,42
BRDA:607,28,0,43
BRDA:607,28,1,1
BRDA:634,29,0,13
BRDA:634,29,1,1
BRDA:635,30,0,0
BRDA:635,30,1,1
BRDA:636,31,0,0
BRDA:636,31,1,1
BRDA:637,32,0,0
BRDA:637,32,1,1
BRDA:681,33,0,2
BRDA:681,33,1,0
BRDA:685,34,0,2
BRDA:685,34,1,0
BRDA:685,35,0,2
BRDA:685,35,1,2
BRF:67
BRH:43
end_of_record
TN:
SF:js\charts.js
FN:7,(anonymous_0)
FN:39,_destroy
FN:51,drawScoreRing
FN:85,drawWeeklyChart
FN:90,(anonymous_4)
FN:91,(anonymous_5)
FN:102,(anonymous_6)
FN:105,(anonymous_7)
FN:124,(anonymous_8)
FN:135,(anonymous_9)
FN:148,drawCategoryChart
FN:153,(anonymous_11)
FN:159,(anonymous_12)
FN:162,(anonymous_13)
FN:163,(anonymous_14)
FN:187,(anonymous_15)
FN:188,(anonymous_16)
FN:202,drawRouteChart
FN:213,(anonymous_18)
FN:217,(anonymous_19)
FN:218,(anonymous_20)
FN:221,(anonymous_21)
FN:242,(anonymous_22)
FN:249,(anonymous_23)
FNF:24
FNH:6
FNDA:3,(anonymous_0)
FNDA:24,_destroy
FNDA:6,drawScoreRing
FNDA:6,drawWeeklyChart
FNDA:0,(anonymous_4)
FNDA:0,(anonymous_5)
FNDA:0,(anonymous_6)
FNDA:0,(anonymous_7)
FNDA:0,(anonymous_8)
FNDA:0,(anonymous_9)
FNDA:6,drawCategoryChart
FNDA:0,(anonymous_11)
FNDA:0,(anonymous_12)
FNDA:0,(anonymous_13)
FNDA:0,(anonymous_14)
FNDA:0,(anonymous_15)
FNDA:0,(anonymous_16)
FNDA:6,drawRouteChart
FNDA:0,(anonymous_18)
FNDA:0,(anonymous_19)
FNDA:0,(anonymous_20)
FNDA:0,(anonymous_21)
FNDA:0,(anonymous_22)
FNDA:0,(anonymous_23)
DA:7,3
DA:8,3
DA:10,3
DA:25,3
DA:40,24
DA:41,0
DA:42,0
DA:52,6
DA:53,6
DA:54,6
DA:56,0
DA:57,0
DA:59,0
DA:86,6
DA:87,6
DA:88,6
DA:90,0
DA:91,0
DA:92,0
DA:94,0
DA:103,0
DA:105,0
DA:124,0
DA:135,0
DA:149,6
DA:150,6
DA:151,6
DA:153,0
DA:154,0
DA:156,0
DA:159,0
DA:162,0
DA:163,0
DA:188,0
DA:203,6
DA:204,6
DA:205,6
DA:208,0
DA:210,0
DA:213,0
DA:217,0
DA:219,0
DA:222,0
DA:242,0
DA:249,0
DA:258,3
DA:268,3
DA:269,3
DA:271,3
DA:272,3
LF:50
LH:22
BRDA:40,0,0,0
BRDA:40,0,1,24
BRDA:54,1,0,6
BRDA:54,1,1,0
BRDA:88,2,0,6
BRDA:88,2,1,0
BRDA:103,3,0,0
BRDA:103,3,1,0
BRDA:105,4,0,0
BRDA:105,4,1,0
BRDA:151,5,0,6
BRDA:151,5,1,0
BRDA:154,6,0,0
BRDA:154,6,1,0
BRDA:159,7,0,0
BRDA:159,7,1,0
BRDA:163,8,0,0
BRDA:163,8,1,0
BRDA:205,9,0,6
BRDA:205,9,1,0
BRDA:219,10,0,0
BRDA:219,10,1,0
BRDA:222,11,0,0
BRDA:222,11,1,0
BRDA:268,12,0,3
BRDA:268,12,1,0
BRDA:271,13,0,3
BRDA:271,13,1,0
BRDA:271,14,0,3
BRDA:271,14,1,3
BRF:30
BRH:9
end_of_record
TN:
SF:js\gemini-client.js
FN:9,(anonymous_0)
FN:18,_generate
FN:40,(anonymous_2)
FN:52,(anonymous_3)
FN:68,(anonymous_4)
FN:76,_toBase64
FN:77,(anonymous_6)
FN:79,(anonymous_7)
FN:94,analyzeReceipt
FN:139,analyzeElectricityBill
FN:186,generateWeeklyInsight
FN:224,generateGoals
FN:262,_demoReceiptResult
FN:275,_demoBillResult
FN:286,_demoInsight
FN:303,_demoGoals
FNF:16
FNH:7
FNDA:3,(anonymous_0)
FNDA:0,_generate
FNDA:0,(anonymous_2)
FNDA:0,(anonymous_3)
FNDA:0,(anonymous_4)
FNDA:0,_toBase64
FNDA:0,(anonymous_6)
FNDA:0,(anonymous_7)
FNDA:7,analyzeReceipt
FNDA:7,analyzeElectricityBill
FNDA:7,generateWeeklyInsight
FNDA:8,generateGoals
FNDA:0,_demoReceiptResult
FNDA:0,_demoBillResult
FNDA:7,_demoInsight
FNDA:8,_demoGoals
DA:9,3
DA:10,3
DA:11,3
DA:19,0
DA:20,0
DA:21,0
DA:24,0
DA:25,0
DA:30,0
DA:31,0
DA:32,0
DA:33,0
DA:39,0
DA:40,0
DA:41,0
DA:43,0
DA:44,0
DA:46,0
DA:48,0
DA:49,0
DA:50,0
DA:51,0
DA:52,0
DA:53,0
DA:55,0
DA:57,0
DA:60,0
DA:61,0
DA:63,0
DA:64,0
DA:66,0
DA:67,0
DA:68,0
DA:77,0
DA:78,0
DA:79,0
DA:80,0
DA:81,0
DA:95,7
DA:96,7
DA:97,7
DA:98,7
DA:99,7
DA:102,0
DA:103,0
DA:122,0
DA:123,0
DA:127,0
DA:129,0
DA:130,0
DA:140,7
DA:141,7
DA:142,7
DA:143,7
DA:144,7
DA:147,0
DA:148,0
DA:169,0
DA:170,0
DA:174,0
DA:176,0
DA:177,0
DA:187,7
DA:188,7
DA:189,7
DA:192,0
DA:193,0
DA:195,0
DA:211,0
DA:212,0
DA:214,0
DA:215,0
DA:225,8
DA:226,8
DA:227,8
DA:230,0
DA:249,0
DA:250,0
DA:251,0
DA:253,0
DA:254,0
DA:263,0
DA:276,0
DA:287,7
DA:288,5
DA:300,5
DA:304,8
DA:329,3
DA:332,3
DA:333,3
DA:335,3
DA:336,3
LF:92
LH:28
BRDA:18,0,0,0
BRDA:20,1,0,0
BRDA:20,1,1,0
BRDA:20,2,0,0
BRDA:20,2,1,0
BRDA:20,2,2,0
BRDA:20,2,3,0
BRDA:39,3,0,0
BRDA:39,3,1,0
BRDA:41,4,0,0
BRDA:41,4,1,0
BRDA:43,5,0,0
BRDA:43,5,1,0
BRDA:46,6,0,0
BRDA:46,6,1,0
BRDA:48,7,0,0
BRDA:48,7,1,0
BRDA:61,8,0,0
BRDA:61,8,1,0
BRDA:63,9,0,0
BRDA:63,9,1,0
BRDA:63,10,0,0
BRDA:63,10,1,0
BRDA:66,11,0,0
BRDA:66,11,1,0
BRDA:96,12,0,0
BRDA:96,12,1,7
BRDA:97,13,0,7
BRDA:97,13,1,0
BRDA:125,14,0,0
BRDA:125,14,1,0
BRDA:141,15,0,0
BRDA:141,15,1,7
BRDA:142,16,0,7
BRDA:142,16,1,0
BRDA:172,17,0,0
BRDA:172,17,1,0
BRDA:188,18,0,7
BRDA:188,18,1,0
BRDA:188,19,0,7
BRDA:188,19,1,7
BRDA:193,20,0,0
BRDA:193,20,1,0
BRDA:197,21,0,0
BRDA:197,21,1,0
BRDA:202,22,0,0
BRDA:202,22,1,0
BRDA:202,23,0,0
BRDA:202,23,1,0
BRDA:226,24,0,8
BRDA:226,24,1,0
BRDA:226,25,0,8
BRDA:226,25,1,8
BRDA:232,26,0,0
BRDA:232,26,1,0
BRDA:233,27,0,0
BRDA:233,27,1,0
BRDA:287,28,0,7
BRDA:287,28,1,5
BRDA:300,29,0,5
BRDA:300,29,1,5
BRDA:332,30,0,3
BRDA:332,30,1,0
BRDA:335,31,0,3
BRDA:335,31,1,0
BRDA:335,32,0,3
BRDA:335,32,1,3
BRF:67
BRH:18
end_of_record
TN:
SF:js\gmail-parser.js
FN:11,(anonymous_0)
FN:34,sync
FN:88,_buildSearchQuery
FN:135,(anonymous_3)
FN:139,_searchMessages
FN:153,(anonymous_5)
FN:160,_batchFetch
FN:164,(anonymous_7)
FN:171,(anonymous_8)
FN:172,(anonymous_9)
FN:180,_getHeader
FN:181,(anonymous_11)
FN:184,_parseDate
FN:193,_truncate
FN:197,_deduplicate
FN:199,(anonymous_15)
FN:210,_demoResults
FN:212,(anonymous_17)
FNF:18
FNH:7
FNDA:3,(anonymous_0)
FNDA:7,sync
FNDA:5,_buildSearchQuery
FNDA:145,(anonymous_3)
FNDA:5,_searchMessages
FNDA:0,(anonymous_5)
FNDA:0,_batchFetch
FNDA:0,(anonymous_7)
FNDA:0,(anonymous_8)
FNDA:0,(anonymous_9)
FNDA:0,_getHeader
FNDA:0,(anonymous_11)
FNDA:0,_parseDate
FNDA:0,_truncate
FNDA:0,_deduplicate
FNDA:0,(anonymous_15)
FNDA:2,_demoResults
FNDA:28,(anonymous_17)
DA:11,3
DA:12,3
DA:15,3
DA:35,7
DA:36,2
DA:39,5
DA:41,5
DA:42,5
DA:44,1
DA:47,0
DA:48,0
DA:50,0
DA:51,0
DA:52,0
DA:53,0
DA:54,0
DA:56,0
DA:57,0
DA:59,0
DA:60,0
DA:62,0
DA:77,0
DA:79,4
DA:80,4
DA:90,5
DA:119,5
DA:134,5
DA:135,145
DA:136,5
DA:140,5
DA:141,5
DA:143,5
DA:144,5
DA:145,5
DA:146,5
DA:147,5
DA:149,5
DA:150,1
DA:152,1
DA:153,1
DA:154,1
DA:157,1
DA:161,0
DA:162,0
DA:163,0
DA:164,0
DA:165,0
DA:171,0
DA:172,0
DA:174,0
DA:175,0
DA:177,0
DA:181,0
DA:185,0
DA:186,0
DA:187,0
DA:189,0
DA:194,0
DA:198,0
DA:199,0
DA:200,0
DA:201,0
DA:202,0
DA:203,0
DA:211,2
DA:212,2
DA:213,28
DA:214,28
DA:215,28
DA:218,2
DA:376,3
DA:379,3
DA:380,3
DA:382,3
DA:383,3
LF:75
LH:40
BRDA:34,0,0,6
BRDA:34,1,0,6
BRDA:35,2,0,2
BRDA:35,2,1,5
BRDA:35,3,0,7
BRDA:35,3,1,5
BRDA:44,4,0,1
BRDA:44,4,1,0
BRDA:51,5,0,0
BRDA:51,5,1,0
BRDA:52,6,0,0
BRDA:52,6,1,0
BRDA:53,7,0,0
BRDA:53,7,1,0
BRDA:57,8,0,0
BRDA:57,8,1,0
BRDA:66,9,0,0
BRDA:66,9,1,0
BRDA:67,10,0,0
BRDA:67,10,1,0
BRDA:71,11,0,0
BRDA:71,11,1,0
BRDA:119,12,0,1
BRDA:119,12,1,4
BRDA:147,13,0,0
BRDA:147,13,1,5
BRDA:150,14,0,0
BRDA:150,14,1,1
BRDA:153,15,0,1
BRDA:153,15,1,1
BRDA:154,16,0,1
BRDA:154,16,1,1
BRDA:155,17,0,1
BRDA:155,17,1,0
BRDA:185,18,0,0
BRDA:185,18,1,0
BRDA:194,19,0,0
BRDA:194,19,1,0
BRDA:201,20,0,0
BRDA:201,20,1,0
BRDA:379,21,0,3
BRDA:379,21,1,0
BRDA:382,22,0,3
BRDA:382,22,1,0
BRDA:382,23,0,3
BRDA:382,23,1,3
BRF:46
BRH:20
end_of_record
TN:
SF:js\maps-carbon.js
FN:8,(anonymous_0)
FN:15,init
FN:30,(anonymous_2)
FN:43,setupAutocomplete
FN:59,calcRouteCO2
FN:65,(anonymous_5)
FN:72,(anonymous_6)
FN:97,(anonymous_7)
FN:98,(anonymous_8)
FN:112,_demoRouteResult
FN:125,(anonymous_10)
FN:126,(anonymous_11)
FNF:12
FNH:5
FNDA:3,(anonymous_0)
FNDA:8,init
FNDA:0,(anonymous_2)
FNDA:7,setupAutocomplete
FNDA:7,calcRouteCO2
FNDA:0,(anonymous_5)
FNDA:0,(anonymous_6)
FNDA:0,(anonymous_7)
FNDA:0,(anonymous_8)
FNDA:7,_demoRouteResult
FNDA:0,(anonymous_10)
FNDA:0,(anonymous_11)
DA:8,3
DA:9,3
DA:10,3
DA:16,8
DA:17,8
DA:18,8
DA:19,8
DA:22,0
DA:23,0
DA:26,0
DA:27,0
DA:28,0
DA:29,0
DA:30,0
DA:31,0
DA:32,0
DA:34,0
DA:44,7
DA:45,0
DA:49,0
DA:50,0
DA:60,7
DA:62,7
DA:65,0
DA:66,0
DA:73,0
DA:74,0
DA:75,0
DA:77,0
DA:78,0
DA:79,0
DA:82,0
DA:83,0
DA:84,0
DA:86,0
DA:87,0
DA:88,0
DA:90,0
DA:98,0
DA:99,0
DA:101,0
DA:113,7
DA:114,7
DA:115,0
DA:116,0
DA:118,0
DA:126,0
DA:127,0
DA:128,0
DA:133,3
DA:136,3
DA:137,3
DA:139,3
DA:140,3
LF:54
LH:17
BRDA:17,0,0,8
BRDA:17,0,1,0
BRDA:17,1,0,8
BRDA:17,1,1,0
BRDA:17,1,2,0
BRDA:17,1,3,0
BRDA:22,2,0,0
BRDA:22,2,1,0
BRDA:43,3,0,6
BRDA:44,4,0,7
BRDA:44,4,1,0
BRDA:46,5,0,0
BRDA:46,5,1,0
BRDA:60,6,0,7
BRDA:60,6,1,0
BRDA:73,7,0,0
BRDA:73,7,1,0
BRDA:77,8,0,0
BRDA:77,8,1,0
BRDA:87,9,0,0
BRDA:87,9,1,0
BRDA:88,10,0,0
BRDA:88,10,1,0
BRDA:98,11,0,0
BRDA:98,11,1,0
BRDA:115,12,0,0
BRDA:115,12,1,0
BRDA:116,13,0,0
BRDA:116,13,1,0
BRDA:121,14,0,0
BRDA:121,14,1,0
BRDA:122,15,0,0
BRDA:122,15,1,0
BRDA:126,16,0,0
BRDA:126,16,1,0
BRDA:136,17,0,3
BRDA:136,17,1,0
BRDA:139,18,0,3
BRDA:139,18,1,0
BRDA:139,19,0,3
BRDA:139,19,1,3
BRF:41
BRH:9
end_of_record
TN:
SF:js\storage.js
FN:8,(anonymous_0)
FN:11,_key
FN:18,set
FN:29,get
FN:41,remove
FN:48,clear
FN:54,(anonymous_6)
FN:55,(anonymous_7)
FN:66,addEntry
FN:86,getEntries
FN:89,(anonymous_10)
FN:98,deleteEntry
FN:99,(anonymous_12)
FN:106,summarize
FN:121,getLast7Days
FN:128,(anonymous_15)
FN:141,getLast4Weeks
FN:151,(anonymous_17)
FN:161,getSettings
FN:174,saveSettings
FN:183,updateStreak
FNF:21
FNH:21
FNDA:2,(anonymous_0)
FNDA:174,_key
FNDA:15,set
FNDA:158,get
FNDA:1,remove
FNDA:2,clear
FNDA:5,(anonymous_6)
FNDA:1,(anonymous_7)
FNDA:8,addEntry
FNDA:121,getEntries
FNDA:299,(anonymous_10)
FNDA:1,deleteEntry
FNDA:2,(anonymous_12)
FNDA:15,summarize
FNDA:14,getLast7Days
FNDA:37,(anonymous_15)
FNDA:1,getLast4Weeks
FNDA:1,(anonymous_17)
FNDA:26,getSettings
FNDA:5,saveSettings
FNDA:2,updateStreak
DA:8,2
DA:9,2
DA:12,174
DA:19,15
DA:20,15
DA:22,0
DA:30,158
DA:31,158
DA:32,158
DA:34,0
DA:42,1
DA:49,2
DA:50,0
DA:51,0
DA:53,2
DA:54,5
DA:55,1
DA:67,8
DA:68,8
DA:77,8
DA:78,8
DA:79,8
DA:80,8
DA:87,121
DA:88,121
DA:89,116
DA:90,299
DA:91,299
DA:99,2
DA:100,1
DA:107,15
DA:108,15
DA:109,15
DA:110,15
DA:111,37
DA:112,37
DA:113,37
DA:115,15
DA:122,14
DA:123,14
DA:124,98
DA:125,98
DA:126,98
DA:127,98
DA:128,98
DA:129,98
DA:135,14
DA:142,1
DA:143,1
DA:144,4
DA:145,4
DA:146,4
DA:147,4
DA:148,4
DA:149,4
DA:150,4
DA:151,4
DA:152,4
DA:154,1
DA:162,26
DA:175,5
DA:176,5
DA:184,2
DA:185,2
DA:186,2
DA:188,2
DA:189,0
DA:190,2
DA:191,2
DA:195,2
DA:213,2
DA:214,2
DA:217,2
DA:218,2
LF:74
LH:69
BRDA:29,0,0,2
BRDA:32,1,0,116
BRDA:32,1,1,42
BRDA:49,2,0,0
BRDA:49,2,1,2
BRDA:71,3,0,8
BRDA:71,3,1,8
BRDA:74,4,0,8
BRDA:74,4,1,0
BRDA:75,5,0,8
BRDA:75,5,1,8
BRDA:77,6,0,0
BRDA:77,6,1,8
BRDA:77,7,0,8
BRDA:77,7,1,8
BRDA:86,8,0,4
BRDA:88,9,0,5
BRDA:88,9,1,116
BRDA:88,10,0,121
BRDA:88,10,1,5
BRDA:91,11,0,299
BRDA:91,11,1,299
BRDA:91,11,2,299
BRDA:91,11,3,299
BRDA:106,12,0,1
BRDA:111,13,0,37
BRDA:111,13,1,0
BRDA:112,14,0,37
BRDA:112,14,1,31
BRDA:188,15,0,0
BRDA:188,15,1,2
BRDA:189,16,0,0
BRDA:189,16,1,0
BRDA:190,17,0,2
BRDA:190,17,1,0
BRDA:213,18,0,2
BRDA:213,18,1,0
BRDA:217,19,0,2
BRDA:217,19,1,0
BRDA:217,20,0,2
BRDA:217,20,1,2
BRF:41
BRH:31
end_of_record
