TN:
SF:js\carbon-engine.js
FN:10,(anonymous_0)
FN:421,setRegion
FN:430,getGridFactor
FN:441,calcTransport
FN:452,compareTransportModes
FN:454,(anonymous_5)
FN:460,(anonymous_6)
FN:469,calcElectricity
FN:482,calcAppliance
FN:495,calcFoodDelivery
FN:523,calcFlight
FN:555,calcEcommerce
FN:570,calcDigital
FN:581,calcAccommodation
FN:593,identifyEmailCategory
FN:602,(anonymous_15)
FN:621,computeEcoScore
FN:633,getScoreLabel
FN:644,getCatalogs
FNF:19
FNH:19
FNDA:1,(anonymous_0)
FNDA:1,setRegion
FNDA:3,getGridFactor
FNDA:1,calcTransport
FNDA:1,compareTransportModes
FNDA:21,(anonymous_5)
FNDA:70,(anonymous_6)
FNDA:2,calcElectricity
FNDA:1,calcAppliance
FNDA:1,calcFoodDelivery
FNDA:1,calcFlight
FNDA:1,calcEcommerce
FNDA:1,calcDigital
FNDA:1,calcAccommodation
FNDA:2,identifyEmailCategory
FNDA:94,(anonymous_15)
FNDA:1,computeEcoScore
FNDA:1,getScoreLabel
FNDA:1,getCatalogs
DA:10,1
DA:15,1
DA:39,1
DA:66,1
DA:90,1
DA:121,1
DA:147,1
DA:165,1
DA:177,1
DA:338,1
DA:411,1
DA:422,1
DA:423,1
DA:431,3
DA:432,3
DA:442,1
DA:443,1
DA:444,1
DA:453,1
DA:454,21
DA:460,70
DA:470,2
DA:471,2
DA:483,1
DA:484,1
DA:485,1
DA:496,1
DA:497,1
DA:499,1
DA:500,1
DA:501,1
DA:503,1
DA:504,1
DA:524,1
DA:527,1
DA:528,0
DA:529,1
DA:530,1
DA:532,0
DA:534,0
DA:535,0
DA:537,0
DA:538,0
DA:540,0
DA:545,1
DA:546,1
DA:556,1
DA:557,1
DA:558,1
DA:571,1
DA:572,1
DA:582,1
DA:583,1
DA:594,2
DA:595,2
DA:597,2
DA:601,2
DA:602,94
DA:603,43
DA:607,43
DA:608,1
DA:611,1
DA:625,1
DA:626,1
DA:627,1
DA:634,1
DA:635,1
DA:636,1
DA:637,1
DA:638,1
DA:645,1
DA:657,1
DA:681,1
DA:682,1
DA:685,1
DA:686,1
LF:76
LH:69
BRDA:422,0,0,1
BRDA:422,0,1,0
BRDA:431,1,0,3
BRDA:431,1,1,3
BRDA:432,2,0,3
BRDA:432,2,1,0
BRDA:442,3,0,0
BRDA:442,3,1,1
BRDA:443,4,0,1
BRDA:443,4,1,0
BRDA:483,5,0,1
BRDA:483,5,1,1
BRDA:495,6,0,0
BRDA:495,7,0,0
BRDA:496,8,0,1
BRDA:496,8,1,0
BRDA:499,9,0,0
BRDA:499,9,1,1
BRDA:501,10,0,1
BRDA:501,10,1,0
BRDA:523,11,0,0
BRDA:523,12,0,1
BRDA:524,13,0,1
BRDA:524,13,1,0
BRDA:527,14,0,0
BRDA:527,14,1,1
BRDA:529,15,0,1
BRDA:529,15,1,0
BRDA:532,16,0,0
BRDA:532,16,1,0
BRDA:532,16,2,0
BRDA:545,17,0,1
BRDA:545,17,1,0
BRDA:555,18,0,0
BRDA:556,19,0,1
BRDA:556,19,1,1
BRDA:557,20,0,1
BRDA:557,20,1,1
BRDA:571,21,0,1
BRDA:571,21,1,0
BRDA:582,22,0,1
BRDA:582,22,1,1
BRDA:593,23,0,0
BRDA:595,24,0,2
BRDA:595,24,1,0
BRDA:597,25,0,2
BRDA:597,25,1,0
BRDA:603,26,0,2
BRDA:603,26,1,41
BRDA:607,27,0,1
BRDA:607,27,1,42
BRDA:607,28,0,43
BRDA:607,28,1,1
BRDA:634,29,0,0
BRDA:634,29,1,1
BRDA:635,30,0,0
BRDA:635,30,1,1
BRDA:636,31,0,0
BRDA:636,31,1,1
BRDA:637,32,0,0
BRDA:637,32,1,1
BRDA:681,33,0,1
BRDA:681,33,1,0
BRDA:685,34,0,1
BRDA:685,34,1,0
BRDA:685,35,0,1
BRDA:685,35,1,1
BRF:67
BRH:39
end_of_record
TN:
SF:js\storage.js
FN:8,(anonymous_0)
FN:11,_key
FN:18,set
FN:29,get
FN:41,remove
FN:48,clear
FN:54,(anonymous_6)
FN:55,(anonymous_7)
FN:66,addEntry
FN:86,getEntries
FN:89,(anonymous_10)
FN:98,deleteEntry
FN:99,(anonymous_12)
FN:106,summarize
FN:121,getLast7Days
FN:128,(anonymous_15)
FN:141,getLast4Weeks
FN:151,(anonymous_17)
FN:161,getSettings
FN:174,saveSettings
FN:183,updateStreak
FNF:21
FNH:20
FNDA:1,(anonymous_0)
FNDA:31,_key
FNDA:6,set
FNDA:24,get
FNDA:1,remove
FNDA:1,clear
FNDA:4,(anonymous_6)
FNDA:0,(anonymous_7)
FNDA:2,addEntry
FNDA:14,getEntries
FNDA:11,(anonymous_10)
FNDA:1,deleteEntry
FNDA:2,(anonymous_12)
FNDA:1,summarize
FNDA:1,getLast7Days
FNDA:1,(anonymous_15)
FNDA:1,getLast4Weeks
FNDA:1,(anonymous_17)
FNDA:5,getSettings
FNDA:2,saveSettings
FNDA:1,updateStreak
DA:8,1
DA:9,1
DA:12,31
DA:19,6
DA:20,6
DA:22,0
DA:30,24
DA:31,24
DA:32,24
DA:34,0
DA:42,1
DA:49,1
DA:50,0
DA:51,0
DA:53,1
DA:54,4
DA:55,0
DA:67,2
DA:68,2
DA:77,2
DA:78,2
DA:79,2
DA:80,2
DA:87,14
DA:88,14
DA:89,11
DA:90,11
DA:91,11
DA:99,2
DA:100,1
DA:107,1
DA:108,1
DA:109,1
DA:110,1
DA:111,1
DA:112,1
DA:113,1
DA:115,1
DA:122,1
DA:123,1
DA:124,7
DA:125,7
DA:126,7
DA:127,7
DA:128,7
DA:129,7
DA:135,1
DA:142,1
DA:143,1
DA:144,4
DA:145,4
DA:146,4
DA:147,4
DA:148,4
DA:149,4
DA:150,4
DA:151,4
DA:152,4
DA:154,1
DA:162,5
DA:175,2
DA:176,2
DA:184,1
DA:185,1
DA:186,1
DA:188,1
DA:189,0
DA:190,1
DA:191,1
DA:195,1
DA:213,1
DA:214,1
DA:217,1
DA:218,1
LF:74
LH:68
BRDA:29,0,0,2
BRDA:32,1,0,19
BRDA:32,1,1,5
BRDA:49,2,0,0
BRDA:49,2,1,1
BRDA:71,3,0,2
BRDA:71,3,1,2
BRDA:74,4,0,2
BRDA:74,4,1,0
BRDA:75,5,0,2
BRDA:75,5,1,2
BRDA:77,6,0,0
BRDA:77,6,1,2
BRDA:77,7,0,2
BRDA:77,7,1,2
BRDA:86,8,0,2
BRDA:88,9,0,3
BRDA:88,9,1,11
BRDA:88,10,0,14
BRDA:88,10,1,3
BRDA:91,11,0,11
BRDA:91,11,1,11
BRDA:91,11,2,11
BRDA:91,11,3,11
BRDA:106,12,0,1
BRDA:111,13,0,1
BRDA:111,13,1,0
BRDA:112,14,0,1
BRDA:112,14,1,1
BRDA:188,15,0,0
BRDA:188,15,1,1
BRDA:189,16,0,0
BRDA:189,16,1,0
BRDA:190,17,0,1
BRDA:190,17,1,0
BRDA:213,18,0,1
BRDA:213,18,1,0
BRDA:217,19,0,1
BRDA:217,19,1,0
BRDA:217,20,0,1
BRDA:217,20,1,1
BRF:41
BRH:31
end_of_record
